2023-06-17 10:05:53 [main] [,] INFO   c.m.d.e.q.s.ElasticQueryServiceApplication - Starting ElasticQueryServiceApplication using Java 11.0.19 on rihiroshis-MacBook-Air.local with PID 16739 (/Users/lipuhung/Documents/Udemy/Master-event-driven-microservices/self-practice/microservices-demo/elastic-query-service/target/classes started by lipuhung in /Users/lipuhung/Documents/Udemy/Master-event-driven-microservices/self-practice/microservices-demo)
2023-06-17 10:05:53 [main] [,] INFO   c.m.d.e.q.s.ElasticQueryServiceApplication - The following 1 profile is active: "elastic_query"
2023-06-17 10:05:53 [main] [,] INFO   o.s.c.c.c.ConfigServerConfigDataLoader - Fetching config from server at : http://localhost:8888
2023-06-17 10:05:53 [main] [,] INFO   o.s.c.c.c.ConfigServerConfigDataLoader - Located environment: name=elastic-query-service,config-client, profiles=[elastic_query], label=null, version=1de6ff823791865824ebbe1a84056a8b05335215, state=null
2023-06-17 10:05:54 [main] [,] INFO   o.s.d.r.c.RepositoryConfigurationDelegate - Bootstrapping Spring Data Elasticsearch repositories in DEFAULT mode.
2023-06-17 10:05:54 [main] [,] INFO   o.s.d.r.c.RepositoryConfigurationDelegate - Finished Spring Data repository scanning in 50 ms. Found 1 Elasticsearch repository interfaces.
2023-06-17 10:05:54 [main] [,] INFO   o.s.d.r.c.RepositoryConfigurationDelegate - Bootstrapping Spring Data Reactive Elasticsearch repositories in DEFAULT mode.
2023-06-17 10:05:54 [main] [,] INFO   o.s.d.r.c.RepositoryConfigurationDelegate - Finished Spring Data repository scanning in 1 ms. Found 0 Reactive Elasticsearch repository interfaces.
2023-06-17 10:05:54 [main] [,] INFO   o.s.cloud.context.scope.GenericScope - BeanFactory id=ff9c419f-6dbc-39cf-aa9d-2f9b633b8b1b
2023-06-17 10:05:54 [main] [,] INFO   o.s.b.w.e.tomcat.TomcatWebServer - Tomcat initialized with port(s): 8183 (http)
2023-06-17 10:05:54 [main] [,] INFO   o.a.coyote.http11.Http11NioProtocol - Initializing ProtocolHandler ["http-nio-8183"]
2023-06-17 10:05:54 [main] [,] INFO   o.a.catalina.core.StandardService - Starting service [Tomcat]
2023-06-17 10:05:54 [main] [,] INFO   o.a.catalina.core.StandardEngine - Starting Servlet engine: [Apache Tomcat/9.0.68]
2023-06-17 10:05:54 [main] [,] INFO   o.a.c.c.C.[.[.[/elastic-query-service] - Initializing Spring embedded WebApplicationContext
2023-06-17 10:05:54 [main] [,] INFO   o.s.b.w.s.c.ServletWebServerApplicationContext - Root WebApplicationContext: initialization completed in 1193 ms
2023-06-17 10:05:55 [main] [,] WARN   o.s.b.w.s.c.AnnotationConfigServletWebServerApplicationContext - Exception encountered during context initialization - cancelling refresh attempt: org.springframework.beans.factory.UnsatisfiedDependencyException: Error creating bean with name 'twitterElasticRepositoryQueryClient' defined in file [/Users/lipuhung/Documents/Udemy/Master-event-driven-microservices/self-practice/microservices-demo/elastic/elastic-query-client/target/classes/com/microservices/demo/elastic/query/client/service/impl/TwitterElasticRepositoryQueryClient.class]: Unsatisfied dependency expressed through constructor parameter 0; nested exception is org.springframework.beans.factory.BeanCreationException: Error creating bean with name 'twitterElasticsearchQueryRepository' defined in com.microservices.demo.elastic.query.client.repository.TwitterElasticsearchQueryRepository defined in @EnableElasticsearchRepositories declared on ElasticsearchConfig: Invocation of init method failed; nested exception is org.springframework.beans.BeanInstantiationException: Failed to instantiate [org.springframework.data.elasticsearch.repository.support.SimpleElasticsearchRepository]: Constructor threw exception; nested exception is org.springframework.data.elasticsearch.UncategorizedElasticsearchException: java.util.concurrent.ExecutionException: java.net.ConnectException: Connection refused; nested exception is ElasticsearchException[java.util.concurrent.ExecutionException: java.net.ConnectException: Connection refused]; nested: ExecutionException[java.net.ConnectException: Connection refused]; nested: ConnectException[Connection refused];
2023-06-17 10:05:56 [main] [,] INFO   o.a.catalina.core.StandardService - Stopping service [Tomcat]
2023-06-17 10:05:56 [main] [,] INFO   o.s.b.a.l.ConditionEvaluationReportLoggingListener - 

Error starting ApplicationContext. To display the conditions report re-run your application with 'debug' enabled.
2023-06-17 10:05:56 [main] [,] ERROR  o.s.boot.SpringApplication - Application run failed
org.springframework.beans.factory.UnsatisfiedDependencyException: Error creating bean with name 'twitterElasticRepositoryQueryClient' defined in file [/Users/lipuhung/Documents/Udemy/Master-event-driven-microservices/self-practice/microservices-demo/elastic/elastic-query-client/target/classes/com/microservices/demo/elastic/query/client/service/impl/TwitterElasticRepositoryQueryClient.class]: Unsatisfied dependency expressed through constructor parameter 0; nested exception is org.springframework.beans.factory.BeanCreationException: Error creating bean with name 'twitterElasticsearchQueryRepository' defined in com.microservices.demo.elastic.query.client.repository.TwitterElasticsearchQueryRepository defined in @EnableElasticsearchRepositories declared on ElasticsearchConfig: Invocation of init method failed; nested exception is org.springframework.beans.BeanInstantiationException: Failed to instantiate [org.springframework.data.elasticsearch.repository.support.SimpleElasticsearchRepository]: Constructor threw exception; nested exception is org.springframework.data.elasticsearch.UncategorizedElasticsearchException: java.util.concurrent.ExecutionException: java.net.ConnectException: Connection refused; nested exception is ElasticsearchException[java.util.concurrent.ExecutionException: java.net.ConnectException: Connection refused]; nested: ExecutionException[java.net.ConnectException: Connection refused]; nested: ConnectException[Connection refused];
	at org.springframework.beans.factory.support.ConstructorResolver.createArgumentArray(ConstructorResolver.java:800)
	at org.springframework.beans.factory.support.ConstructorResolver.autowireConstructor(ConstructorResolver.java:229)
	at org.springframework.beans.factory.support.AbstractAutowireCapableBeanFactory.autowireConstructor(AbstractAutowireCapableBeanFactory.java:1372)
	at org.springframework.beans.factory.support.AbstractAutowireCapableBeanFactory.createBeanInstance(AbstractAutowireCapableBeanFactory.java:1222)
	at org.springframework.beans.factory.support.AbstractAutowireCapableBeanFactory.doCreateBean(AbstractAutowireCapableBeanFactory.java:582)
	at org.springframework.beans.factory.support.AbstractAutowireCapableBeanFactory.createBean(AbstractAutowireCapableBeanFactory.java:542)
	at org.springframework.beans.factory.support.AbstractBeanFactory.lambda$doGetBean$0(AbstractBeanFactory.java:335)
	at org.springframework.beans.factory.support.DefaultSingletonBeanRegistry.getSingleton(DefaultSingletonBeanRegistry.java:234)
	at org.springframework.beans.factory.support.AbstractBeanFactory.doGetBean(AbstractBeanFactory.java:333)
	at org.springframework.beans.factory.support.AbstractBeanFactory.getBean(AbstractBeanFactory.java:208)
	at org.springframework.beans.factory.support.DefaultListableBeanFactory.preInstantiateSingletons(DefaultListableBeanFactory.java:955)
	at org.springframework.context.support.AbstractApplicationContext.finishBeanFactoryInitialization(AbstractApplicationContext.java:918)
	at org.springframework.context.support.AbstractApplicationContext.refresh(AbstractApplicationContext.java:583)
	at org.springframework.boot.web.servlet.context.ServletWebServerApplicationContext.refresh(ServletWebServerApplicationContext.java:147)
	at org.springframework.boot.SpringApplication.refresh(SpringApplication.java:734)
	at org.springframework.boot.SpringApplication.refreshContext(SpringApplication.java:408)
	at org.springframework.boot.SpringApplication.run(SpringApplication.java:308)
	at org.springframework.boot.SpringApplication.run(SpringApplication.java:1306)
	at org.springframework.boot.SpringApplication.run(SpringApplication.java:1295)
	at com.microservices.demo.elastic.query.service.ElasticQueryServiceApplication.main(ElasticQueryServiceApplication.java:11)
Caused by: org.springframework.beans.factory.BeanCreationException: Error creating bean with name 'twitterElasticsearchQueryRepository' defined in com.microservices.demo.elastic.query.client.repository.TwitterElasticsearchQueryRepository defined in @EnableElasticsearchRepositories declared on ElasticsearchConfig: Invocation of init method failed; nested exception is org.springframework.beans.BeanInstantiationException: Failed to instantiate [org.springframework.data.elasticsearch.repository.support.SimpleElasticsearchRepository]: Constructor threw exception; nested exception is org.springframework.data.elasticsearch.UncategorizedElasticsearchException: java.util.concurrent.ExecutionException: java.net.ConnectException: Connection refused; nested exception is ElasticsearchException[java.util.concurrent.ExecutionException: java.net.ConnectException: Connection refused]; nested: ExecutionException[java.net.ConnectException: Connection refused]; nested: ConnectException[Connection refused];
	at org.springframework.beans.factory.support.AbstractAutowireCapableBeanFactory.initializeBean(AbstractAutowireCapableBeanFactory.java:1804)
	at org.springframework.beans.factory.support.AbstractAutowireCapableBeanFactory.doCreateBean(AbstractAutowireCapableBeanFactory.java:620)
	at org.springframework.beans.factory.support.AbstractAutowireCapableBeanFactory.createBean(AbstractAutowireCapableBeanFactory.java:542)
	at org.springframework.beans.factory.support.AbstractBeanFactory.lambda$doGetBean$0(AbstractBeanFactory.java:335)
	at org.springframework.beans.factory.support.DefaultSingletonBeanRegistry.getSingleton(DefaultSingletonBeanRegistry.java:234)
	at org.springframework.beans.factory.support.AbstractBeanFactory.doGetBean(AbstractBeanFactory.java:333)
	at org.springframework.beans.factory.support.AbstractBeanFactory.getBean(AbstractBeanFactory.java:208)
	at org.springframework.beans.factory.config.DependencyDescriptor.resolveCandidate(DependencyDescriptor.java:276)
	at org.springframework.beans.factory.support.DefaultListableBeanFactory.doResolveDependency(DefaultListableBeanFactory.java:1391)
	at org.springframework.beans.factory.support.DefaultListableBeanFactory.resolveDependency(DefaultListableBeanFactory.java:1311)
	at org.springframework.beans.factory.support.ConstructorResolver.resolveAutowiredArgument(ConstructorResolver.java:887)
	at org.springframework.beans.factory.support.ConstructorResolver.createArgumentArray(ConstructorResolver.java:791)
	... 19 common frames omitted
Caused by: org.springframework.beans.BeanInstantiationException: Failed to instantiate [org.springframework.data.elasticsearch.repository.support.SimpleElasticsearchRepository]: Constructor threw exception; nested exception is org.springframework.data.elasticsearch.UncategorizedElasticsearchException: java.util.concurrent.ExecutionException: java.net.ConnectException: Connection refused; nested exception is ElasticsearchException[java.util.concurrent.ExecutionException: java.net.ConnectException: Connection refused]; nested: ExecutionException[java.net.ConnectException: Connection refused]; nested: ConnectException[Connection refused];
	at org.springframework.beans.BeanUtils.instantiateClass(BeanUtils.java:224)
	at org.springframework.data.repository.core.support.RepositoryFactorySupport.lambda$instantiateClass$5(RepositoryFactorySupport.java:579)
	at java.base/java.util.Optional.map(Optional.java:265)
	at org.springframework.data.repository.core.support.RepositoryFactorySupport.instantiateClass(RepositoryFactorySupport.java:579)
	at org.springframework.data.repository.core.support.RepositoryFactorySupport.getTargetRepositoryViaReflection(RepositoryFactorySupport.java:544)
	at org.springframework.data.elasticsearch.repository.support.ElasticsearchRepositoryFactory.getTargetRepository(ElasticsearchRepositoryFactory.java:74)
	at org.springframework.data.repository.core.support.RepositoryFactorySupport.getRepository(RepositoryFactorySupport.java:325)
	at org.springframework.data.repository.core.support.RepositoryFactoryBeanSupport.lambda$afterPropertiesSet$5(RepositoryFactoryBeanSupport.java:323)
	at org.springframework.data.util.Lazy.getNullable(Lazy.java:231)
	at org.springframework.data.util.Lazy.get(Lazy.java:115)
	at org.springframework.data.repository.core.support.RepositoryFactoryBeanSupport.afterPropertiesSet(RepositoryFactoryBeanSupport.java:329)
	at org.springframework.data.elasticsearch.repository.support.ElasticsearchRepositoryFactoryBean.afterPropertiesSet(ElasticsearchRepositoryFactoryBean.java:69)
	at org.springframework.beans.factory.support.AbstractAutowireCapableBeanFactory.invokeInitMethods(AbstractAutowireCapableBeanFactory.java:1863)
	at org.springframework.beans.factory.support.AbstractAutowireCapableBeanFactory.initializeBean(AbstractAutowireCapableBeanFactory.java:1800)
	... 30 common frames omitted
Caused by: org.springframework.data.elasticsearch.UncategorizedElasticsearchException: java.util.concurrent.ExecutionException: java.net.ConnectException: Connection refused; nested exception is ElasticsearchException[java.util.concurrent.ExecutionException: java.net.ConnectException: Connection refused]; nested: ExecutionException[java.net.ConnectException: Connection refused]; nested: ConnectException[Connection refused];
	at org.springframework.data.elasticsearch.core.ElasticsearchExceptionTranslator.translateExceptionIfPossible(ElasticsearchExceptionTranslator.java:72)
	at org.springframework.data.elasticsearch.core.ElasticsearchRestTemplate.translateException(ElasticsearchRestTemplate.java:601)
	at org.springframework.data.elasticsearch.core.ElasticsearchRestTemplate.execute(ElasticsearchRestTemplate.java:584)
	at org.springframework.data.elasticsearch.core.RestIndexTemplate.doExists(RestIndexTemplate.java:106)
	at org.springframework.data.elasticsearch.core.AbstractIndexTemplate.exists(AbstractIndexTemplate.java:130)
	at org.springframework.data.elasticsearch.repository.support.SimpleElasticsearchRepository.<init>(SimpleElasticsearchRepository.java:87)
	at java.base/jdk.internal.reflect.NativeConstructorAccessorImpl.newInstance0(Native Method)
	at java.base/jdk.internal.reflect.NativeConstructorAccessorImpl.newInstance(NativeConstructorAccessorImpl.java:62)
	at java.base/jdk.internal.reflect.DelegatingConstructorAccessorImpl.newInstance(DelegatingConstructorAccessorImpl.java:45)
	at java.base/java.lang.reflect.Constructor.newInstance(Constructor.java:490)
	at org.springframework.beans.BeanUtils.instantiateClass(BeanUtils.java:211)
	... 43 common frames omitted
Caused by: org.elasticsearch.ElasticsearchException: java.util.concurrent.ExecutionException: java.net.ConnectException: Connection refused
	at org.elasticsearch.client.RestHighLevelClient.performClientRequest(RestHighLevelClient.java:2695)
	at org.elasticsearch.client.RestHighLevelClient.internalPerformRequest(RestHighLevelClient.java:2171)
	at org.elasticsearch.client.RestHighLevelClient.performRequest(RestHighLevelClient.java:2154)
	at org.elasticsearch.client.IndicesClient.exists(IndicesClient.java:1279)
	at org.springframework.data.elasticsearch.core.RestIndexTemplate.lambda$doExists$2(RestIndexTemplate.java:106)
	at org.springframework.data.elasticsearch.core.ElasticsearchRestTemplate.execute(ElasticsearchRestTemplate.java:582)
	... 51 common frames omitted
Caused by: java.util.concurrent.ExecutionException: java.net.ConnectException: Connection refused
	at org.elasticsearch.common.util.concurrent.BaseFuture$Sync.getValue(BaseFuture.java:257)
	at org.elasticsearch.common.util.concurrent.BaseFuture$Sync.get(BaseFuture.java:244)
	at org.elasticsearch.common.util.concurrent.BaseFuture.get(BaseFuture.java:75)
	at org.elasticsearch.client.RestHighLevelClient.performClientRequest(RestHighLevelClient.java:2692)
	... 56 common frames omitted
Caused by: java.net.ConnectException: Connection refused
	at java.base/sun.nio.ch.SocketChannelImpl.checkConnect(Native Method)
	at java.base/sun.nio.ch.SocketChannelImpl.finishConnect(SocketChannelImpl.java:779)
	at org.apache.http.impl.nio.reactor.DefaultConnectingIOReactor.processEvent(DefaultConnectingIOReactor.java:174)
	at org.apache.http.impl.nio.reactor.DefaultConnectingIOReactor.processEvents(DefaultConnectingIOReactor.java:148)
	at org.apache.http.impl.nio.reactor.AbstractMultiworkerIOReactor.execute(AbstractMultiworkerIOReactor.java:351)
	at org.apache.http.impl.nio.conn.PoolingNHttpClientConnectionManager.execute(PoolingNHttpClientConnectionManager.java:221)
	at org.apache.http.impl.nio.client.CloseableHttpAsyncClientBase$1.run(CloseableHttpAsyncClientBase.java:64)
	at java.base/java.lang.Thread.run(Thread.java:834)
2023-06-17 10:16:01 [main] [,] ERROR  o.s.b.d.LoggingFailureAnalysisReporter - 

***************************
APPLICATION FAILED TO START
***************************

Description:

No spring.config.import property has been defined

Action:

Add a spring.config.import=configserver: property to your configuration.
	If configuration is not required add spring.config.import=optional:configserver: instead.
	To disable this check, set spring.cloud.config.enabled=false or 
	spring.cloud.config.import-check.enabled=false.

2023-06-17 10:16:39 [main] [,] INFO   c.m.d.e.q.s.ElasticQueryServiceApplication - Starting ElasticQueryServiceApplication using Java 11.0.19 on rihiroshis-MacBook-Air.local with PID 17651 (/Users/lipuhung/Documents/Udemy/Master-event-driven-microservices/self-practice/microservices-demo/elastic-query-service/target/classes started by lipuhung in /Users/lipuhung/Documents/Udemy/Master-event-driven-microservices/self-practice/microservices-demo)
2023-06-17 10:16:39 [main] [,] INFO   c.m.d.e.q.s.ElasticQueryServiceApplication - The following 1 profile is active: "elastic_query"
2023-06-17 10:16:39 [main] [,] INFO   o.s.c.c.c.ConfigServerConfigDataLoader - Fetching config from server at : http://localhost:8888
2023-06-17 10:16:39 [main] [,] INFO   o.s.c.c.c.ConfigServerConfigDataLoader - Located environment: name=elastic-query-service,config-client, profiles=[elastic_query], label=null, version=1de6ff823791865824ebbe1a84056a8b05335215, state=null
2023-06-17 10:16:39 [main] [,] INFO   o.s.d.r.c.RepositoryConfigurationDelegate - Bootstrapping Spring Data Elasticsearch repositories in DEFAULT mode.
2023-06-17 10:16:39 [main] [,] INFO   o.s.d.r.c.RepositoryConfigurationDelegate - Finished Spring Data repository scanning in 24 ms. Found 1 Elasticsearch repository interfaces.
2023-06-17 10:16:39 [main] [,] INFO   o.s.d.r.c.RepositoryConfigurationDelegate - Bootstrapping Spring Data Reactive Elasticsearch repositories in DEFAULT mode.
2023-06-17 10:16:39 [main] [,] INFO   o.s.d.r.c.RepositoryConfigurationDelegate - Finished Spring Data repository scanning in 1 ms. Found 0 Reactive Elasticsearch repository interfaces.
2023-06-17 10:16:40 [main] [,] INFO   o.s.cloud.context.scope.GenericScope - BeanFactory id=ff9c419f-6dbc-39cf-aa9d-2f9b633b8b1b
2023-06-17 10:16:40 [main] [,] INFO   o.s.b.w.e.tomcat.TomcatWebServer - Tomcat initialized with port(s): 8183 (http)
2023-06-17 10:16:40 [main] [,] INFO   o.a.coyote.http11.Http11NioProtocol - Initializing ProtocolHandler ["http-nio-8183"]
2023-06-17 10:16:40 [main] [,] INFO   o.a.catalina.core.StandardService - Starting service [Tomcat]
2023-06-17 10:16:40 [main] [,] INFO   o.a.catalina.core.StandardEngine - Starting Servlet engine: [Apache Tomcat/9.0.68]
2023-06-17 10:16:40 [main] [,] INFO   o.a.c.c.C.[.[.[/elastic-query-service] - Initializing Spring embedded WebApplicationContext
2023-06-17 10:16:40 [main] [,] INFO   o.s.b.w.s.c.ServletWebServerApplicationContext - Root WebApplicationContext: initialization completed in 716 ms
2023-06-17 10:16:40 [main] [,] WARN   o.s.b.w.s.c.AnnotationConfigServletWebServerApplicationContext - Exception encountered during context initialization - cancelling refresh attempt: org.springframework.beans.factory.UnsatisfiedDependencyException: Error creating bean with name 'twitterElasticRepositoryQueryClient' defined in file [/Users/lipuhung/Documents/Udemy/Master-event-driven-microservices/self-practice/microservices-demo/elastic/elastic-query-client/target/classes/com/microservices/demo/elastic/query/client/service/impl/TwitterElasticRepositoryQueryClient.class]: Unsatisfied dependency expressed through constructor parameter 0; nested exception is org.springframework.beans.factory.BeanCreationException: Error creating bean with name 'twitterElasticsearchQueryRepository' defined in com.microservices.demo.elastic.query.client.repository.TwitterElasticsearchQueryRepository defined in @EnableElasticsearchRepositories declared on ElasticsearchConfig: Invocation of init method failed; nested exception is org.springframework.beans.BeanInstantiationException: Failed to instantiate [org.springframework.data.elasticsearch.repository.support.SimpleElasticsearchRepository]: Constructor threw exception; nested exception is org.springframework.data.elasticsearch.UncategorizedElasticsearchException: java.util.concurrent.ExecutionException: java.net.ConnectException: Connection refused; nested exception is ElasticsearchException[java.util.concurrent.ExecutionException: java.net.ConnectException: Connection refused]; nested: ExecutionException[java.net.ConnectException: Connection refused]; nested: ConnectException[Connection refused];
2023-06-17 10:16:41 [main] [,] INFO   o.a.catalina.core.StandardService - Stopping service [Tomcat]
2023-06-17 10:16:41 [main] [,] INFO   o.s.b.a.l.ConditionEvaluationReportLoggingListener - 

Error starting ApplicationContext. To display the conditions report re-run your application with 'debug' enabled.
2023-06-17 10:16:41 [main] [,] ERROR  o.s.boot.SpringApplication - Application run failed
org.springframework.beans.factory.UnsatisfiedDependencyException: Error creating bean with name 'twitterElasticRepositoryQueryClient' defined in file [/Users/lipuhung/Documents/Udemy/Master-event-driven-microservices/self-practice/microservices-demo/elastic/elastic-query-client/target/classes/com/microservices/demo/elastic/query/client/service/impl/TwitterElasticRepositoryQueryClient.class]: Unsatisfied dependency expressed through constructor parameter 0; nested exception is org.springframework.beans.factory.BeanCreationException: Error creating bean with name 'twitterElasticsearchQueryRepository' defined in com.microservices.demo.elastic.query.client.repository.TwitterElasticsearchQueryRepository defined in @EnableElasticsearchRepositories declared on ElasticsearchConfig: Invocation of init method failed; nested exception is org.springframework.beans.BeanInstantiationException: Failed to instantiate [org.springframework.data.elasticsearch.repository.support.SimpleElasticsearchRepository]: Constructor threw exception; nested exception is org.springframework.data.elasticsearch.UncategorizedElasticsearchException: java.util.concurrent.ExecutionException: java.net.ConnectException: Connection refused; nested exception is ElasticsearchException[java.util.concurrent.ExecutionException: java.net.ConnectException: Connection refused]; nested: ExecutionException[java.net.ConnectException: Connection refused]; nested: ConnectException[Connection refused];
	at org.springframework.beans.factory.support.ConstructorResolver.createArgumentArray(ConstructorResolver.java:800)
	at org.springframework.beans.factory.support.ConstructorResolver.autowireConstructor(ConstructorResolver.java:229)
	at org.springframework.beans.factory.support.AbstractAutowireCapableBeanFactory.autowireConstructor(AbstractAutowireCapableBeanFactory.java:1372)
	at org.springframework.beans.factory.support.AbstractAutowireCapableBeanFactory.createBeanInstance(AbstractAutowireCapableBeanFactory.java:1222)
	at org.springframework.beans.factory.support.AbstractAutowireCapableBeanFactory.doCreateBean(AbstractAutowireCapableBeanFactory.java:582)
	at org.springframework.beans.factory.support.AbstractAutowireCapableBeanFactory.createBean(AbstractAutowireCapableBeanFactory.java:542)
	at org.springframework.beans.factory.support.AbstractBeanFactory.lambda$doGetBean$0(AbstractBeanFactory.java:335)
	at org.springframework.beans.factory.support.DefaultSingletonBeanRegistry.getSingleton(DefaultSingletonBeanRegistry.java:234)
	at org.springframework.beans.factory.support.AbstractBeanFactory.doGetBean(AbstractBeanFactory.java:333)
	at org.springframework.beans.factory.support.AbstractBeanFactory.getBean(AbstractBeanFactory.java:208)
	at org.springframework.beans.factory.support.DefaultListableBeanFactory.preInstantiateSingletons(DefaultListableBeanFactory.java:955)
	at org.springframework.context.support.AbstractApplicationContext.finishBeanFactoryInitialization(AbstractApplicationContext.java:918)
	at org.springframework.context.support.AbstractApplicationContext.refresh(AbstractApplicationContext.java:583)
	at org.springframework.boot.web.servlet.context.ServletWebServerApplicationContext.refresh(ServletWebServerApplicationContext.java:147)
	at org.springframework.boot.SpringApplication.refresh(SpringApplication.java:734)
	at org.springframework.boot.SpringApplication.refreshContext(SpringApplication.java:408)
	at org.springframework.boot.SpringApplication.run(SpringApplication.java:308)
	at org.springframework.boot.SpringApplication.run(SpringApplication.java:1306)
	at org.springframework.boot.SpringApplication.run(SpringApplication.java:1295)
	at com.microservices.demo.elastic.query.service.ElasticQueryServiceApplication.main(ElasticQueryServiceApplication.java:11)
Caused by: org.springframework.beans.factory.BeanCreationException: Error creating bean with name 'twitterElasticsearchQueryRepository' defined in com.microservices.demo.elastic.query.client.repository.TwitterElasticsearchQueryRepository defined in @EnableElasticsearchRepositories declared on ElasticsearchConfig: Invocation of init method failed; nested exception is org.springframework.beans.BeanInstantiationException: Failed to instantiate [org.springframework.data.elasticsearch.repository.support.SimpleElasticsearchRepository]: Constructor threw exception; nested exception is org.springframework.data.elasticsearch.UncategorizedElasticsearchException: java.util.concurrent.ExecutionException: java.net.ConnectException: Connection refused; nested exception is ElasticsearchException[java.util.concurrent.ExecutionException: java.net.ConnectException: Connection refused]; nested: ExecutionException[java.net.ConnectException: Connection refused]; nested: ConnectException[Connection refused];
	at org.springframework.beans.factory.support.AbstractAutowireCapableBeanFactory.initializeBean(AbstractAutowireCapableBeanFactory.java:1804)
	at org.springframework.beans.factory.support.AbstractAutowireCapableBeanFactory.doCreateBean(AbstractAutowireCapableBeanFactory.java:620)
	at org.springframework.beans.factory.support.AbstractAutowireCapableBeanFactory.createBean(AbstractAutowireCapableBeanFactory.java:542)
	at org.springframework.beans.factory.support.AbstractBeanFactory.lambda$doGetBean$0(AbstractBeanFactory.java:335)
	at org.springframework.beans.factory.support.DefaultSingletonBeanRegistry.getSingleton(DefaultSingletonBeanRegistry.java:234)
	at org.springframework.beans.factory.support.AbstractBeanFactory.doGetBean(AbstractBeanFactory.java:333)
	at org.springframework.beans.factory.support.AbstractBeanFactory.getBean(AbstractBeanFactory.java:208)
	at org.springframework.beans.factory.config.DependencyDescriptor.resolveCandidate(DependencyDescriptor.java:276)
	at org.springframework.beans.factory.support.DefaultListableBeanFactory.doResolveDependency(DefaultListableBeanFactory.java:1391)
	at org.springframework.beans.factory.support.DefaultListableBeanFactory.resolveDependency(DefaultListableBeanFactory.java:1311)
	at org.springframework.beans.factory.support.ConstructorResolver.resolveAutowiredArgument(ConstructorResolver.java:887)
	at org.springframework.beans.factory.support.ConstructorResolver.createArgumentArray(ConstructorResolver.java:791)
	... 19 common frames omitted
Caused by: org.springframework.beans.BeanInstantiationException: Failed to instantiate [org.springframework.data.elasticsearch.repository.support.SimpleElasticsearchRepository]: Constructor threw exception; nested exception is org.springframework.data.elasticsearch.UncategorizedElasticsearchException: java.util.concurrent.ExecutionException: java.net.ConnectException: Connection refused; nested exception is ElasticsearchException[java.util.concurrent.ExecutionException: java.net.ConnectException: Connection refused]; nested: ExecutionException[java.net.ConnectException: Connection refused]; nested: ConnectException[Connection refused];
	at org.springframework.beans.BeanUtils.instantiateClass(BeanUtils.java:224)
	at org.springframework.data.repository.core.support.RepositoryFactorySupport.lambda$instantiateClass$5(RepositoryFactorySupport.java:579)
	at java.base/java.util.Optional.map(Optional.java:265)
	at org.springframework.data.repository.core.support.RepositoryFactorySupport.instantiateClass(RepositoryFactorySupport.java:579)
	at org.springframework.data.repository.core.support.RepositoryFactorySupport.getTargetRepositoryViaReflection(RepositoryFactorySupport.java:544)
	at org.springframework.data.elasticsearch.repository.support.ElasticsearchRepositoryFactory.getTargetRepository(ElasticsearchRepositoryFactory.java:74)
	at org.springframework.data.repository.core.support.RepositoryFactorySupport.getRepository(RepositoryFactorySupport.java:325)
	at org.springframework.data.repository.core.support.RepositoryFactoryBeanSupport.lambda$afterPropertiesSet$5(RepositoryFactoryBeanSupport.java:323)
	at org.springframework.data.util.Lazy.getNullable(Lazy.java:231)
	at org.springframework.data.util.Lazy.get(Lazy.java:115)
	at org.springframework.data.repository.core.support.RepositoryFactoryBeanSupport.afterPropertiesSet(RepositoryFactoryBeanSupport.java:329)
	at org.springframework.data.elasticsearch.repository.support.ElasticsearchRepositoryFactoryBean.afterPropertiesSet(ElasticsearchRepositoryFactoryBean.java:69)
	at org.springframework.beans.factory.support.AbstractAutowireCapableBeanFactory.invokeInitMethods(AbstractAutowireCapableBeanFactory.java:1863)
	at org.springframework.beans.factory.support.AbstractAutowireCapableBeanFactory.initializeBean(AbstractAutowireCapableBeanFactory.java:1800)
	... 30 common frames omitted
Caused by: org.springframework.data.elasticsearch.UncategorizedElasticsearchException: java.util.concurrent.ExecutionException: java.net.ConnectException: Connection refused; nested exception is ElasticsearchException[java.util.concurrent.ExecutionException: java.net.ConnectException: Connection refused]; nested: ExecutionException[java.net.ConnectException: Connection refused]; nested: ConnectException[Connection refused];
	at org.springframework.data.elasticsearch.core.ElasticsearchExceptionTranslator.translateExceptionIfPossible(ElasticsearchExceptionTranslator.java:72)
	at org.springframework.data.elasticsearch.core.ElasticsearchRestTemplate.translateException(ElasticsearchRestTemplate.java:601)
	at org.springframework.data.elasticsearch.core.ElasticsearchRestTemplate.execute(ElasticsearchRestTemplate.java:584)
	at org.springframework.data.elasticsearch.core.RestIndexTemplate.doExists(RestIndexTemplate.java:106)
	at org.springframework.data.elasticsearch.core.AbstractIndexTemplate.exists(AbstractIndexTemplate.java:130)
	at org.springframework.data.elasticsearch.repository.support.SimpleElasticsearchRepository.<init>(SimpleElasticsearchRepository.java:87)
	at java.base/jdk.internal.reflect.NativeConstructorAccessorImpl.newInstance0(Native Method)
	at java.base/jdk.internal.reflect.NativeConstructorAccessorImpl.newInstance(NativeConstructorAccessorImpl.java:62)
	at java.base/jdk.internal.reflect.DelegatingConstructorAccessorImpl.newInstance(DelegatingConstructorAccessorImpl.java:45)
	at java.base/java.lang.reflect.Constructor.newInstance(Constructor.java:490)
	at org.springframework.beans.BeanUtils.instantiateClass(BeanUtils.java:211)
	... 43 common frames omitted
Caused by: org.elasticsearch.ElasticsearchException: java.util.concurrent.ExecutionException: java.net.ConnectException: Connection refused
	at org.elasticsearch.client.RestHighLevelClient.performClientRequest(RestHighLevelClient.java:2695)
	at org.elasticsearch.client.RestHighLevelClient.internalPerformRequest(RestHighLevelClient.java:2171)
	at org.elasticsearch.client.RestHighLevelClient.performRequest(RestHighLevelClient.java:2154)
	at org.elasticsearch.client.IndicesClient.exists(IndicesClient.java:1279)
	at org.springframework.data.elasticsearch.core.RestIndexTemplate.lambda$doExists$2(RestIndexTemplate.java:106)
	at org.springframework.data.elasticsearch.core.ElasticsearchRestTemplate.execute(ElasticsearchRestTemplate.java:582)
	... 51 common frames omitted
Caused by: java.util.concurrent.ExecutionException: java.net.ConnectException: Connection refused
	at org.elasticsearch.common.util.concurrent.BaseFuture$Sync.getValue(BaseFuture.java:257)
	at org.elasticsearch.common.util.concurrent.BaseFuture$Sync.get(BaseFuture.java:244)
	at org.elasticsearch.common.util.concurrent.BaseFuture.get(BaseFuture.java:75)
	at org.elasticsearch.client.RestHighLevelClient.performClientRequest(RestHighLevelClient.java:2692)
	... 56 common frames omitted
Caused by: java.net.ConnectException: Connection refused
	at java.base/sun.nio.ch.SocketChannelImpl.checkConnect(Native Method)
	at java.base/sun.nio.ch.SocketChannelImpl.finishConnect(SocketChannelImpl.java:779)
	at org.apache.http.impl.nio.reactor.DefaultConnectingIOReactor.processEvent(DefaultConnectingIOReactor.java:174)
	at org.apache.http.impl.nio.reactor.DefaultConnectingIOReactor.processEvents(DefaultConnectingIOReactor.java:148)
	at org.apache.http.impl.nio.reactor.AbstractMultiworkerIOReactor.execute(AbstractMultiworkerIOReactor.java:351)
	at org.apache.http.impl.nio.conn.PoolingNHttpClientConnectionManager.execute(PoolingNHttpClientConnectionManager.java:221)
	at org.apache.http.impl.nio.client.CloseableHttpAsyncClientBase$1.run(CloseableHttpAsyncClientBase.java:64)
	at java.base/java.lang.Thread.run(Thread.java:834)
2023-06-17 10:20:12 [main] [,] INFO   c.m.d.e.q.s.ElasticQueryServiceApplication - Starting ElasticQueryServiceApplication using Java 11.0.19 on rihiroshis-MacBook-Air.local with PID 17848 (/Users/lipuhung/Documents/Udemy/Master-event-driven-microservices/self-practice/microservices-demo/elastic-query-service/target/classes started by lipuhung in /Users/lipuhung/Documents/Udemy/Master-event-driven-microservices/self-practice/microservices-demo)
2023-06-17 10:20:12 [main] [,] INFO   c.m.d.e.q.s.ElasticQueryServiceApplication - The following 1 profile is active: "elastic_query"
2023-06-17 10:20:12 [main] [,] INFO   o.s.c.c.c.ConfigServerConfigDataLoader - Fetching config from server at : http://localhost:8888
2023-06-17 10:20:12 [main] [,] INFO   o.s.c.c.c.ConfigServerConfigDataLoader - Located environment: name=elastic-query-service,config-client, profiles=[elastic_query], label=null, version=1de6ff823791865824ebbe1a84056a8b05335215, state=null
2023-06-17 10:20:12 [main] [,] INFO   o.s.d.r.c.RepositoryConfigurationDelegate - Bootstrapping Spring Data Elasticsearch repositories in DEFAULT mode.
2023-06-17 10:20:12 [main] [,] INFO   o.s.d.r.c.RepositoryConfigurationDelegate - Finished Spring Data repository scanning in 22 ms. Found 1 Elasticsearch repository interfaces.
2023-06-17 10:20:12 [main] [,] INFO   o.s.d.r.c.RepositoryConfigurationDelegate - Bootstrapping Spring Data Reactive Elasticsearch repositories in DEFAULT mode.
2023-06-17 10:20:12 [main] [,] INFO   o.s.d.r.c.RepositoryConfigurationDelegate - Finished Spring Data repository scanning in 1 ms. Found 0 Reactive Elasticsearch repository interfaces.
2023-06-17 10:20:12 [main] [,] INFO   o.s.cloud.context.scope.GenericScope - BeanFactory id=ff9c419f-6dbc-39cf-aa9d-2f9b633b8b1b
2023-06-17 10:20:13 [main] [,] INFO   o.s.b.w.e.tomcat.TomcatWebServer - Tomcat initialized with port(s): 8183 (http)
2023-06-17 10:20:13 [main] [,] INFO   o.a.coyote.http11.Http11NioProtocol - Initializing ProtocolHandler ["http-nio-8183"]
2023-06-17 10:20:13 [main] [,] INFO   o.a.catalina.core.StandardService - Starting service [Tomcat]
2023-06-17 10:20:13 [main] [,] INFO   o.a.catalina.core.StandardEngine - Starting Servlet engine: [Apache Tomcat/9.0.68]
2023-06-17 10:20:13 [main] [,] INFO   o.a.c.c.C.[.[.[/elastic-query-service] - Initializing Spring embedded WebApplicationContext
2023-06-17 10:20:13 [main] [,] INFO   o.s.b.w.s.c.ServletWebServerApplicationContext - Root WebApplicationContext: initialization completed in 768 ms
2023-06-17 10:20:13 [main] [,] WARN   o.s.b.w.s.c.AnnotationConfigServletWebServerApplicationContext - Exception encountered during context initialization - cancelling refresh attempt: org.springframework.beans.factory.UnsatisfiedDependencyException: Error creating bean with name 'twitterElasticRepositoryQueryClient' defined in file [/Users/lipuhung/Documents/Udemy/Master-event-driven-microservices/self-practice/microservices-demo/elastic/elastic-query-client/target/classes/com/microservices/demo/elastic/query/client/service/impl/TwitterElasticRepositoryQueryClient.class]: Unsatisfied dependency expressed through constructor parameter 0; nested exception is org.springframework.beans.factory.BeanCreationException: Error creating bean with name 'twitterElasticsearchQueryRepository' defined in com.microservices.demo.elastic.query.client.repository.TwitterElasticsearchQueryRepository defined in @EnableElasticsearchRepositories declared on ElasticsearchConfig: Invocation of init method failed; nested exception is org.springframework.beans.BeanInstantiationException: Failed to instantiate [org.springframework.data.elasticsearch.repository.support.SimpleElasticsearchRepository]: Constructor threw exception; nested exception is org.springframework.data.elasticsearch.UncategorizedElasticsearchException: java.util.concurrent.ExecutionException: java.net.ConnectException: Connection refused; nested exception is ElasticsearchException[java.util.concurrent.ExecutionException: java.net.ConnectException: Connection refused]; nested: ExecutionException[java.net.ConnectException: Connection refused]; nested: ConnectException[Connection refused];
2023-06-17 10:20:14 [main] [,] INFO   o.a.catalina.core.StandardService - Stopping service [Tomcat]
2023-06-17 10:20:14 [main] [,] INFO   o.s.b.a.l.ConditionEvaluationReportLoggingListener - 

Error starting ApplicationContext. To display the conditions report re-run your application with 'debug' enabled.
2023-06-17 10:20:14 [main] [,] ERROR  o.s.boot.SpringApplication - Application run failed
org.springframework.beans.factory.UnsatisfiedDependencyException: Error creating bean with name 'twitterElasticRepositoryQueryClient' defined in file [/Users/lipuhung/Documents/Udemy/Master-event-driven-microservices/self-practice/microservices-demo/elastic/elastic-query-client/target/classes/com/microservices/demo/elastic/query/client/service/impl/TwitterElasticRepositoryQueryClient.class]: Unsatisfied dependency expressed through constructor parameter 0; nested exception is org.springframework.beans.factory.BeanCreationException: Error creating bean with name 'twitterElasticsearchQueryRepository' defined in com.microservices.demo.elastic.query.client.repository.TwitterElasticsearchQueryRepository defined in @EnableElasticsearchRepositories declared on ElasticsearchConfig: Invocation of init method failed; nested exception is org.springframework.beans.BeanInstantiationException: Failed to instantiate [org.springframework.data.elasticsearch.repository.support.SimpleElasticsearchRepository]: Constructor threw exception; nested exception is org.springframework.data.elasticsearch.UncategorizedElasticsearchException: java.util.concurrent.ExecutionException: java.net.ConnectException: Connection refused; nested exception is ElasticsearchException[java.util.concurrent.ExecutionException: java.net.ConnectException: Connection refused]; nested: ExecutionException[java.net.ConnectException: Connection refused]; nested: ConnectException[Connection refused];
	at org.springframework.beans.factory.support.ConstructorResolver.createArgumentArray(ConstructorResolver.java:800)
	at org.springframework.beans.factory.support.ConstructorResolver.autowireConstructor(ConstructorResolver.java:229)
	at org.springframework.beans.factory.support.AbstractAutowireCapableBeanFactory.autowireConstructor(AbstractAutowireCapableBeanFactory.java:1372)
	at org.springframework.beans.factory.support.AbstractAutowireCapableBeanFactory.createBeanInstance(AbstractAutowireCapableBeanFactory.java:1222)
	at org.springframework.beans.factory.support.AbstractAutowireCapableBeanFactory.doCreateBean(AbstractAutowireCapableBeanFactory.java:582)
	at org.springframework.beans.factory.support.AbstractAutowireCapableBeanFactory.createBean(AbstractAutowireCapableBeanFactory.java:542)
	at org.springframework.beans.factory.support.AbstractBeanFactory.lambda$doGetBean$0(AbstractBeanFactory.java:335)
	at org.springframework.beans.factory.support.DefaultSingletonBeanRegistry.getSingleton(DefaultSingletonBeanRegistry.java:234)
	at org.springframework.beans.factory.support.AbstractBeanFactory.doGetBean(AbstractBeanFactory.java:333)
	at org.springframework.beans.factory.support.AbstractBeanFactory.getBean(AbstractBeanFactory.java:208)
	at org.springframework.beans.factory.support.DefaultListableBeanFactory.preInstantiateSingletons(DefaultListableBeanFactory.java:955)
	at org.springframework.context.support.AbstractApplicationContext.finishBeanFactoryInitialization(AbstractApplicationContext.java:918)
	at org.springframework.context.support.AbstractApplicationContext.refresh(AbstractApplicationContext.java:583)
	at org.springframework.boot.web.servlet.context.ServletWebServerApplicationContext.refresh(ServletWebServerApplicationContext.java:147)
	at org.springframework.boot.SpringApplication.refresh(SpringApplication.java:734)
	at org.springframework.boot.SpringApplication.refreshContext(SpringApplication.java:408)
	at org.springframework.boot.SpringApplication.run(SpringApplication.java:308)
	at org.springframework.boot.SpringApplication.run(SpringApplication.java:1306)
	at org.springframework.boot.SpringApplication.run(SpringApplication.java:1295)
	at com.microservices.demo.elastic.query.service.ElasticQueryServiceApplication.main(ElasticQueryServiceApplication.java:11)
Caused by: org.springframework.beans.factory.BeanCreationException: Error creating bean with name 'twitterElasticsearchQueryRepository' defined in com.microservices.demo.elastic.query.client.repository.TwitterElasticsearchQueryRepository defined in @EnableElasticsearchRepositories declared on ElasticsearchConfig: Invocation of init method failed; nested exception is org.springframework.beans.BeanInstantiationException: Failed to instantiate [org.springframework.data.elasticsearch.repository.support.SimpleElasticsearchRepository]: Constructor threw exception; nested exception is org.springframework.data.elasticsearch.UncategorizedElasticsearchException: java.util.concurrent.ExecutionException: java.net.ConnectException: Connection refused; nested exception is ElasticsearchException[java.util.concurrent.ExecutionException: java.net.ConnectException: Connection refused]; nested: ExecutionException[java.net.ConnectException: Connection refused]; nested: ConnectException[Connection refused];
	at org.springframework.beans.factory.support.AbstractAutowireCapableBeanFactory.initializeBean(AbstractAutowireCapableBeanFactory.java:1804)
	at org.springframework.beans.factory.support.AbstractAutowireCapableBeanFactory.doCreateBean(AbstractAutowireCapableBeanFactory.java:620)
	at org.springframework.beans.factory.support.AbstractAutowireCapableBeanFactory.createBean(AbstractAutowireCapableBeanFactory.java:542)
	at org.springframework.beans.factory.support.AbstractBeanFactory.lambda$doGetBean$0(AbstractBeanFactory.java:335)
	at org.springframework.beans.factory.support.DefaultSingletonBeanRegistry.getSingleton(DefaultSingletonBeanRegistry.java:234)
	at org.springframework.beans.factory.support.AbstractBeanFactory.doGetBean(AbstractBeanFactory.java:333)
	at org.springframework.beans.factory.support.AbstractBeanFactory.getBean(AbstractBeanFactory.java:208)
	at org.springframework.beans.factory.config.DependencyDescriptor.resolveCandidate(DependencyDescriptor.java:276)
	at org.springframework.beans.factory.support.DefaultListableBeanFactory.doResolveDependency(DefaultListableBeanFactory.java:1391)
	at org.springframework.beans.factory.support.DefaultListableBeanFactory.resolveDependency(DefaultListableBeanFactory.java:1311)
	at org.springframework.beans.factory.support.ConstructorResolver.resolveAutowiredArgument(ConstructorResolver.java:887)
	at org.springframework.beans.factory.support.ConstructorResolver.createArgumentArray(ConstructorResolver.java:791)
	... 19 common frames omitted
Caused by: org.springframework.beans.BeanInstantiationException: Failed to instantiate [org.springframework.data.elasticsearch.repository.support.SimpleElasticsearchRepository]: Constructor threw exception; nested exception is org.springframework.data.elasticsearch.UncategorizedElasticsearchException: java.util.concurrent.ExecutionException: java.net.ConnectException: Connection refused; nested exception is ElasticsearchException[java.util.concurrent.ExecutionException: java.net.ConnectException: Connection refused]; nested: ExecutionException[java.net.ConnectException: Connection refused]; nested: ConnectException[Connection refused];
	at org.springframework.beans.BeanUtils.instantiateClass(BeanUtils.java:224)
	at org.springframework.data.repository.core.support.RepositoryFactorySupport.lambda$instantiateClass$5(RepositoryFactorySupport.java:579)
	at java.base/java.util.Optional.map(Optional.java:265)
	at org.springframework.data.repository.core.support.RepositoryFactorySupport.instantiateClass(RepositoryFactorySupport.java:579)
	at org.springframework.data.repository.core.support.RepositoryFactorySupport.getTargetRepositoryViaReflection(RepositoryFactorySupport.java:544)
	at org.springframework.data.elasticsearch.repository.support.ElasticsearchRepositoryFactory.getTargetRepository(ElasticsearchRepositoryFactory.java:74)
	at org.springframework.data.repository.core.support.RepositoryFactorySupport.getRepository(RepositoryFactorySupport.java:325)
	at org.springframework.data.repository.core.support.RepositoryFactoryBeanSupport.lambda$afterPropertiesSet$5(RepositoryFactoryBeanSupport.java:323)
	at org.springframework.data.util.Lazy.getNullable(Lazy.java:231)
	at org.springframework.data.util.Lazy.get(Lazy.java:115)
	at org.springframework.data.repository.core.support.RepositoryFactoryBeanSupport.afterPropertiesSet(RepositoryFactoryBeanSupport.java:329)
	at org.springframework.data.elasticsearch.repository.support.ElasticsearchRepositoryFactoryBean.afterPropertiesSet(ElasticsearchRepositoryFactoryBean.java:69)
	at org.springframework.beans.factory.support.AbstractAutowireCapableBeanFactory.invokeInitMethods(AbstractAutowireCapableBeanFactory.java:1863)
	at org.springframework.beans.factory.support.AbstractAutowireCapableBeanFactory.initializeBean(AbstractAutowireCapableBeanFactory.java:1800)
	... 30 common frames omitted
Caused by: org.springframework.data.elasticsearch.UncategorizedElasticsearchException: java.util.concurrent.ExecutionException: java.net.ConnectException: Connection refused; nested exception is ElasticsearchException[java.util.concurrent.ExecutionException: java.net.ConnectException: Connection refused]; nested: ExecutionException[java.net.ConnectException: Connection refused]; nested: ConnectException[Connection refused];
	at org.springframework.data.elasticsearch.core.ElasticsearchExceptionTranslator.translateExceptionIfPossible(ElasticsearchExceptionTranslator.java:72)
	at org.springframework.data.elasticsearch.core.ElasticsearchRestTemplate.translateException(ElasticsearchRestTemplate.java:601)
	at org.springframework.data.elasticsearch.core.ElasticsearchRestTemplate.execute(ElasticsearchRestTemplate.java:584)
	at org.springframework.data.elasticsearch.core.RestIndexTemplate.doExists(RestIndexTemplate.java:106)
	at org.springframework.data.elasticsearch.core.AbstractIndexTemplate.exists(AbstractIndexTemplate.java:130)
	at org.springframework.data.elasticsearch.repository.support.SimpleElasticsearchRepository.<init>(SimpleElasticsearchRepository.java:87)
	at java.base/jdk.internal.reflect.NativeConstructorAccessorImpl.newInstance0(Native Method)
	at java.base/jdk.internal.reflect.NativeConstructorAccessorImpl.newInstance(NativeConstructorAccessorImpl.java:62)
	at java.base/jdk.internal.reflect.DelegatingConstructorAccessorImpl.newInstance(DelegatingConstructorAccessorImpl.java:45)
	at java.base/java.lang.reflect.Constructor.newInstance(Constructor.java:490)
	at org.springframework.beans.BeanUtils.instantiateClass(BeanUtils.java:211)
	... 43 common frames omitted
Caused by: org.elasticsearch.ElasticsearchException: java.util.concurrent.ExecutionException: java.net.ConnectException: Connection refused
	at org.elasticsearch.client.RestHighLevelClient.performClientRequest(RestHighLevelClient.java:2695)
	at org.elasticsearch.client.RestHighLevelClient.internalPerformRequest(RestHighLevelClient.java:2171)
	at org.elasticsearch.client.RestHighLevelClient.performRequest(RestHighLevelClient.java:2154)
	at org.elasticsearch.client.IndicesClient.exists(IndicesClient.java:1279)
	at org.springframework.data.elasticsearch.core.RestIndexTemplate.lambda$doExists$2(RestIndexTemplate.java:106)
	at org.springframework.data.elasticsearch.core.ElasticsearchRestTemplate.execute(ElasticsearchRestTemplate.java:582)
	... 51 common frames omitted
Caused by: java.util.concurrent.ExecutionException: java.net.ConnectException: Connection refused
	at org.elasticsearch.common.util.concurrent.BaseFuture$Sync.getValue(BaseFuture.java:257)
	at org.elasticsearch.common.util.concurrent.BaseFuture$Sync.get(BaseFuture.java:244)
	at org.elasticsearch.common.util.concurrent.BaseFuture.get(BaseFuture.java:75)
	at org.elasticsearch.client.RestHighLevelClient.performClientRequest(RestHighLevelClient.java:2692)
	... 56 common frames omitted
Caused by: java.net.ConnectException: Connection refused
	at java.base/sun.nio.ch.SocketChannelImpl.checkConnect(Native Method)
	at java.base/sun.nio.ch.SocketChannelImpl.finishConnect(SocketChannelImpl.java:779)
	at org.apache.http.impl.nio.reactor.DefaultConnectingIOReactor.processEvent(DefaultConnectingIOReactor.java:174)
	at org.apache.http.impl.nio.reactor.DefaultConnectingIOReactor.processEvents(DefaultConnectingIOReactor.java:148)
	at org.apache.http.impl.nio.reactor.AbstractMultiworkerIOReactor.execute(AbstractMultiworkerIOReactor.java:351)
	at org.apache.http.impl.nio.conn.PoolingNHttpClientConnectionManager.execute(PoolingNHttpClientConnectionManager.java:221)
	at org.apache.http.impl.nio.client.CloseableHttpAsyncClientBase$1.run(CloseableHttpAsyncClientBase.java:64)
	at java.base/java.lang.Thread.run(Thread.java:834)
2023-06-17 10:40:23 [main] [,] INFO   c.m.d.e.q.s.ElasticQueryServiceApplication - Starting ElasticQueryServiceApplication using Java 11.0.19 on rihiroshis-MacBook-Air.local with PID 19307 (/Users/lipuhung/Documents/Udemy/Master-event-driven-microservices/self-practice/microservices-demo/elastic-query-service/target/classes started by lipuhung in /Users/lipuhung/Documents/Udemy/Master-event-driven-microservices/self-practice/microservices-demo)
2023-06-17 10:40:23 [main] [,] INFO   c.m.d.e.q.s.ElasticQueryServiceApplication - The following 1 profile is active: "elastic_query"
2023-06-17 10:40:23 [main] [,] INFO   o.s.c.c.c.ConfigServerConfigDataLoader - Fetching config from server at : http://localhost:8888
2023-06-17 10:40:23 [main] [,] INFO   o.s.c.c.c.ConfigServerConfigDataLoader - Located environment: name=elastic-query-service,config-client, profiles=[elastic_query], label=null, version=1de6ff823791865824ebbe1a84056a8b05335215, state=null
2023-06-17 10:40:25 [main] [,] INFO   o.s.d.r.c.RepositoryConfigurationDelegate - Bootstrapping Spring Data Elasticsearch repositories in DEFAULT mode.
2023-06-17 10:40:25 [main] [,] INFO   o.s.d.r.c.RepositoryConfigurationDelegate - Finished Spring Data repository scanning in 128 ms. Found 1 Elasticsearch repository interfaces.
2023-06-17 10:40:26 [main] [,] INFO   o.s.d.r.c.RepositoryConfigurationDelegate - Bootstrapping Spring Data Reactive Elasticsearch repositories in DEFAULT mode.
2023-06-17 10:40:26 [main] [,] INFO   o.s.d.r.c.RepositoryConfigurationDelegate - Finished Spring Data repository scanning in 1 ms. Found 0 Reactive Elasticsearch repository interfaces.
2023-06-17 10:40:27 [main] [,] INFO   o.s.cloud.context.scope.GenericScope - BeanFactory id=ff9c419f-6dbc-39cf-aa9d-2f9b633b8b1b
2023-06-17 10:40:33 [main] [,] INFO   o.s.b.w.e.tomcat.TomcatWebServer - Tomcat initialized with port(s): 8183 (http)
2023-06-17 10:40:33 [main] [,] INFO   o.a.coyote.http11.Http11NioProtocol - Initializing ProtocolHandler ["http-nio-8183"]
2023-06-17 10:40:33 [main] [,] INFO   o.a.catalina.core.StandardService - Starting service [Tomcat]
2023-06-17 10:40:33 [main] [,] INFO   o.a.catalina.core.StandardEngine - Starting Servlet engine: [Apache Tomcat/9.0.68]
2023-06-17 10:40:36 [main] [,] INFO   o.a.c.c.C.[.[.[/elastic-query-service] - Initializing Spring embedded WebApplicationContext
2023-06-17 10:40:36 [main] [,] INFO   o.s.b.w.s.c.ServletWebServerApplicationContext - Root WebApplicationContext: initialization completed in 12615 ms
2023-06-17 10:40:37 [main] [,] WARN   o.s.b.w.s.c.AnnotationConfigServletWebServerApplicationContext - Exception encountered during context initialization - cancelling refresh attempt: org.springframework.beans.factory.UnsatisfiedDependencyException: Error creating bean with name 'twitterElasticRepositoryQueryClient' defined in file [/Users/lipuhung/Documents/Udemy/Master-event-driven-microservices/self-practice/microservices-demo/elastic/elastic-query-client/target/classes/com/microservices/demo/elastic/query/client/service/impl/TwitterElasticRepositoryQueryClient.class]: Unsatisfied dependency expressed through constructor parameter 0; nested exception is org.springframework.beans.factory.BeanCreationException: Error creating bean with name 'twitterElasticsearchQueryRepository' defined in com.microservices.demo.elastic.query.client.repository.TwitterElasticsearchQueryRepository defined in @EnableElasticsearchRepositories declared on ElasticsearchConfig: Invocation of init method failed; nested exception is org.springframework.beans.BeanInstantiationException: Failed to instantiate [org.springframework.data.elasticsearch.repository.support.SimpleElasticsearchRepository]: Constructor threw exception; nested exception is org.springframework.data.elasticsearch.UncategorizedElasticsearchException: java.util.concurrent.ExecutionException: java.net.ConnectException: Connection refused; nested exception is ElasticsearchException[java.util.concurrent.ExecutionException: java.net.ConnectException: Connection refused]; nested: ExecutionException[java.net.ConnectException: Connection refused]; nested: ConnectException[Connection refused];
2023-06-17 10:40:38 [main] [,] INFO   o.a.catalina.core.StandardService - Stopping service [Tomcat]
2023-06-17 10:40:38 [main] [,] INFO   o.s.b.a.l.ConditionEvaluationReportLoggingListener - 

Error starting ApplicationContext. To display the conditions report re-run your application with 'debug' enabled.
2023-06-17 10:40:38 [main] [,] ERROR  o.s.boot.SpringApplication - Application run failed
org.springframework.beans.factory.UnsatisfiedDependencyException: Error creating bean with name 'twitterElasticRepositoryQueryClient' defined in file [/Users/lipuhung/Documents/Udemy/Master-event-driven-microservices/self-practice/microservices-demo/elastic/elastic-query-client/target/classes/com/microservices/demo/elastic/query/client/service/impl/TwitterElasticRepositoryQueryClient.class]: Unsatisfied dependency expressed through constructor parameter 0; nested exception is org.springframework.beans.factory.BeanCreationException: Error creating bean with name 'twitterElasticsearchQueryRepository' defined in com.microservices.demo.elastic.query.client.repository.TwitterElasticsearchQueryRepository defined in @EnableElasticsearchRepositories declared on ElasticsearchConfig: Invocation of init method failed; nested exception is org.springframework.beans.BeanInstantiationException: Failed to instantiate [org.springframework.data.elasticsearch.repository.support.SimpleElasticsearchRepository]: Constructor threw exception; nested exception is org.springframework.data.elasticsearch.UncategorizedElasticsearchException: java.util.concurrent.ExecutionException: java.net.ConnectException: Connection refused; nested exception is ElasticsearchException[java.util.concurrent.ExecutionException: java.net.ConnectException: Connection refused]; nested: ExecutionException[java.net.ConnectException: Connection refused]; nested: ConnectException[Connection refused];
	at org.springframework.beans.factory.support.ConstructorResolver.createArgumentArray(ConstructorResolver.java:800)
	at org.springframework.beans.factory.support.ConstructorResolver.autowireConstructor(ConstructorResolver.java:229)
	at org.springframework.beans.factory.support.AbstractAutowireCapableBeanFactory.autowireConstructor(AbstractAutowireCapableBeanFactory.java:1372)
	at org.springframework.beans.factory.support.AbstractAutowireCapableBeanFactory.createBeanInstance(AbstractAutowireCapableBeanFactory.java:1222)
	at org.springframework.beans.factory.support.AbstractAutowireCapableBeanFactory.doCreateBean(AbstractAutowireCapableBeanFactory.java:582)
	at org.springframework.beans.factory.support.AbstractAutowireCapableBeanFactory.createBean(AbstractAutowireCapableBeanFactory.java:542)
	at org.springframework.beans.factory.support.AbstractBeanFactory.lambda$doGetBean$0(AbstractBeanFactory.java:335)
	at org.springframework.beans.factory.support.DefaultSingletonBeanRegistry.getSingleton(DefaultSingletonBeanRegistry.java:234)
	at org.springframework.beans.factory.support.AbstractBeanFactory.doGetBean(AbstractBeanFactory.java:333)
	at org.springframework.beans.factory.support.AbstractBeanFactory.getBean(AbstractBeanFactory.java:208)
	at org.springframework.beans.factory.support.DefaultListableBeanFactory.preInstantiateSingletons(DefaultListableBeanFactory.java:955)
	at org.springframework.context.support.AbstractApplicationContext.finishBeanFactoryInitialization(AbstractApplicationContext.java:918)
	at org.springframework.context.support.AbstractApplicationContext.refresh(AbstractApplicationContext.java:583)
	at org.springframework.boot.web.servlet.context.ServletWebServerApplicationContext.refresh(ServletWebServerApplicationContext.java:147)
	at org.springframework.boot.SpringApplication.refresh(SpringApplication.java:734)
	at org.springframework.boot.SpringApplication.refreshContext(SpringApplication.java:408)
	at org.springframework.boot.SpringApplication.run(SpringApplication.java:308)
	at org.springframework.boot.SpringApplication.run(SpringApplication.java:1306)
	at org.springframework.boot.SpringApplication.run(SpringApplication.java:1295)
	at com.microservices.demo.elastic.query.service.ElasticQueryServiceApplication.main(ElasticQueryServiceApplication.java:11)
Caused by: org.springframework.beans.factory.BeanCreationException: Error creating bean with name 'twitterElasticsearchQueryRepository' defined in com.microservices.demo.elastic.query.client.repository.TwitterElasticsearchQueryRepository defined in @EnableElasticsearchRepositories declared on ElasticsearchConfig: Invocation of init method failed; nested exception is org.springframework.beans.BeanInstantiationException: Failed to instantiate [org.springframework.data.elasticsearch.repository.support.SimpleElasticsearchRepository]: Constructor threw exception; nested exception is org.springframework.data.elasticsearch.UncategorizedElasticsearchException: java.util.concurrent.ExecutionException: java.net.ConnectException: Connection refused; nested exception is ElasticsearchException[java.util.concurrent.ExecutionException: java.net.ConnectException: Connection refused]; nested: ExecutionException[java.net.ConnectException: Connection refused]; nested: ConnectException[Connection refused];
	at org.springframework.beans.factory.support.AbstractAutowireCapableBeanFactory.initializeBean(AbstractAutowireCapableBeanFactory.java:1804)
	at org.springframework.beans.factory.support.AbstractAutowireCapableBeanFactory.doCreateBean(AbstractAutowireCapableBeanFactory.java:620)
	at org.springframework.beans.factory.support.AbstractAutowireCapableBeanFactory.createBean(AbstractAutowireCapableBeanFactory.java:542)
	at org.springframework.beans.factory.support.AbstractBeanFactory.lambda$doGetBean$0(AbstractBeanFactory.java:335)
	at org.springframework.beans.factory.support.DefaultSingletonBeanRegistry.getSingleton(DefaultSingletonBeanRegistry.java:234)
	at org.springframework.beans.factory.support.AbstractBeanFactory.doGetBean(AbstractBeanFactory.java:333)
	at org.springframework.beans.factory.support.AbstractBeanFactory.getBean(AbstractBeanFactory.java:208)
	at org.springframework.beans.factory.config.DependencyDescriptor.resolveCandidate(DependencyDescriptor.java:276)
	at org.springframework.beans.factory.support.DefaultListableBeanFactory.doResolveDependency(DefaultListableBeanFactory.java:1391)
	at org.springframework.beans.factory.support.DefaultListableBeanFactory.resolveDependency(DefaultListableBeanFactory.java:1311)
	at org.springframework.beans.factory.support.ConstructorResolver.resolveAutowiredArgument(ConstructorResolver.java:887)
	at org.springframework.beans.factory.support.ConstructorResolver.createArgumentArray(ConstructorResolver.java:791)
	... 19 common frames omitted
Caused by: org.springframework.beans.BeanInstantiationException: Failed to instantiate [org.springframework.data.elasticsearch.repository.support.SimpleElasticsearchRepository]: Constructor threw exception; nested exception is org.springframework.data.elasticsearch.UncategorizedElasticsearchException: java.util.concurrent.ExecutionException: java.net.ConnectException: Connection refused; nested exception is ElasticsearchException[java.util.concurrent.ExecutionException: java.net.ConnectException: Connection refused]; nested: ExecutionException[java.net.ConnectException: Connection refused]; nested: ConnectException[Connection refused];
	at org.springframework.beans.BeanUtils.instantiateClass(BeanUtils.java:224)
	at org.springframework.data.repository.core.support.RepositoryFactorySupport.lambda$instantiateClass$5(RepositoryFactorySupport.java:579)
	at java.base/java.util.Optional.map(Optional.java:265)
	at org.springframework.data.repository.core.support.RepositoryFactorySupport.instantiateClass(RepositoryFactorySupport.java:579)
	at org.springframework.data.repository.core.support.RepositoryFactorySupport.getTargetRepositoryViaReflection(RepositoryFactorySupport.java:544)
	at org.springframework.data.elasticsearch.repository.support.ElasticsearchRepositoryFactory.getTargetRepository(ElasticsearchRepositoryFactory.java:74)
	at org.springframework.data.repository.core.support.RepositoryFactorySupport.getRepository(RepositoryFactorySupport.java:325)
	at org.springframework.data.repository.core.support.RepositoryFactoryBeanSupport.lambda$afterPropertiesSet$5(RepositoryFactoryBeanSupport.java:323)
	at org.springframework.data.util.Lazy.getNullable(Lazy.java:231)
	at org.springframework.data.util.Lazy.get(Lazy.java:115)
	at org.springframework.data.repository.core.support.RepositoryFactoryBeanSupport.afterPropertiesSet(RepositoryFactoryBeanSupport.java:329)
	at org.springframework.data.elasticsearch.repository.support.ElasticsearchRepositoryFactoryBean.afterPropertiesSet(ElasticsearchRepositoryFactoryBean.java:69)
	at org.springframework.beans.factory.support.AbstractAutowireCapableBeanFactory.invokeInitMethods(AbstractAutowireCapableBeanFactory.java:1863)
	at org.springframework.beans.factory.support.AbstractAutowireCapableBeanFactory.initializeBean(AbstractAutowireCapableBeanFactory.java:1800)
	... 30 common frames omitted
Caused by: org.springframework.data.elasticsearch.UncategorizedElasticsearchException: java.util.concurrent.ExecutionException: java.net.ConnectException: Connection refused; nested exception is ElasticsearchException[java.util.concurrent.ExecutionException: java.net.ConnectException: Connection refused]; nested: ExecutionException[java.net.ConnectException: Connection refused]; nested: ConnectException[Connection refused];
	at org.springframework.data.elasticsearch.core.ElasticsearchExceptionTranslator.translateExceptionIfPossible(ElasticsearchExceptionTranslator.java:72)
	at org.springframework.data.elasticsearch.core.ElasticsearchRestTemplate.translateException(ElasticsearchRestTemplate.java:601)
	at org.springframework.data.elasticsearch.core.ElasticsearchRestTemplate.execute(ElasticsearchRestTemplate.java:584)
	at org.springframework.data.elasticsearch.core.RestIndexTemplate.doExists(RestIndexTemplate.java:106)
	at org.springframework.data.elasticsearch.core.AbstractIndexTemplate.exists(AbstractIndexTemplate.java:130)
	at org.springframework.data.elasticsearch.repository.support.SimpleElasticsearchRepository.<init>(SimpleElasticsearchRepository.java:87)
	at java.base/jdk.internal.reflect.NativeConstructorAccessorImpl.newInstance0(Native Method)
	at java.base/jdk.internal.reflect.NativeConstructorAccessorImpl.newInstance(NativeConstructorAccessorImpl.java:62)
	at java.base/jdk.internal.reflect.DelegatingConstructorAccessorImpl.newInstance(DelegatingConstructorAccessorImpl.java:45)
	at java.base/java.lang.reflect.Constructor.newInstance(Constructor.java:490)
	at org.springframework.beans.BeanUtils.instantiateClass(BeanUtils.java:211)
	... 43 common frames omitted
Caused by: org.elasticsearch.ElasticsearchException: java.util.concurrent.ExecutionException: java.net.ConnectException: Connection refused
	at org.elasticsearch.client.RestHighLevelClient.performClientRequest(RestHighLevelClient.java:2695)
	at org.elasticsearch.client.RestHighLevelClient.internalPerformRequest(RestHighLevelClient.java:2171)
	at org.elasticsearch.client.RestHighLevelClient.performRequest(RestHighLevelClient.java:2154)
	at org.elasticsearch.client.IndicesClient.exists(IndicesClient.java:1279)
	at org.springframework.data.elasticsearch.core.RestIndexTemplate.lambda$doExists$2(RestIndexTemplate.java:106)
	at org.springframework.data.elasticsearch.core.ElasticsearchRestTemplate.execute(ElasticsearchRestTemplate.java:582)
	... 51 common frames omitted
Caused by: java.util.concurrent.ExecutionException: java.net.ConnectException: Connection refused
	at org.elasticsearch.common.util.concurrent.BaseFuture$Sync.getValue(BaseFuture.java:257)
	at org.elasticsearch.common.util.concurrent.BaseFuture$Sync.get(BaseFuture.java:244)
	at org.elasticsearch.common.util.concurrent.BaseFuture.get(BaseFuture.java:75)
	at org.elasticsearch.client.RestHighLevelClient.performClientRequest(RestHighLevelClient.java:2692)
	... 56 common frames omitted
Caused by: java.net.ConnectException: Connection refused
	at java.base/sun.nio.ch.SocketChannelImpl.checkConnect(Native Method)
	at java.base/sun.nio.ch.SocketChannelImpl.finishConnect(SocketChannelImpl.java:779)
	at org.apache.http.impl.nio.reactor.DefaultConnectingIOReactor.processEvent(DefaultConnectingIOReactor.java:174)
	at org.apache.http.impl.nio.reactor.DefaultConnectingIOReactor.processEvents(DefaultConnectingIOReactor.java:148)
	at org.apache.http.impl.nio.reactor.AbstractMultiworkerIOReactor.execute(AbstractMultiworkerIOReactor.java:351)
	at org.apache.http.impl.nio.conn.PoolingNHttpClientConnectionManager.execute(PoolingNHttpClientConnectionManager.java:221)
	at org.apache.http.impl.nio.client.CloseableHttpAsyncClientBase$1.run(CloseableHttpAsyncClientBase.java:64)
	at java.base/java.lang.Thread.run(Thread.java:834)
2023-06-17 11:07:21 [main] [,] INFO   c.m.d.e.q.s.ElasticQueryServiceApplication - Starting ElasticQueryServiceApplication using Java 11.0.19 on rihiroshis-MacBook-Air.local with PID 21168 (/Users/lipuhung/Documents/Udemy/Master-event-driven-microservices/self-practice/microservices-demo/elastic-query-service/target/classes started by lipuhung in /Users/lipuhung/Documents/Udemy/Master-event-driven-microservices/self-practice/microservices-demo)
2023-06-17 11:07:21 [main] [,] INFO   c.m.d.e.q.s.ElasticQueryServiceApplication - The following 1 profile is active: "elastic_query"
2023-06-17 11:07:21 [main] [,] INFO   o.s.c.c.c.ConfigServerConfigDataLoader - Fetching config from server at : http://localhost:8888
2023-06-17 11:07:21 [main] [,] INFO   o.s.c.c.c.ConfigServerConfigDataLoader - Located environment: name=elastic-query-service,config-client, profiles=[elastic_query], label=null, version=1de6ff823791865824ebbe1a84056a8b05335215, state=null
2023-06-17 11:07:21 [main] [,] INFO   o.s.d.r.c.RepositoryConfigurationDelegate - Bootstrapping Spring Data Elasticsearch repositories in DEFAULT mode.
2023-06-17 11:07:21 [main] [,] INFO   o.s.d.r.c.RepositoryConfigurationDelegate - Finished Spring Data repository scanning in 25 ms. Found 1 Elasticsearch repository interfaces.
2023-06-17 11:07:21 [main] [,] INFO   o.s.d.r.c.RepositoryConfigurationDelegate - Bootstrapping Spring Data Reactive Elasticsearch repositories in DEFAULT mode.
2023-06-17 11:07:21 [main] [,] INFO   o.s.d.r.c.RepositoryConfigurationDelegate - Finished Spring Data repository scanning in 1 ms. Found 0 Reactive Elasticsearch repository interfaces.
2023-06-17 11:07:21 [main] [,] INFO   o.s.cloud.context.scope.GenericScope - BeanFactory id=282f14e5-3ff0-3fc5-bba1-dbfb497b4e7a
2023-06-17 11:07:22 [main] [,] INFO   o.s.b.w.e.tomcat.TomcatWebServer - Tomcat initialized with port(s): 8183 (http)
2023-06-17 11:07:22 [main] [,] INFO   o.a.coyote.http11.Http11NioProtocol - Initializing ProtocolHandler ["http-nio-8183"]
2023-06-17 11:07:22 [main] [,] INFO   o.a.catalina.core.StandardService - Starting service [Tomcat]
2023-06-17 11:07:22 [main] [,] INFO   o.a.catalina.core.StandardEngine - Starting Servlet engine: [Apache Tomcat/9.0.68]
2023-06-17 11:07:22 [main] [,] INFO   o.a.c.c.C.[.[.[/elastic-query-service] - Initializing Spring embedded WebApplicationContext
2023-06-17 11:07:22 [main] [,] INFO   o.s.b.w.s.c.ServletWebServerApplicationContext - Root WebApplicationContext: initialization completed in 680 ms
2023-06-17 11:07:22 [main] [,] WARN   o.s.b.w.s.c.AnnotationConfigServletWebServerApplicationContext - Exception encountered during context initialization - cancelling refresh attempt: org.springframework.beans.factory.UnsatisfiedDependencyException: Error creating bean with name 'twitterElasticRepositoryQueryClient' defined in file [/Users/lipuhung/Documents/Udemy/Master-event-driven-microservices/self-practice/microservices-demo/elastic/elastic-query-client/target/classes/com/microservices/demo/elastic/query/client/service/impl/TwitterElasticRepositoryQueryClient.class]: Unsatisfied dependency expressed through constructor parameter 0; nested exception is org.springframework.beans.factory.BeanCreationException: Error creating bean with name 'twitterElasticsearchQueryRepository' defined in com.microservices.demo.elastic.query.client.repository.TwitterElasticsearchQueryRepository defined in @EnableElasticsearchRepositories declared on ElasticsearchConfig: Invocation of init method failed; nested exception is org.springframework.beans.BeanInstantiationException: Failed to instantiate [org.springframework.data.elasticsearch.repository.support.SimpleElasticsearchRepository]: Constructor threw exception; nested exception is org.springframework.data.elasticsearch.UncategorizedElasticsearchException: java.util.concurrent.ExecutionException: java.net.ConnectException: Connection refused; nested exception is ElasticsearchException[java.util.concurrent.ExecutionException: java.net.ConnectException: Connection refused]; nested: ExecutionException[java.net.ConnectException: Connection refused]; nested: ConnectException[Connection refused];
2023-06-17 11:07:23 [main] [,] INFO   o.a.catalina.core.StandardService - Stopping service [Tomcat]
2023-06-17 11:07:23 [main] [,] INFO   o.s.b.a.l.ConditionEvaluationReportLoggingListener - 

Error starting ApplicationContext. To display the conditions report re-run your application with 'debug' enabled.
2023-06-17 11:07:23 [main] [,] ERROR  o.s.boot.SpringApplication - Application run failed
org.springframework.beans.factory.UnsatisfiedDependencyException: Error creating bean with name 'twitterElasticRepositoryQueryClient' defined in file [/Users/lipuhung/Documents/Udemy/Master-event-driven-microservices/self-practice/microservices-demo/elastic/elastic-query-client/target/classes/com/microservices/demo/elastic/query/client/service/impl/TwitterElasticRepositoryQueryClient.class]: Unsatisfied dependency expressed through constructor parameter 0; nested exception is org.springframework.beans.factory.BeanCreationException: Error creating bean with name 'twitterElasticsearchQueryRepository' defined in com.microservices.demo.elastic.query.client.repository.TwitterElasticsearchQueryRepository defined in @EnableElasticsearchRepositories declared on ElasticsearchConfig: Invocation of init method failed; nested exception is org.springframework.beans.BeanInstantiationException: Failed to instantiate [org.springframework.data.elasticsearch.repository.support.SimpleElasticsearchRepository]: Constructor threw exception; nested exception is org.springframework.data.elasticsearch.UncategorizedElasticsearchException: java.util.concurrent.ExecutionException: java.net.ConnectException: Connection refused; nested exception is ElasticsearchException[java.util.concurrent.ExecutionException: java.net.ConnectException: Connection refused]; nested: ExecutionException[java.net.ConnectException: Connection refused]; nested: ConnectException[Connection refused];
	at org.springframework.beans.factory.support.ConstructorResolver.createArgumentArray(ConstructorResolver.java:800)
	at org.springframework.beans.factory.support.ConstructorResolver.autowireConstructor(ConstructorResolver.java:229)
	at org.springframework.beans.factory.support.AbstractAutowireCapableBeanFactory.autowireConstructor(AbstractAutowireCapableBeanFactory.java:1372)
	at org.springframework.beans.factory.support.AbstractAutowireCapableBeanFactory.createBeanInstance(AbstractAutowireCapableBeanFactory.java:1222)
	at org.springframework.beans.factory.support.AbstractAutowireCapableBeanFactory.doCreateBean(AbstractAutowireCapableBeanFactory.java:582)
	at org.springframework.beans.factory.support.AbstractAutowireCapableBeanFactory.createBean(AbstractAutowireCapableBeanFactory.java:542)
	at org.springframework.beans.factory.support.AbstractBeanFactory.lambda$doGetBean$0(AbstractBeanFactory.java:335)
	at org.springframework.beans.factory.support.DefaultSingletonBeanRegistry.getSingleton(DefaultSingletonBeanRegistry.java:234)
	at org.springframework.beans.factory.support.AbstractBeanFactory.doGetBean(AbstractBeanFactory.java:333)
	at org.springframework.beans.factory.support.AbstractBeanFactory.getBean(AbstractBeanFactory.java:208)
	at org.springframework.beans.factory.support.DefaultListableBeanFactory.preInstantiateSingletons(DefaultListableBeanFactory.java:955)
	at org.springframework.context.support.AbstractApplicationContext.finishBeanFactoryInitialization(AbstractApplicationContext.java:918)
	at org.springframework.context.support.AbstractApplicationContext.refresh(AbstractApplicationContext.java:583)
	at org.springframework.boot.web.servlet.context.ServletWebServerApplicationContext.refresh(ServletWebServerApplicationContext.java:147)
	at org.springframework.boot.SpringApplication.refresh(SpringApplication.java:734)
	at org.springframework.boot.SpringApplication.refreshContext(SpringApplication.java:408)
	at org.springframework.boot.SpringApplication.run(SpringApplication.java:308)
	at org.springframework.boot.SpringApplication.run(SpringApplication.java:1306)
	at org.springframework.boot.SpringApplication.run(SpringApplication.java:1295)
	at com.microservices.demo.elastic.query.service.ElasticQueryServiceApplication.main(ElasticQueryServiceApplication.java:11)
Caused by: org.springframework.beans.factory.BeanCreationException: Error creating bean with name 'twitterElasticsearchQueryRepository' defined in com.microservices.demo.elastic.query.client.repository.TwitterElasticsearchQueryRepository defined in @EnableElasticsearchRepositories declared on ElasticsearchConfig: Invocation of init method failed; nested exception is org.springframework.beans.BeanInstantiationException: Failed to instantiate [org.springframework.data.elasticsearch.repository.support.SimpleElasticsearchRepository]: Constructor threw exception; nested exception is org.springframework.data.elasticsearch.UncategorizedElasticsearchException: java.util.concurrent.ExecutionException: java.net.ConnectException: Connection refused; nested exception is ElasticsearchException[java.util.concurrent.ExecutionException: java.net.ConnectException: Connection refused]; nested: ExecutionException[java.net.ConnectException: Connection refused]; nested: ConnectException[Connection refused];
	at org.springframework.beans.factory.support.AbstractAutowireCapableBeanFactory.initializeBean(AbstractAutowireCapableBeanFactory.java:1804)
	at org.springframework.beans.factory.support.AbstractAutowireCapableBeanFactory.doCreateBean(AbstractAutowireCapableBeanFactory.java:620)
	at org.springframework.beans.factory.support.AbstractAutowireCapableBeanFactory.createBean(AbstractAutowireCapableBeanFactory.java:542)
	at org.springframework.beans.factory.support.AbstractBeanFactory.lambda$doGetBean$0(AbstractBeanFactory.java:335)
	at org.springframework.beans.factory.support.DefaultSingletonBeanRegistry.getSingleton(DefaultSingletonBeanRegistry.java:234)
	at org.springframework.beans.factory.support.AbstractBeanFactory.doGetBean(AbstractBeanFactory.java:333)
	at org.springframework.beans.factory.support.AbstractBeanFactory.getBean(AbstractBeanFactory.java:208)
	at org.springframework.beans.factory.config.DependencyDescriptor.resolveCandidate(DependencyDescriptor.java:276)
	at org.springframework.beans.factory.support.DefaultListableBeanFactory.doResolveDependency(DefaultListableBeanFactory.java:1391)
	at org.springframework.beans.factory.support.DefaultListableBeanFactory.resolveDependency(DefaultListableBeanFactory.java:1311)
	at org.springframework.beans.factory.support.ConstructorResolver.resolveAutowiredArgument(ConstructorResolver.java:887)
	at org.springframework.beans.factory.support.ConstructorResolver.createArgumentArray(ConstructorResolver.java:791)
	... 19 common frames omitted
Caused by: org.springframework.beans.BeanInstantiationException: Failed to instantiate [org.springframework.data.elasticsearch.repository.support.SimpleElasticsearchRepository]: Constructor threw exception; nested exception is org.springframework.data.elasticsearch.UncategorizedElasticsearchException: java.util.concurrent.ExecutionException: java.net.ConnectException: Connection refused; nested exception is ElasticsearchException[java.util.concurrent.ExecutionException: java.net.ConnectException: Connection refused]; nested: ExecutionException[java.net.ConnectException: Connection refused]; nested: ConnectException[Connection refused];
	at org.springframework.beans.BeanUtils.instantiateClass(BeanUtils.java:224)
	at org.springframework.data.repository.core.support.RepositoryFactorySupport.lambda$instantiateClass$5(RepositoryFactorySupport.java:579)
	at java.base/java.util.Optional.map(Optional.java:265)
	at org.springframework.data.repository.core.support.RepositoryFactorySupport.instantiateClass(RepositoryFactorySupport.java:579)
	at org.springframework.data.repository.core.support.RepositoryFactorySupport.getTargetRepositoryViaReflection(RepositoryFactorySupport.java:544)
	at org.springframework.data.elasticsearch.repository.support.ElasticsearchRepositoryFactory.getTargetRepository(ElasticsearchRepositoryFactory.java:74)
	at org.springframework.data.repository.core.support.RepositoryFactorySupport.getRepository(RepositoryFactorySupport.java:325)
	at org.springframework.data.repository.core.support.RepositoryFactoryBeanSupport.lambda$afterPropertiesSet$5(RepositoryFactoryBeanSupport.java:323)
	at org.springframework.data.util.Lazy.getNullable(Lazy.java:231)
	at org.springframework.data.util.Lazy.get(Lazy.java:115)
	at org.springframework.data.repository.core.support.RepositoryFactoryBeanSupport.afterPropertiesSet(RepositoryFactoryBeanSupport.java:329)
	at org.springframework.data.elasticsearch.repository.support.ElasticsearchRepositoryFactoryBean.afterPropertiesSet(ElasticsearchRepositoryFactoryBean.java:69)
	at org.springframework.beans.factory.support.AbstractAutowireCapableBeanFactory.invokeInitMethods(AbstractAutowireCapableBeanFactory.java:1863)
	at org.springframework.beans.factory.support.AbstractAutowireCapableBeanFactory.initializeBean(AbstractAutowireCapableBeanFactory.java:1800)
	... 30 common frames omitted
Caused by: org.springframework.data.elasticsearch.UncategorizedElasticsearchException: java.util.concurrent.ExecutionException: java.net.ConnectException: Connection refused; nested exception is ElasticsearchException[java.util.concurrent.ExecutionException: java.net.ConnectException: Connection refused]; nested: ExecutionException[java.net.ConnectException: Connection refused]; nested: ConnectException[Connection refused];
	at org.springframework.data.elasticsearch.core.ElasticsearchExceptionTranslator.translateExceptionIfPossible(ElasticsearchExceptionTranslator.java:72)
	at org.springframework.data.elasticsearch.core.ElasticsearchRestTemplate.translateException(ElasticsearchRestTemplate.java:601)
	at org.springframework.data.elasticsearch.core.ElasticsearchRestTemplate.execute(ElasticsearchRestTemplate.java:584)
	at org.springframework.data.elasticsearch.core.RestIndexTemplate.doExists(RestIndexTemplate.java:106)
	at org.springframework.data.elasticsearch.core.AbstractIndexTemplate.exists(AbstractIndexTemplate.java:130)
	at org.springframework.data.elasticsearch.repository.support.SimpleElasticsearchRepository.<init>(SimpleElasticsearchRepository.java:87)
	at java.base/jdk.internal.reflect.NativeConstructorAccessorImpl.newInstance0(Native Method)
	at java.base/jdk.internal.reflect.NativeConstructorAccessorImpl.newInstance(NativeConstructorAccessorImpl.java:62)
	at java.base/jdk.internal.reflect.DelegatingConstructorAccessorImpl.newInstance(DelegatingConstructorAccessorImpl.java:45)
	at java.base/java.lang.reflect.Constructor.newInstance(Constructor.java:490)
	at org.springframework.beans.BeanUtils.instantiateClass(BeanUtils.java:211)
	... 43 common frames omitted
Caused by: org.elasticsearch.ElasticsearchException: java.util.concurrent.ExecutionException: java.net.ConnectException: Connection refused
	at org.elasticsearch.client.RestHighLevelClient.performClientRequest(RestHighLevelClient.java:2695)
	at org.elasticsearch.client.RestHighLevelClient.internalPerformRequest(RestHighLevelClient.java:2171)
	at org.elasticsearch.client.RestHighLevelClient.performRequest(RestHighLevelClient.java:2154)
	at org.elasticsearch.client.IndicesClient.exists(IndicesClient.java:1279)
	at org.springframework.data.elasticsearch.core.RestIndexTemplate.lambda$doExists$2(RestIndexTemplate.java:106)
	at org.springframework.data.elasticsearch.core.ElasticsearchRestTemplate.execute(ElasticsearchRestTemplate.java:582)
	... 51 common frames omitted
Caused by: java.util.concurrent.ExecutionException: java.net.ConnectException: Connection refused
	at org.elasticsearch.common.util.concurrent.BaseFuture$Sync.getValue(BaseFuture.java:257)
	at org.elasticsearch.common.util.concurrent.BaseFuture$Sync.get(BaseFuture.java:244)
	at org.elasticsearch.common.util.concurrent.BaseFuture.get(BaseFuture.java:75)
	at org.elasticsearch.client.RestHighLevelClient.performClientRequest(RestHighLevelClient.java:2692)
	... 56 common frames omitted
Caused by: java.net.ConnectException: Connection refused
	at java.base/sun.nio.ch.SocketChannelImpl.checkConnect(Native Method)
	at java.base/sun.nio.ch.SocketChannelImpl.finishConnect(SocketChannelImpl.java:779)
	at org.apache.http.impl.nio.reactor.DefaultConnectingIOReactor.processEvent(DefaultConnectingIOReactor.java:174)
	at org.apache.http.impl.nio.reactor.DefaultConnectingIOReactor.processEvents(DefaultConnectingIOReactor.java:148)
	at org.apache.http.impl.nio.reactor.AbstractMultiworkerIOReactor.execute(AbstractMultiworkerIOReactor.java:351)
	at org.apache.http.impl.nio.conn.PoolingNHttpClientConnectionManager.execute(PoolingNHttpClientConnectionManager.java:221)
	at org.apache.http.impl.nio.client.CloseableHttpAsyncClientBase$1.run(CloseableHttpAsyncClientBase.java:64)
	at java.base/java.lang.Thread.run(Thread.java:834)
