2023-06-09 17:24:20 [background-preinit] INFO  o.h.validator.internal.util.Version - HV000001: Hibernate Validator 6.2.5.Final
2023-06-09 17:24:20 [main] INFO  c.m.demo.config.server.ConfigServer - Starting ConfigServer using Java 11.0.19 on rihiroshis-MacBook-Air.local with PID 27549 (/Users/lipuhung/Documents/Udemy/Master-event-driven-microservices/self-practice/microservices-demo/config-server/target/classes started by lipuhung in /Users/lipuhung/Documents/Udemy/Master-event-driven-microservices/self-practice/microservices-demo)
2023-06-09 17:24:20 [main] INFO  c.m.demo.config.server.ConfigServer - No active profile set, falling back to 1 default profile: "default"
2023-06-09 17:24:21 [main] INFO  o.s.cloud.context.scope.GenericScope - BeanFactory id=2bdec66a-5d26-31df-8947-d4f7c64ba9ec
2023-06-09 17:24:21 [main] INFO  o.s.b.w.e.tomcat.TomcatWebServer - Tomcat initialized with port(s): 8888 (http)
2023-06-09 17:24:21 [main] INFO  o.a.coyote.http11.Http11NioProtocol - Initializing ProtocolHandler ["http-nio-8888"]
2023-06-09 17:24:21 [main] INFO  o.a.catalina.core.StandardService - Starting service [Tomcat]
2023-06-09 17:24:21 [main] INFO  o.a.catalina.core.StandardEngine - Starting Servlet engine: [Apache Tomcat/9.0.68]
2023-06-09 17:24:21 [main] INFO  o.a.c.c.C.[Tomcat].[localhost].[/] - Initializing Spring embedded WebApplicationContext
2023-06-09 17:24:21 [main] INFO  o.s.b.w.s.c.ServletWebServerApplicationContext - Root WebApplicationContext: initialization completed in 1034 ms
2023-06-09 17:24:21 [main] WARN  o.s.b.w.s.c.AnnotationConfigServletWebServerApplicationContext - Exception encountered during context initialization - cancelling refresh attempt: org.springframework.beans.factory.BeanCreationException: Error creating bean with name 'defaultEnvironmentRepository' defined in class path resource [org/springframework/cloud/config/server/config/DefaultRepositoryConfiguration.class]: Invocation of init method failed; nested exception is java.lang.IllegalStateException: You need to configure a uri for the git repository.
2023-06-09 17:24:21 [main] INFO  o.a.catalina.core.StandardService - Stopping service [Tomcat]
2023-06-09 17:24:21 [main] INFO  o.s.b.a.l.ConditionEvaluationReportLoggingListener - 

Error starting ApplicationContext. To display the conditions report re-run your application with 'debug' enabled.
2023-06-09 17:24:21 [main] ERROR o.s.b.d.LoggingFailureAnalysisReporter - 

***************************
APPLICATION FAILED TO START
***************************

Description:

Invalid config server configuration.

Action:

If you are using the git profile, you need to set a Git URI in your configuration.  If you have set spring.cloud.config.server.bootstrap=true, you need to use a composite configuration.

2023-06-09 17:29:32 [background-preinit] INFO  o.h.validator.internal.util.Version - HV000001: Hibernate Validator 6.2.5.Final
2023-06-09 17:29:32 [main] INFO  c.m.demo.config.server.ConfigServer - No active profile set, falling back to 1 default profile: "default"
2023-06-09 17:29:32 [main] INFO  o.s.cloud.context.scope.GenericScope - BeanFactory id=cd62ca68-0223-3813-9f8e-eca05e2c12ca
2023-06-09 17:29:33 [main] INFO  o.s.b.w.e.tomcat.TomcatWebServer - Tomcat initialized with port(s): 8888 (http)
2023-06-09 17:29:33 [main] INFO  o.a.coyote.http11.Http11NioProtocol - Initializing ProtocolHandler ["http-nio-8888"]
2023-06-09 17:29:33 [main] INFO  o.a.catalina.core.StandardService - Starting service [Tomcat]
2023-06-09 17:29:33 [main] INFO  o.a.catalina.core.StandardEngine - Starting Servlet engine: [Apache Tomcat/9.0.68]
2023-06-09 17:29:33 [main] INFO  o.a.c.c.C.[Tomcat].[localhost].[/] - Initializing Spring embedded WebApplicationContext
2023-06-09 17:29:33 [main] INFO  o.s.b.w.s.c.ServletWebServerApplicationContext - Root WebApplicationContext: initialization completed in 676 ms
2023-06-09 17:29:35 [main] WARN  o.s.c.c.s.e.MultipleJGitEnvironmentRepository - Error occured cloning to base directory.
org.eclipse.jgit.api.errors.InvalidRemoteException: Invalid remote: origin
	at org.eclipse.jgit.api.FetchCommand.call(FetchCommand.java:221)
	at org.eclipse.jgit.api.CloneCommand.fetch(CloneCommand.java:311)
	at org.eclipse.jgit.api.CloneCommand.call(CloneCommand.java:182)
	at org.springframework.cloud.config.server.environment.JGitEnvironmentRepository.cloneToBasedir(JGitEnvironmentRepository.java:651)
	at org.springframework.cloud.config.server.environment.JGitEnvironmentRepository.initClonedRepository(JGitEnvironmentRepository.java:356)
	at org.springframework.cloud.config.server.environment.JGitEnvironmentRepository.afterPropertiesSet(JGitEnvironmentRepository.java:277)
	at org.springframework.cloud.config.server.environment.MultipleJGitEnvironmentRepository.afterPropertiesSet(MultipleJGitEnvironmentRepository.java:66)
	at org.springframework.beans.factory.support.AbstractAutowireCapableBeanFactory.invokeInitMethods(AbstractAutowireCapableBeanFactory.java:1863)
	at org.springframework.beans.factory.support.AbstractAutowireCapableBeanFactory.initializeBean(AbstractAutowireCapableBeanFactory.java:1800)
	at org.springframework.beans.factory.support.AbstractAutowireCapableBeanFactory.doCreateBean(AbstractAutowireCapableBeanFactory.java:620)
	at org.springframework.beans.factory.support.AbstractAutowireCapableBeanFactory.createBean(AbstractAutowireCapableBeanFactory.java:542)
	at org.springframework.beans.factory.support.AbstractBeanFactory.lambda$doGetBean$0(AbstractBeanFactory.java:335)
	at org.springframework.beans.factory.support.DefaultSingletonBeanRegistry.getSingleton(DefaultSingletonBeanRegistry.java:234)
	at org.springframework.beans.factory.support.AbstractBeanFactory.doGetBean(AbstractBeanFactory.java:333)
	at org.springframework.beans.factory.support.AbstractBeanFactory.getBean(AbstractBeanFactory.java:208)
	at org.springframework.beans.factory.support.DefaultListableBeanFactory.preInstantiateSingletons(DefaultListableBeanFactory.java:955)
	at org.springframework.context.support.AbstractApplicationContext.finishBeanFactoryInitialization(AbstractApplicationContext.java:918)
	at org.springframework.context.support.AbstractApplicationContext.refresh(AbstractApplicationContext.java:583)
	at org.springframework.boot.web.servlet.context.ServletWebServerApplicationContext.refresh(ServletWebServerApplicationContext.java:147)
	at org.springframework.boot.SpringApplication.refresh(SpringApplication.java:734)
	at org.springframework.boot.SpringApplication.refreshContext(SpringApplication.java:408)
	at org.springframework.boot.SpringApplication.run(SpringApplication.java:308)
	at org.springframework.boot.SpringApplication.run(SpringApplication.java:1306)
	at org.springframework.boot.SpringApplication.run(SpringApplication.java:1295)
	at com.microservices.demo.config.server.ConfigServer.main(ConfigServer.java:11)
Caused by: org.eclipse.jgit.errors.NoRemoteRepositoryException: /Users/lipuhung/Documents/Udemy/Master-event-driven-microservices/self-practice/microservices-demo/config-server-repository: not found.
	at org.eclipse.jgit.transport.TransportLocal$1.open(TransportLocal.java:100)
	at org.eclipse.jgit.transport.TransportBundleFile$1.open(TransportBundleFile.java:74)
	at org.eclipse.jgit.transport.Transport.open(Transport.java:521)
	at org.eclipse.jgit.transport.Transport.open(Transport.java:397)
	at org.eclipse.jgit.transport.Transport.open(Transport.java:276)
	at org.eclipse.jgit.transport.Transport.open(Transport.java:244)
	at org.eclipse.jgit.api.FetchCommand.call(FetchCommand.java:205)
	... 24 common frames omitted
2023-06-09 17:29:35 [main] WARN  o.s.b.w.s.c.AnnotationConfigServletWebServerApplicationContext - Exception encountered during context initialization - cancelling refresh attempt: org.springframework.beans.factory.BeanCreationException: Error creating bean with name 'defaultEnvironmentRepository' defined in class path resource [org/springframework/cloud/config/server/config/DefaultRepositoryConfiguration.class]: Invocation of init method failed; nested exception is org.eclipse.jgit.api.errors.InvalidRemoteException: Invalid remote: origin
2023-06-09 17:29:35 [main] INFO  o.a.catalina.core.StandardService - Stopping service [Tomcat]
2023-06-09 17:29:35 [main] INFO  o.s.b.a.l.ConditionEvaluationReportLoggingListener - 

Error starting ApplicationContext. To display the conditions report re-run your application with 'debug' enabled.
2023-06-09 17:29:35 [main] ERROR o.s.boot.SpringApplication - Application run failed
org.springframework.beans.factory.BeanCreationException: Error creating bean with name 'defaultEnvironmentRepository' defined in class path resource [org/springframework/cloud/config/server/config/DefaultRepositoryConfiguration.class]: Invocation of init method failed; nested exception is org.eclipse.jgit.api.errors.InvalidRemoteException: Invalid remote: origin
	at org.springframework.beans.factory.support.AbstractAutowireCapableBeanFactory.initializeBean(AbstractAutowireCapableBeanFactory.java:1804)
	at org.springframework.beans.factory.support.AbstractAutowireCapableBeanFactory.doCreateBean(AbstractAutowireCapableBeanFactory.java:620)
	at org.springframework.beans.factory.support.AbstractAutowireCapableBeanFactory.createBean(AbstractAutowireCapableBeanFactory.java:542)
	at org.springframework.beans.factory.support.AbstractBeanFactory.lambda$doGetBean$0(AbstractBeanFactory.java:335)
	at org.springframework.beans.factory.support.DefaultSingletonBeanRegistry.getSingleton(DefaultSingletonBeanRegistry.java:234)
	at org.springframework.beans.factory.support.AbstractBeanFactory.doGetBean(AbstractBeanFactory.java:333)
	at org.springframework.beans.factory.support.AbstractBeanFactory.getBean(AbstractBeanFactory.java:208)
	at org.springframework.beans.factory.support.DefaultListableBeanFactory.preInstantiateSingletons(DefaultListableBeanFactory.java:955)
	at org.springframework.context.support.AbstractApplicationContext.finishBeanFactoryInitialization(AbstractApplicationContext.java:918)
	at org.springframework.context.support.AbstractApplicationContext.refresh(AbstractApplicationContext.java:583)
	at org.springframework.boot.web.servlet.context.ServletWebServerApplicationContext.refresh(ServletWebServerApplicationContext.java:147)
	at org.springframework.boot.SpringApplication.refresh(SpringApplication.java:734)
	at org.springframework.boot.SpringApplication.refreshContext(SpringApplication.java:408)
	at org.springframework.boot.SpringApplication.run(SpringApplication.java:308)
	at org.springframework.boot.SpringApplication.run(SpringApplication.java:1306)
	at org.springframework.boot.SpringApplication.run(SpringApplication.java:1295)
	at com.microservices.demo.config.server.ConfigServer.main(ConfigServer.java:11)
Caused by: org.eclipse.jgit.api.errors.InvalidRemoteException: Invalid remote: origin
	at org.eclipse.jgit.api.FetchCommand.call(FetchCommand.java:221)
	at org.eclipse.jgit.api.CloneCommand.fetch(CloneCommand.java:311)
	at org.eclipse.jgit.api.CloneCommand.call(CloneCommand.java:182)
	at org.springframework.cloud.config.server.environment.JGitEnvironmentRepository.cloneToBasedir(JGitEnvironmentRepository.java:651)
	at org.springframework.cloud.config.server.environment.JGitEnvironmentRepository.initClonedRepository(JGitEnvironmentRepository.java:356)
	at org.springframework.cloud.config.server.environment.JGitEnvironmentRepository.afterPropertiesSet(JGitEnvironmentRepository.java:277)
	at org.springframework.cloud.config.server.environment.MultipleJGitEnvironmentRepository.afterPropertiesSet(MultipleJGitEnvironmentRepository.java:66)
	at org.springframework.beans.factory.support.AbstractAutowireCapableBeanFactory.invokeInitMethods(AbstractAutowireCapableBeanFactory.java:1863)
	at org.springframework.beans.factory.support.AbstractAutowireCapableBeanFactory.initializeBean(AbstractAutowireCapableBeanFactory.java:1800)
	... 16 common frames omitted
Caused by: org.eclipse.jgit.errors.NoRemoteRepositoryException: /Users/lipuhung/Documents/Udemy/Master-event-driven-microservices/self-practice/microservices-demo/config-server-repository: not found.
	at org.eclipse.jgit.transport.TransportLocal$1.open(TransportLocal.java:100)
	at org.eclipse.jgit.transport.TransportBundleFile$1.open(TransportBundleFile.java:74)
	at org.eclipse.jgit.transport.Transport.open(Transport.java:521)
	at org.eclipse.jgit.transport.Transport.open(Transport.java:397)
	at org.eclipse.jgit.transport.Transport.open(Transport.java:276)
	at org.eclipse.jgit.transport.Transport.open(Transport.java:244)
	at org.eclipse.jgit.api.FetchCommand.call(FetchCommand.java:205)
	... 24 common frames omitted
2023-06-09 17:35:18 [background-preinit] INFO  o.h.validator.internal.util.Version - HV000001: Hibernate Validator 6.2.5.Final
2023-06-09 17:35:18 [main] INFO  c.m.demo.config.server.ConfigServer - No active profile set, falling back to 1 default profile: "default"
2023-06-09 17:35:18 [main] INFO  o.s.cloud.context.scope.GenericScope - BeanFactory id=cd62ca68-0223-3813-9f8e-eca05e2c12ca
2023-06-09 17:35:18 [main] INFO  o.s.b.w.e.tomcat.TomcatWebServer - Tomcat initialized with port(s): 8888 (http)
2023-06-09 17:35:18 [main] INFO  o.a.coyote.http11.Http11NioProtocol - Initializing ProtocolHandler ["http-nio-8888"]
2023-06-09 17:35:18 [main] INFO  o.a.catalina.core.StandardService - Starting service [Tomcat]
2023-06-09 17:35:18 [main] INFO  o.a.catalina.core.StandardEngine - Starting Servlet engine: [Apache Tomcat/9.0.68]
2023-06-09 17:35:18 [main] INFO  o.a.c.c.C.[Tomcat].[localhost].[/] - Initializing Spring embedded WebApplicationContext
2023-06-09 17:35:18 [main] INFO  o.s.b.w.s.c.ServletWebServerApplicationContext - Root WebApplicationContext: initialization completed in 555 ms
2023-06-09 17:35:24 [main] WARN  o.a.h.c.p.ResponseProcessCookies - Invalid cookie header: "Set-Cookie: _octo=GH1.1.818443766.1686357323; Path=/; Domain=github.com; Expires=Mon, 10 Jun 2024 00:35:23 GMT; Secure; SameSite=Lax". Invalid 'expires' attribute: Mon, 10 Jun 2024 00:35:23 GMT
2023-06-09 17:35:24 [main] WARN  o.a.h.c.p.ResponseProcessCookies - Invalid cookie header: "Set-Cookie: logged_in=no; Path=/; Domain=github.com; Expires=Mon, 10 Jun 2024 00:35:23 GMT; HttpOnly; Secure; SameSite=Lax". Invalid 'expires' attribute: Mon, 10 Jun 2024 00:35:23 GMT
2023-06-09 17:35:24 [main] WARN  o.s.c.c.s.e.MultipleJGitEnvironmentRepository - Error occured cloning to base directory.
org.eclipse.jgit.api.errors.InvalidRemoteException: Invalid remote: origin
	at org.eclipse.jgit.api.FetchCommand.call(FetchCommand.java:221)
	at org.eclipse.jgit.api.CloneCommand.fetch(CloneCommand.java:311)
	at org.eclipse.jgit.api.CloneCommand.call(CloneCommand.java:182)
	at org.springframework.cloud.config.server.environment.JGitEnvironmentRepository.cloneToBasedir(JGitEnvironmentRepository.java:651)
	at org.springframework.cloud.config.server.environment.JGitEnvironmentRepository.initClonedRepository(JGitEnvironmentRepository.java:356)
	at org.springframework.cloud.config.server.environment.JGitEnvironmentRepository.afterPropertiesSet(JGitEnvironmentRepository.java:277)
	at org.springframework.cloud.config.server.environment.MultipleJGitEnvironmentRepository.afterPropertiesSet(MultipleJGitEnvironmentRepository.java:66)
	at org.springframework.beans.factory.support.AbstractAutowireCapableBeanFactory.invokeInitMethods(AbstractAutowireCapableBeanFactory.java:1863)
	at org.springframework.beans.factory.support.AbstractAutowireCapableBeanFactory.initializeBean(AbstractAutowireCapableBeanFactory.java:1800)
	at org.springframework.beans.factory.support.AbstractAutowireCapableBeanFactory.doCreateBean(AbstractAutowireCapableBeanFactory.java:620)
	at org.springframework.beans.factory.support.AbstractAutowireCapableBeanFactory.createBean(AbstractAutowireCapableBeanFactory.java:542)
	at org.springframework.beans.factory.support.AbstractBeanFactory.lambda$doGetBean$0(AbstractBeanFactory.java:335)
	at org.springframework.beans.factory.support.DefaultSingletonBeanRegistry.getSingleton(DefaultSingletonBeanRegistry.java:234)
	at org.springframework.beans.factory.support.AbstractBeanFactory.doGetBean(AbstractBeanFactory.java:333)
	at org.springframework.beans.factory.support.AbstractBeanFactory.getBean(AbstractBeanFactory.java:208)
	at org.springframework.beans.factory.support.DefaultListableBeanFactory.preInstantiateSingletons(DefaultListableBeanFactory.java:955)
	at org.springframework.context.support.AbstractApplicationContext.finishBeanFactoryInitialization(AbstractApplicationContext.java:918)
	at org.springframework.context.support.AbstractApplicationContext.refresh(AbstractApplicationContext.java:583)
	at org.springframework.boot.web.servlet.context.ServletWebServerApplicationContext.refresh(ServletWebServerApplicationContext.java:147)
	at org.springframework.boot.SpringApplication.refresh(SpringApplication.java:734)
	at org.springframework.boot.SpringApplication.refreshContext(SpringApplication.java:408)
	at org.springframework.boot.SpringApplication.run(SpringApplication.java:308)
	at org.springframework.boot.SpringApplication.run(SpringApplication.java:1306)
	at org.springframework.boot.SpringApplication.run(SpringApplication.java:1295)
	at com.microservices.demo.config.server.ConfigServer.main(ConfigServer.java:11)
Caused by: org.eclipse.jgit.errors.NoRemoteRepositoryException: https://github.com/puhung/Event-driven-microservices/tree/main/config-server-repository: https://github.com/puhung/Event-driven-microservices/tree/main/config-server-repository/info/refs?service=git-upload-pack not found: Not Found
	at org.eclipse.jgit.transport.TransportHttp.createNotFoundException(TransportHttp.java:600)
	at org.eclipse.jgit.transport.TransportHttp.connect(TransportHttp.java:668)
	at org.eclipse.jgit.transport.TransportHttp.openFetch(TransportHttp.java:465)
	at org.eclipse.jgit.transport.FetchProcess.executeImp(FetchProcess.java:142)
	at org.eclipse.jgit.transport.FetchProcess.execute(FetchProcess.java:94)
	at org.eclipse.jgit.transport.Transport.fetch(Transport.java:1309)
	at org.eclipse.jgit.api.FetchCommand.call(FetchCommand.java:213)
	... 24 common frames omitted
2023-06-09 17:35:24 [main] WARN  o.s.b.w.s.c.AnnotationConfigServletWebServerApplicationContext - Exception encountered during context initialization - cancelling refresh attempt: org.springframework.beans.factory.BeanCreationException: Error creating bean with name 'defaultEnvironmentRepository' defined in class path resource [org/springframework/cloud/config/server/config/DefaultRepositoryConfiguration.class]: Invocation of init method failed; nested exception is org.eclipse.jgit.api.errors.InvalidRemoteException: Invalid remote: origin
2023-06-09 17:35:24 [main] INFO  o.a.catalina.core.StandardService - Stopping service [Tomcat]
2023-06-09 17:35:24 [main] INFO  o.s.b.a.l.ConditionEvaluationReportLoggingListener - 

Error starting ApplicationContext. To display the conditions report re-run your application with 'debug' enabled.
2023-06-09 17:35:24 [main] ERROR o.s.boot.SpringApplication - Application run failed
org.springframework.beans.factory.BeanCreationException: Error creating bean with name 'defaultEnvironmentRepository' defined in class path resource [org/springframework/cloud/config/server/config/DefaultRepositoryConfiguration.class]: Invocation of init method failed; nested exception is org.eclipse.jgit.api.errors.InvalidRemoteException: Invalid remote: origin
	at org.springframework.beans.factory.support.AbstractAutowireCapableBeanFactory.initializeBean(AbstractAutowireCapableBeanFactory.java:1804)
	at org.springframework.beans.factory.support.AbstractAutowireCapableBeanFactory.doCreateBean(AbstractAutowireCapableBeanFactory.java:620)
	at org.springframework.beans.factory.support.AbstractAutowireCapableBeanFactory.createBean(AbstractAutowireCapableBeanFactory.java:542)
	at org.springframework.beans.factory.support.AbstractBeanFactory.lambda$doGetBean$0(AbstractBeanFactory.java:335)
	at org.springframework.beans.factory.support.DefaultSingletonBeanRegistry.getSingleton(DefaultSingletonBeanRegistry.java:234)
	at org.springframework.beans.factory.support.AbstractBeanFactory.doGetBean(AbstractBeanFactory.java:333)
	at org.springframework.beans.factory.support.AbstractBeanFactory.getBean(AbstractBeanFactory.java:208)
	at org.springframework.beans.factory.support.DefaultListableBeanFactory.preInstantiateSingletons(DefaultListableBeanFactory.java:955)
	at org.springframework.context.support.AbstractApplicationContext.finishBeanFactoryInitialization(AbstractApplicationContext.java:918)
	at org.springframework.context.support.AbstractApplicationContext.refresh(AbstractApplicationContext.java:583)
	at org.springframework.boot.web.servlet.context.ServletWebServerApplicationContext.refresh(ServletWebServerApplicationContext.java:147)
	at org.springframework.boot.SpringApplication.refresh(SpringApplication.java:734)
	at org.springframework.boot.SpringApplication.refreshContext(SpringApplication.java:408)
	at org.springframework.boot.SpringApplication.run(SpringApplication.java:308)
	at org.springframework.boot.SpringApplication.run(SpringApplication.java:1306)
	at org.springframework.boot.SpringApplication.run(SpringApplication.java:1295)
	at com.microservices.demo.config.server.ConfigServer.main(ConfigServer.java:11)
Caused by: org.eclipse.jgit.api.errors.InvalidRemoteException: Invalid remote: origin
	at org.eclipse.jgit.api.FetchCommand.call(FetchCommand.java:221)
	at org.eclipse.jgit.api.CloneCommand.fetch(CloneCommand.java:311)
	at org.eclipse.jgit.api.CloneCommand.call(CloneCommand.java:182)
	at org.springframework.cloud.config.server.environment.JGitEnvironmentRepository.cloneToBasedir(JGitEnvironmentRepository.java:651)
	at org.springframework.cloud.config.server.environment.JGitEnvironmentRepository.initClonedRepository(JGitEnvironmentRepository.java:356)
	at org.springframework.cloud.config.server.environment.JGitEnvironmentRepository.afterPropertiesSet(JGitEnvironmentRepository.java:277)
	at org.springframework.cloud.config.server.environment.MultipleJGitEnvironmentRepository.afterPropertiesSet(MultipleJGitEnvironmentRepository.java:66)
	at org.springframework.beans.factory.support.AbstractAutowireCapableBeanFactory.invokeInitMethods(AbstractAutowireCapableBeanFactory.java:1863)
	at org.springframework.beans.factory.support.AbstractAutowireCapableBeanFactory.initializeBean(AbstractAutowireCapableBeanFactory.java:1800)
	... 16 common frames omitted
Caused by: org.eclipse.jgit.errors.NoRemoteRepositoryException: https://github.com/puhung/Event-driven-microservices/tree/main/config-server-repository: https://github.com/puhung/Event-driven-microservices/tree/main/config-server-repository/info/refs?service=git-upload-pack not found: Not Found
	at org.eclipse.jgit.transport.TransportHttp.createNotFoundException(TransportHttp.java:600)
	at org.eclipse.jgit.transport.TransportHttp.connect(TransportHttp.java:668)
	at org.eclipse.jgit.transport.TransportHttp.openFetch(TransportHttp.java:465)
	at org.eclipse.jgit.transport.FetchProcess.executeImp(FetchProcess.java:142)
	at org.eclipse.jgit.transport.FetchProcess.execute(FetchProcess.java:94)
	at org.eclipse.jgit.transport.Transport.fetch(Transport.java:1309)
	at org.eclipse.jgit.api.FetchCommand.call(FetchCommand.java:213)
	... 24 common frames omitted
2023-06-09 17:39:53 [background-preinit] INFO  o.h.validator.internal.util.Version - HV000001: Hibernate Validator 6.2.5.Final
2023-06-09 17:39:53 [main] INFO  c.m.demo.config.server.ConfigServer - No active profile set, falling back to 1 default profile: "default"
2023-06-09 17:39:54 [main] INFO  o.s.cloud.context.scope.GenericScope - BeanFactory id=cd62ca68-0223-3813-9f8e-eca05e2c12ca
2023-06-09 17:39:54 [main] INFO  o.s.b.w.e.tomcat.TomcatWebServer - Tomcat initialized with port(s): 8888 (http)
2023-06-09 17:39:54 [main] INFO  o.a.coyote.http11.Http11NioProtocol - Initializing ProtocolHandler ["http-nio-8888"]
2023-06-09 17:39:54 [main] INFO  o.a.catalina.core.StandardService - Starting service [Tomcat]
2023-06-09 17:39:54 [main] INFO  o.a.catalina.core.StandardEngine - Starting Servlet engine: [Apache Tomcat/9.0.68]
2023-06-09 17:39:54 [main] INFO  o.a.c.c.C.[Tomcat].[localhost].[/] - Initializing Spring embedded WebApplicationContext
2023-06-09 17:39:54 [main] INFO  o.s.b.w.s.c.ServletWebServerApplicationContext - Root WebApplicationContext: initialization completed in 558 ms
2023-06-09 17:39:56 [main] WARN  o.a.h.c.p.ResponseProcessCookies - Invalid cookie header: "Set-Cookie: _octo=GH1.1.1215209383.1686357596; Path=/; Domain=github.com; Expires=Mon, 10 Jun 2024 00:39:56 GMT; Secure; SameSite=Lax". Invalid 'expires' attribute: Mon, 10 Jun 2024 00:39:56 GMT
2023-06-09 17:39:56 [main] WARN  o.a.h.c.p.ResponseProcessCookies - Invalid cookie header: "Set-Cookie: logged_in=no; Path=/; Domain=github.com; Expires=Mon, 10 Jun 2024 00:39:56 GMT; HttpOnly; Secure; SameSite=Lax". Invalid 'expires' attribute: Mon, 10 Jun 2024 00:39:56 GMT
2023-06-09 17:39:56 [main] WARN  o.s.c.c.s.e.MultipleJGitEnvironmentRepository - Error occured cloning to base directory.
org.eclipse.jgit.api.errors.InvalidRemoteException: Invalid remote: origin
	at org.eclipse.jgit.api.FetchCommand.call(FetchCommand.java:221)
	at org.eclipse.jgit.api.CloneCommand.fetch(CloneCommand.java:311)
	at org.eclipse.jgit.api.CloneCommand.call(CloneCommand.java:182)
	at org.springframework.cloud.config.server.environment.JGitEnvironmentRepository.cloneToBasedir(JGitEnvironmentRepository.java:651)
	at org.springframework.cloud.config.server.environment.JGitEnvironmentRepository.initClonedRepository(JGitEnvironmentRepository.java:356)
	at org.springframework.cloud.config.server.environment.JGitEnvironmentRepository.afterPropertiesSet(JGitEnvironmentRepository.java:277)
	at org.springframework.cloud.config.server.environment.MultipleJGitEnvironmentRepository.afterPropertiesSet(MultipleJGitEnvironmentRepository.java:66)
	at org.springframework.beans.factory.support.AbstractAutowireCapableBeanFactory.invokeInitMethods(AbstractAutowireCapableBeanFactory.java:1863)
	at org.springframework.beans.factory.support.AbstractAutowireCapableBeanFactory.initializeBean(AbstractAutowireCapableBeanFactory.java:1800)
	at org.springframework.beans.factory.support.AbstractAutowireCapableBeanFactory.doCreateBean(AbstractAutowireCapableBeanFactory.java:620)
	at org.springframework.beans.factory.support.AbstractAutowireCapableBeanFactory.createBean(AbstractAutowireCapableBeanFactory.java:542)
	at org.springframework.beans.factory.support.AbstractBeanFactory.lambda$doGetBean$0(AbstractBeanFactory.java:335)
	at org.springframework.beans.factory.support.DefaultSingletonBeanRegistry.getSingleton(DefaultSingletonBeanRegistry.java:234)
	at org.springframework.beans.factory.support.AbstractBeanFactory.doGetBean(AbstractBeanFactory.java:333)
	at org.springframework.beans.factory.support.AbstractBeanFactory.getBean(AbstractBeanFactory.java:208)
	at org.springframework.beans.factory.support.DefaultListableBeanFactory.preInstantiateSingletons(DefaultListableBeanFactory.java:955)
	at org.springframework.context.support.AbstractApplicationContext.finishBeanFactoryInitialization(AbstractApplicationContext.java:918)
	at org.springframework.context.support.AbstractApplicationContext.refresh(AbstractApplicationContext.java:583)
	at org.springframework.boot.web.servlet.context.ServletWebServerApplicationContext.refresh(ServletWebServerApplicationContext.java:147)
	at org.springframework.boot.SpringApplication.refresh(SpringApplication.java:734)
	at org.springframework.boot.SpringApplication.refreshContext(SpringApplication.java:408)
	at org.springframework.boot.SpringApplication.run(SpringApplication.java:308)
	at org.springframework.boot.SpringApplication.run(SpringApplication.java:1306)
	at org.springframework.boot.SpringApplication.run(SpringApplication.java:1295)
	at com.microservices.demo.config.server.ConfigServer.main(ConfigServer.java:11)
Caused by: org.eclipse.jgit.errors.NoRemoteRepositoryException: https://github.com/puhung/Event-driven-microservices/tree/main/config-server-repository: https://github.com/puhung/Event-driven-microservices/tree/main/config-server-repository/info/refs?service=git-upload-pack not found: Not Found
	at org.eclipse.jgit.transport.TransportHttp.createNotFoundException(TransportHttp.java:600)
	at org.eclipse.jgit.transport.TransportHttp.connect(TransportHttp.java:668)
	at org.eclipse.jgit.transport.TransportHttp.openFetch(TransportHttp.java:465)
	at org.eclipse.jgit.transport.FetchProcess.executeImp(FetchProcess.java:142)
	at org.eclipse.jgit.transport.FetchProcess.execute(FetchProcess.java:94)
	at org.eclipse.jgit.transport.Transport.fetch(Transport.java:1309)
	at org.eclipse.jgit.api.FetchCommand.call(FetchCommand.java:213)
	... 24 common frames omitted
2023-06-09 17:39:56 [main] WARN  o.s.b.w.s.c.AnnotationConfigServletWebServerApplicationContext - Exception encountered during context initialization - cancelling refresh attempt: org.springframework.beans.factory.BeanCreationException: Error creating bean with name 'defaultEnvironmentRepository' defined in class path resource [org/springframework/cloud/config/server/config/DefaultRepositoryConfiguration.class]: Invocation of init method failed; nested exception is org.eclipse.jgit.api.errors.InvalidRemoteException: Invalid remote: origin
2023-06-09 17:39:56 [main] INFO  o.a.catalina.core.StandardService - Stopping service [Tomcat]
2023-06-09 17:39:56 [main] INFO  o.s.b.a.l.ConditionEvaluationReportLoggingListener - 

Error starting ApplicationContext. To display the conditions report re-run your application with 'debug' enabled.
2023-06-09 17:39:56 [main] ERROR o.s.boot.SpringApplication - Application run failed
org.springframework.beans.factory.BeanCreationException: Error creating bean with name 'defaultEnvironmentRepository' defined in class path resource [org/springframework/cloud/config/server/config/DefaultRepositoryConfiguration.class]: Invocation of init method failed; nested exception is org.eclipse.jgit.api.errors.InvalidRemoteException: Invalid remote: origin
	at org.springframework.beans.factory.support.AbstractAutowireCapableBeanFactory.initializeBean(AbstractAutowireCapableBeanFactory.java:1804)
	at org.springframework.beans.factory.support.AbstractAutowireCapableBeanFactory.doCreateBean(AbstractAutowireCapableBeanFactory.java:620)
	at org.springframework.beans.factory.support.AbstractAutowireCapableBeanFactory.createBean(AbstractAutowireCapableBeanFactory.java:542)
	at org.springframework.beans.factory.support.AbstractBeanFactory.lambda$doGetBean$0(AbstractBeanFactory.java:335)
	at org.springframework.beans.factory.support.DefaultSingletonBeanRegistry.getSingleton(DefaultSingletonBeanRegistry.java:234)
	at org.springframework.beans.factory.support.AbstractBeanFactory.doGetBean(AbstractBeanFactory.java:333)
	at org.springframework.beans.factory.support.AbstractBeanFactory.getBean(AbstractBeanFactory.java:208)
	at org.springframework.beans.factory.support.DefaultListableBeanFactory.preInstantiateSingletons(DefaultListableBeanFactory.java:955)
	at org.springframework.context.support.AbstractApplicationContext.finishBeanFactoryInitialization(AbstractApplicationContext.java:918)
	at org.springframework.context.support.AbstractApplicationContext.refresh(AbstractApplicationContext.java:583)
	at org.springframework.boot.web.servlet.context.ServletWebServerApplicationContext.refresh(ServletWebServerApplicationContext.java:147)
	at org.springframework.boot.SpringApplication.refresh(SpringApplication.java:734)
	at org.springframework.boot.SpringApplication.refreshContext(SpringApplication.java:408)
	at org.springframework.boot.SpringApplication.run(SpringApplication.java:308)
	at org.springframework.boot.SpringApplication.run(SpringApplication.java:1306)
	at org.springframework.boot.SpringApplication.run(SpringApplication.java:1295)
	at com.microservices.demo.config.server.ConfigServer.main(ConfigServer.java:11)
Caused by: org.eclipse.jgit.api.errors.InvalidRemoteException: Invalid remote: origin
	at org.eclipse.jgit.api.FetchCommand.call(FetchCommand.java:221)
	at org.eclipse.jgit.api.CloneCommand.fetch(CloneCommand.java:311)
	at org.eclipse.jgit.api.CloneCommand.call(CloneCommand.java:182)
	at org.springframework.cloud.config.server.environment.JGitEnvironmentRepository.cloneToBasedir(JGitEnvironmentRepository.java:651)
	at org.springframework.cloud.config.server.environment.JGitEnvironmentRepository.initClonedRepository(JGitEnvironmentRepository.java:356)
	at org.springframework.cloud.config.server.environment.JGitEnvironmentRepository.afterPropertiesSet(JGitEnvironmentRepository.java:277)
	at org.springframework.cloud.config.server.environment.MultipleJGitEnvironmentRepository.afterPropertiesSet(MultipleJGitEnvironmentRepository.java:66)
	at org.springframework.beans.factory.support.AbstractAutowireCapableBeanFactory.invokeInitMethods(AbstractAutowireCapableBeanFactory.java:1863)
	at org.springframework.beans.factory.support.AbstractAutowireCapableBeanFactory.initializeBean(AbstractAutowireCapableBeanFactory.java:1800)
	... 16 common frames omitted
Caused by: org.eclipse.jgit.errors.NoRemoteRepositoryException: https://github.com/puhung/Event-driven-microservices/tree/main/config-server-repository: https://github.com/puhung/Event-driven-microservices/tree/main/config-server-repository/info/refs?service=git-upload-pack not found: Not Found
	at org.eclipse.jgit.transport.TransportHttp.createNotFoundException(TransportHttp.java:600)
	at org.eclipse.jgit.transport.TransportHttp.connect(TransportHttp.java:668)
	at org.eclipse.jgit.transport.TransportHttp.openFetch(TransportHttp.java:465)
	at org.eclipse.jgit.transport.FetchProcess.executeImp(FetchProcess.java:142)
	at org.eclipse.jgit.transport.FetchProcess.execute(FetchProcess.java:94)
	at org.eclipse.jgit.transport.Transport.fetch(Transport.java:1309)
	at org.eclipse.jgit.api.FetchCommand.call(FetchCommand.java:213)
	... 24 common frames omitted
2023-06-09 17:45:33 [background-preinit] INFO  o.h.validator.internal.util.Version - HV000001: Hibernate Validator 6.2.5.Final
2023-06-09 17:45:33 [main] INFO  c.m.demo.config.server.ConfigServer - No active profile set, falling back to 1 default profile: "default"
2023-06-09 17:45:33 [main] INFO  o.s.cloud.context.scope.GenericScope - BeanFactory id=cd62ca68-0223-3813-9f8e-eca05e2c12ca
2023-06-09 17:45:34 [main] INFO  o.s.b.w.e.tomcat.TomcatWebServer - Tomcat initialized with port(s): 8888 (http)
2023-06-09 17:45:34 [main] INFO  o.a.coyote.http11.Http11NioProtocol - Initializing ProtocolHandler ["http-nio-8888"]
2023-06-09 17:45:34 [main] INFO  o.a.catalina.core.StandardService - Starting service [Tomcat]
2023-06-09 17:45:34 [main] INFO  o.a.catalina.core.StandardEngine - Starting Servlet engine: [Apache Tomcat/9.0.68]
2023-06-09 17:45:34 [main] INFO  o.a.c.c.C.[Tomcat].[localhost].[/] - Initializing Spring embedded WebApplicationContext
2023-06-09 17:45:34 [main] INFO  o.s.b.w.s.c.ServletWebServerApplicationContext - Root WebApplicationContext: initialization completed in 836 ms
2023-06-09 17:45:35 [main] WARN  o.a.h.c.p.ResponseProcessCookies - Invalid cookie header: "Set-Cookie: _octo=GH1.1.27994288.1686357935; Path=/; Domain=github.com; Expires=Mon, 10 Jun 2024 00:45:35 GMT; Secure; SameSite=Lax". Invalid 'expires' attribute: Mon, 10 Jun 2024 00:45:35 GMT
2023-06-09 17:45:35 [main] WARN  o.a.h.c.p.ResponseProcessCookies - Invalid cookie header: "Set-Cookie: logged_in=no; Path=/; Domain=github.com; Expires=Mon, 10 Jun 2024 00:45:35 GMT; HttpOnly; Secure; SameSite=Lax". Invalid 'expires' attribute: Mon, 10 Jun 2024 00:45:35 GMT
2023-06-09 17:45:35 [main] WARN  o.s.c.c.s.e.MultipleJGitEnvironmentRepository - Error occured cloning to base directory.
org.eclipse.jgit.api.errors.InvalidRemoteException: Invalid remote: origin
	at org.eclipse.jgit.api.FetchCommand.call(FetchCommand.java:221)
	at org.eclipse.jgit.api.CloneCommand.fetch(CloneCommand.java:311)
	at org.eclipse.jgit.api.CloneCommand.call(CloneCommand.java:182)
	at org.springframework.cloud.config.server.environment.JGitEnvironmentRepository.cloneToBasedir(JGitEnvironmentRepository.java:651)
	at org.springframework.cloud.config.server.environment.JGitEnvironmentRepository.initClonedRepository(JGitEnvironmentRepository.java:356)
	at org.springframework.cloud.config.server.environment.JGitEnvironmentRepository.afterPropertiesSet(JGitEnvironmentRepository.java:277)
	at org.springframework.cloud.config.server.environment.MultipleJGitEnvironmentRepository.afterPropertiesSet(MultipleJGitEnvironmentRepository.java:66)
	at org.springframework.beans.factory.support.AbstractAutowireCapableBeanFactory.invokeInitMethods(AbstractAutowireCapableBeanFactory.java:1863)
	at org.springframework.beans.factory.support.AbstractAutowireCapableBeanFactory.initializeBean(AbstractAutowireCapableBeanFactory.java:1800)
	at org.springframework.beans.factory.support.AbstractAutowireCapableBeanFactory.doCreateBean(AbstractAutowireCapableBeanFactory.java:620)
	at org.springframework.beans.factory.support.AbstractAutowireCapableBeanFactory.createBean(AbstractAutowireCapableBeanFactory.java:542)
	at org.springframework.beans.factory.support.AbstractBeanFactory.lambda$doGetBean$0(AbstractBeanFactory.java:335)
	at org.springframework.beans.factory.support.DefaultSingletonBeanRegistry.getSingleton(DefaultSingletonBeanRegistry.java:234)
	at org.springframework.beans.factory.support.AbstractBeanFactory.doGetBean(AbstractBeanFactory.java:333)
	at org.springframework.beans.factory.support.AbstractBeanFactory.getBean(AbstractBeanFactory.java:208)
	at org.springframework.beans.factory.support.DefaultListableBeanFactory.preInstantiateSingletons(DefaultListableBeanFactory.java:955)
	at org.springframework.context.support.AbstractApplicationContext.finishBeanFactoryInitialization(AbstractApplicationContext.java:918)
	at org.springframework.context.support.AbstractApplicationContext.refresh(AbstractApplicationContext.java:583)
	at org.springframework.boot.web.servlet.context.ServletWebServerApplicationContext.refresh(ServletWebServerApplicationContext.java:147)
	at org.springframework.boot.SpringApplication.refresh(SpringApplication.java:734)
	at org.springframework.boot.SpringApplication.refreshContext(SpringApplication.java:408)
	at org.springframework.boot.SpringApplication.run(SpringApplication.java:308)
	at org.springframework.boot.SpringApplication.run(SpringApplication.java:1306)
	at org.springframework.boot.SpringApplication.run(SpringApplication.java:1295)
	at com.microservices.demo.config.server.ConfigServer.main(ConfigServer.java:11)
Caused by: org.eclipse.jgit.errors.NoRemoteRepositoryException: https://github.com/puhung/Event-driven-microservices/tree/main/config-server-repository: https://github.com/puhung/Event-driven-microservices/tree/main/config-server-repository/info/refs?service=git-upload-pack not found: Not Found
	at org.eclipse.jgit.transport.TransportHttp.createNotFoundException(TransportHttp.java:600)
	at org.eclipse.jgit.transport.TransportHttp.connect(TransportHttp.java:668)
	at org.eclipse.jgit.transport.TransportHttp.openFetch(TransportHttp.java:465)
	at org.eclipse.jgit.transport.FetchProcess.executeImp(FetchProcess.java:142)
	at org.eclipse.jgit.transport.FetchProcess.execute(FetchProcess.java:94)
	at org.eclipse.jgit.transport.Transport.fetch(Transport.java:1309)
	at org.eclipse.jgit.api.FetchCommand.call(FetchCommand.java:213)
	... 24 common frames omitted
2023-06-09 17:45:35 [main] WARN  o.s.b.w.s.c.AnnotationConfigServletWebServerApplicationContext - Exception encountered during context initialization - cancelling refresh attempt: org.springframework.beans.factory.BeanCreationException: Error creating bean with name 'defaultEnvironmentRepository' defined in class path resource [org/springframework/cloud/config/server/config/DefaultRepositoryConfiguration.class]: Invocation of init method failed; nested exception is org.eclipse.jgit.api.errors.InvalidRemoteException: Invalid remote: origin
2023-06-09 17:45:35 [main] INFO  o.a.catalina.core.StandardService - Stopping service [Tomcat]
2023-06-09 17:45:35 [main] INFO  o.s.b.a.l.ConditionEvaluationReportLoggingListener - 

Error starting ApplicationContext. To display the conditions report re-run your application with 'debug' enabled.
2023-06-09 17:45:35 [main] ERROR o.s.boot.SpringApplication - Application run failed
org.springframework.beans.factory.BeanCreationException: Error creating bean with name 'defaultEnvironmentRepository' defined in class path resource [org/springframework/cloud/config/server/config/DefaultRepositoryConfiguration.class]: Invocation of init method failed; nested exception is org.eclipse.jgit.api.errors.InvalidRemoteException: Invalid remote: origin
	at org.springframework.beans.factory.support.AbstractAutowireCapableBeanFactory.initializeBean(AbstractAutowireCapableBeanFactory.java:1804)
	at org.springframework.beans.factory.support.AbstractAutowireCapableBeanFactory.doCreateBean(AbstractAutowireCapableBeanFactory.java:620)
	at org.springframework.beans.factory.support.AbstractAutowireCapableBeanFactory.createBean(AbstractAutowireCapableBeanFactory.java:542)
	at org.springframework.beans.factory.support.AbstractBeanFactory.lambda$doGetBean$0(AbstractBeanFactory.java:335)
	at org.springframework.beans.factory.support.DefaultSingletonBeanRegistry.getSingleton(DefaultSingletonBeanRegistry.java:234)
	at org.springframework.beans.factory.support.AbstractBeanFactory.doGetBean(AbstractBeanFactory.java:333)
	at org.springframework.beans.factory.support.AbstractBeanFactory.getBean(AbstractBeanFactory.java:208)
	at org.springframework.beans.factory.support.DefaultListableBeanFactory.preInstantiateSingletons(DefaultListableBeanFactory.java:955)
	at org.springframework.context.support.AbstractApplicationContext.finishBeanFactoryInitialization(AbstractApplicationContext.java:918)
	at org.springframework.context.support.AbstractApplicationContext.refresh(AbstractApplicationContext.java:583)
	at org.springframework.boot.web.servlet.context.ServletWebServerApplicationContext.refresh(ServletWebServerApplicationContext.java:147)
	at org.springframework.boot.SpringApplication.refresh(SpringApplication.java:734)
	at org.springframework.boot.SpringApplication.refreshContext(SpringApplication.java:408)
	at org.springframework.boot.SpringApplication.run(SpringApplication.java:308)
	at org.springframework.boot.SpringApplication.run(SpringApplication.java:1306)
	at org.springframework.boot.SpringApplication.run(SpringApplication.java:1295)
	at com.microservices.demo.config.server.ConfigServer.main(ConfigServer.java:11)
Caused by: org.eclipse.jgit.api.errors.InvalidRemoteException: Invalid remote: origin
	at org.eclipse.jgit.api.FetchCommand.call(FetchCommand.java:221)
	at org.eclipse.jgit.api.CloneCommand.fetch(CloneCommand.java:311)
	at org.eclipse.jgit.api.CloneCommand.call(CloneCommand.java:182)
	at org.springframework.cloud.config.server.environment.JGitEnvironmentRepository.cloneToBasedir(JGitEnvironmentRepository.java:651)
	at org.springframework.cloud.config.server.environment.JGitEnvironmentRepository.initClonedRepository(JGitEnvironmentRepository.java:356)
	at org.springframework.cloud.config.server.environment.JGitEnvironmentRepository.afterPropertiesSet(JGitEnvironmentRepository.java:277)
	at org.springframework.cloud.config.server.environment.MultipleJGitEnvironmentRepository.afterPropertiesSet(MultipleJGitEnvironmentRepository.java:66)
	at org.springframework.beans.factory.support.AbstractAutowireCapableBeanFactory.invokeInitMethods(AbstractAutowireCapableBeanFactory.java:1863)
	at org.springframework.beans.factory.support.AbstractAutowireCapableBeanFactory.initializeBean(AbstractAutowireCapableBeanFactory.java:1800)
	... 16 common frames omitted
Caused by: org.eclipse.jgit.errors.NoRemoteRepositoryException: https://github.com/puhung/Event-driven-microservices/tree/main/config-server-repository: https://github.com/puhung/Event-driven-microservices/tree/main/config-server-repository/info/refs?service=git-upload-pack not found: Not Found
	at org.eclipse.jgit.transport.TransportHttp.createNotFoundException(TransportHttp.java:600)
	at org.eclipse.jgit.transport.TransportHttp.connect(TransportHttp.java:668)
	at org.eclipse.jgit.transport.TransportHttp.openFetch(TransportHttp.java:465)
	at org.eclipse.jgit.transport.FetchProcess.executeImp(FetchProcess.java:142)
	at org.eclipse.jgit.transport.FetchProcess.execute(FetchProcess.java:94)
	at org.eclipse.jgit.transport.Transport.fetch(Transport.java:1309)
	at org.eclipse.jgit.api.FetchCommand.call(FetchCommand.java:213)
	... 24 common frames omitted
2023-06-09 17:52:02 [background-preinit] INFO  o.h.validator.internal.util.Version - HV000001: Hibernate Validator 6.2.5.Final
2023-06-09 17:52:03 [main] INFO  c.m.demo.config.server.ConfigServer - No active profile set, falling back to 1 default profile: "default"
2023-06-09 17:52:03 [main] INFO  o.s.cloud.context.scope.GenericScope - BeanFactory id=cd62ca68-0223-3813-9f8e-eca05e2c12ca
2023-06-09 17:52:03 [main] INFO  o.s.b.w.e.tomcat.TomcatWebServer - Tomcat initialized with port(s): 8888 (http)
2023-06-09 17:52:03 [main] INFO  o.a.coyote.http11.Http11NioProtocol - Initializing ProtocolHandler ["http-nio-8888"]
2023-06-09 17:52:03 [main] INFO  o.a.catalina.core.StandardService - Starting service [Tomcat]
2023-06-09 17:52:03 [main] INFO  o.a.catalina.core.StandardEngine - Starting Servlet engine: [Apache Tomcat/9.0.68]
2023-06-09 17:52:03 [main] INFO  o.a.c.c.C.[Tomcat].[localhost].[/] - Initializing Spring embedded WebApplicationContext
2023-06-09 17:52:03 [main] INFO  o.s.b.w.s.c.ServletWebServerApplicationContext - Root WebApplicationContext: initialization completed in 604 ms
2023-06-09 17:52:05 [main] WARN  o.a.h.c.p.ResponseProcessCookies - Invalid cookie header: "Set-Cookie: _octo=GH1.1.679172758.1686358325; Path=/; Domain=github.com; Expires=Mon, 10 Jun 2024 00:52:05 GMT; Secure; SameSite=Lax". Invalid 'expires' attribute: Mon, 10 Jun 2024 00:52:05 GMT
2023-06-09 17:52:05 [main] WARN  o.a.h.c.p.ResponseProcessCookies - Invalid cookie header: "Set-Cookie: logged_in=no; Path=/; Domain=github.com; Expires=Mon, 10 Jun 2024 00:52:05 GMT; HttpOnly; Secure; SameSite=Lax". Invalid 'expires' attribute: Mon, 10 Jun 2024 00:52:05 GMT
2023-06-09 17:52:05 [main] WARN  o.s.c.c.s.e.MultipleJGitEnvironmentRepository - Error occured cloning to base directory.
org.eclipse.jgit.api.errors.InvalidRemoteException: Invalid remote: origin
	at org.eclipse.jgit.api.FetchCommand.call(FetchCommand.java:221)
	at org.eclipse.jgit.api.CloneCommand.fetch(CloneCommand.java:311)
	at org.eclipse.jgit.api.CloneCommand.call(CloneCommand.java:182)
	at org.springframework.cloud.config.server.environment.JGitEnvironmentRepository.cloneToBasedir(JGitEnvironmentRepository.java:651)
	at org.springframework.cloud.config.server.environment.JGitEnvironmentRepository.initClonedRepository(JGitEnvironmentRepository.java:356)
	at org.springframework.cloud.config.server.environment.JGitEnvironmentRepository.afterPropertiesSet(JGitEnvironmentRepository.java:277)
	at org.springframework.cloud.config.server.environment.MultipleJGitEnvironmentRepository.afterPropertiesSet(MultipleJGitEnvironmentRepository.java:66)
	at org.springframework.beans.factory.support.AbstractAutowireCapableBeanFactory.invokeInitMethods(AbstractAutowireCapableBeanFactory.java:1863)
	at org.springframework.beans.factory.support.AbstractAutowireCapableBeanFactory.initializeBean(AbstractAutowireCapableBeanFactory.java:1800)
	at org.springframework.beans.factory.support.AbstractAutowireCapableBeanFactory.doCreateBean(AbstractAutowireCapableBeanFactory.java:620)
	at org.springframework.beans.factory.support.AbstractAutowireCapableBeanFactory.createBean(AbstractAutowireCapableBeanFactory.java:542)
	at org.springframework.beans.factory.support.AbstractBeanFactory.lambda$doGetBean$0(AbstractBeanFactory.java:335)
	at org.springframework.beans.factory.support.DefaultSingletonBeanRegistry.getSingleton(DefaultSingletonBeanRegistry.java:234)
	at org.springframework.beans.factory.support.AbstractBeanFactory.doGetBean(AbstractBeanFactory.java:333)
	at org.springframework.beans.factory.support.AbstractBeanFactory.getBean(AbstractBeanFactory.java:208)
	at org.springframework.beans.factory.support.DefaultListableBeanFactory.preInstantiateSingletons(DefaultListableBeanFactory.java:955)
	at org.springframework.context.support.AbstractApplicationContext.finishBeanFactoryInitialization(AbstractApplicationContext.java:918)
	at org.springframework.context.support.AbstractApplicationContext.refresh(AbstractApplicationContext.java:583)
	at org.springframework.boot.web.servlet.context.ServletWebServerApplicationContext.refresh(ServletWebServerApplicationContext.java:147)
	at org.springframework.boot.SpringApplication.refresh(SpringApplication.java:734)
	at org.springframework.boot.SpringApplication.refreshContext(SpringApplication.java:408)
	at org.springframework.boot.SpringApplication.run(SpringApplication.java:308)
	at org.springframework.boot.SpringApplication.run(SpringApplication.java:1306)
	at org.springframework.boot.SpringApplication.run(SpringApplication.java:1295)
	at com.microservices.demo.config.server.ConfigServer.main(ConfigServer.java:11)
Caused by: org.eclipse.jgit.errors.NoRemoteRepositoryException: https://github.com/puhung/Event-driven-microservices/tree/main/config-server-repository: https://github.com/puhung/Event-driven-microservices/tree/main/config-server-repository/info/refs?service=git-upload-pack not found: Not Found
	at org.eclipse.jgit.transport.TransportHttp.createNotFoundException(TransportHttp.java:600)
	at org.eclipse.jgit.transport.TransportHttp.connect(TransportHttp.java:668)
	at org.eclipse.jgit.transport.TransportHttp.openFetch(TransportHttp.java:465)
	at org.eclipse.jgit.transport.FetchProcess.executeImp(FetchProcess.java:142)
	at org.eclipse.jgit.transport.FetchProcess.execute(FetchProcess.java:94)
	at org.eclipse.jgit.transport.Transport.fetch(Transport.java:1309)
	at org.eclipse.jgit.api.FetchCommand.call(FetchCommand.java:213)
	... 24 common frames omitted
2023-06-09 17:52:05 [main] WARN  o.s.b.w.s.c.AnnotationConfigServletWebServerApplicationContext - Exception encountered during context initialization - cancelling refresh attempt: org.springframework.beans.factory.BeanCreationException: Error creating bean with name 'defaultEnvironmentRepository' defined in class path resource [org/springframework/cloud/config/server/config/DefaultRepositoryConfiguration.class]: Invocation of init method failed; nested exception is org.eclipse.jgit.api.errors.InvalidRemoteException: Invalid remote: origin
2023-06-09 17:52:05 [main] INFO  o.a.catalina.core.StandardService - Stopping service [Tomcat]
2023-06-09 17:52:05 [main] INFO  o.s.b.a.l.ConditionEvaluationReportLoggingListener - 

Error starting ApplicationContext. To display the conditions report re-run your application with 'debug' enabled.
2023-06-09 17:52:05 [main] ERROR o.s.boot.SpringApplication - Application run failed
org.springframework.beans.factory.BeanCreationException: Error creating bean with name 'defaultEnvironmentRepository' defined in class path resource [org/springframework/cloud/config/server/config/DefaultRepositoryConfiguration.class]: Invocation of init method failed; nested exception is org.eclipse.jgit.api.errors.InvalidRemoteException: Invalid remote: origin
	at org.springframework.beans.factory.support.AbstractAutowireCapableBeanFactory.initializeBean(AbstractAutowireCapableBeanFactory.java:1804)
	at org.springframework.beans.factory.support.AbstractAutowireCapableBeanFactory.doCreateBean(AbstractAutowireCapableBeanFactory.java:620)
	at org.springframework.beans.factory.support.AbstractAutowireCapableBeanFactory.createBean(AbstractAutowireCapableBeanFactory.java:542)
	at org.springframework.beans.factory.support.AbstractBeanFactory.lambda$doGetBean$0(AbstractBeanFactory.java:335)
	at org.springframework.beans.factory.support.DefaultSingletonBeanRegistry.getSingleton(DefaultSingletonBeanRegistry.java:234)
	at org.springframework.beans.factory.support.AbstractBeanFactory.doGetBean(AbstractBeanFactory.java:333)
	at org.springframework.beans.factory.support.AbstractBeanFactory.getBean(AbstractBeanFactory.java:208)
	at org.springframework.beans.factory.support.DefaultListableBeanFactory.preInstantiateSingletons(DefaultListableBeanFactory.java:955)
	at org.springframework.context.support.AbstractApplicationContext.finishBeanFactoryInitialization(AbstractApplicationContext.java:918)
	at org.springframework.context.support.AbstractApplicationContext.refresh(AbstractApplicationContext.java:583)
	at org.springframework.boot.web.servlet.context.ServletWebServerApplicationContext.refresh(ServletWebServerApplicationContext.java:147)
	at org.springframework.boot.SpringApplication.refresh(SpringApplication.java:734)
	at org.springframework.boot.SpringApplication.refreshContext(SpringApplication.java:408)
	at org.springframework.boot.SpringApplication.run(SpringApplication.java:308)
	at org.springframework.boot.SpringApplication.run(SpringApplication.java:1306)
	at org.springframework.boot.SpringApplication.run(SpringApplication.java:1295)
	at com.microservices.demo.config.server.ConfigServer.main(ConfigServer.java:11)
Caused by: org.eclipse.jgit.api.errors.InvalidRemoteException: Invalid remote: origin
	at org.eclipse.jgit.api.FetchCommand.call(FetchCommand.java:221)
	at org.eclipse.jgit.api.CloneCommand.fetch(CloneCommand.java:311)
	at org.eclipse.jgit.api.CloneCommand.call(CloneCommand.java:182)
	at org.springframework.cloud.config.server.environment.JGitEnvironmentRepository.cloneToBasedir(JGitEnvironmentRepository.java:651)
	at org.springframework.cloud.config.server.environment.JGitEnvironmentRepository.initClonedRepository(JGitEnvironmentRepository.java:356)
	at org.springframework.cloud.config.server.environment.JGitEnvironmentRepository.afterPropertiesSet(JGitEnvironmentRepository.java:277)
	at org.springframework.cloud.config.server.environment.MultipleJGitEnvironmentRepository.afterPropertiesSet(MultipleJGitEnvironmentRepository.java:66)
	at org.springframework.beans.factory.support.AbstractAutowireCapableBeanFactory.invokeInitMethods(AbstractAutowireCapableBeanFactory.java:1863)
	at org.springframework.beans.factory.support.AbstractAutowireCapableBeanFactory.initializeBean(AbstractAutowireCapableBeanFactory.java:1800)
	... 16 common frames omitted
Caused by: org.eclipse.jgit.errors.NoRemoteRepositoryException: https://github.com/puhung/Event-driven-microservices/tree/main/config-server-repository: https://github.com/puhung/Event-driven-microservices/tree/main/config-server-repository/info/refs?service=git-upload-pack not found: Not Found
	at org.eclipse.jgit.transport.TransportHttp.createNotFoundException(TransportHttp.java:600)
	at org.eclipse.jgit.transport.TransportHttp.connect(TransportHttp.java:668)
	at org.eclipse.jgit.transport.TransportHttp.openFetch(TransportHttp.java:465)
	at org.eclipse.jgit.transport.FetchProcess.executeImp(FetchProcess.java:142)
	at org.eclipse.jgit.transport.FetchProcess.execute(FetchProcess.java:94)
	at org.eclipse.jgit.transport.Transport.fetch(Transport.java:1309)
	at org.eclipse.jgit.api.FetchCommand.call(FetchCommand.java:213)
	... 24 common frames omitted
2023-06-09 17:59:34 [background-preinit] INFO  o.h.validator.internal.util.Version - HV000001: Hibernate Validator 6.2.5.Final
2023-06-09 17:59:34 [main] INFO  c.m.demo.config.server.ConfigServer - No active profile set, falling back to 1 default profile: "default"
2023-06-09 17:59:34 [main] INFO  o.s.cloud.context.scope.GenericScope - BeanFactory id=cd62ca68-0223-3813-9f8e-eca05e2c12ca
2023-06-09 17:59:35 [main] INFO  o.s.b.w.e.tomcat.TomcatWebServer - Tomcat initialized with port(s): 8888 (http)
2023-06-09 17:59:35 [main] INFO  o.a.coyote.http11.Http11NioProtocol - Initializing ProtocolHandler ["http-nio-8888"]
2023-06-09 17:59:35 [main] INFO  o.a.catalina.core.StandardService - Starting service [Tomcat]
2023-06-09 17:59:35 [main] INFO  o.a.catalina.core.StandardEngine - Starting Servlet engine: [Apache Tomcat/9.0.68]
2023-06-09 17:59:35 [main] INFO  o.a.c.c.C.[Tomcat].[localhost].[/] - Initializing Spring embedded WebApplicationContext
2023-06-09 17:59:35 [main] INFO  o.s.b.w.s.c.ServletWebServerApplicationContext - Root WebApplicationContext: initialization completed in 689 ms
2023-06-09 17:59:38 [main] INFO  o.a.coyote.http11.Http11NioProtocol - Starting ProtocolHandler ["http-nio-8888"]
2023-06-09 17:59:38 [main] INFO  o.s.b.w.e.tomcat.TomcatWebServer - Tomcat started on port(s): 8888 (http) with context path ''
2023-06-09 17:59:38 [main] INFO  c.m.demo.config.server.ConfigServer - Started ConfigServer in 4.904 seconds (JVM running for 5.298)
2023-06-09 18:00:56 [http-nio-8888-exec-2] INFO  o.a.c.c.C.[Tomcat].[localhost].[/] - Initializing Spring DispatcherServlet 'dispatcherServlet'
2023-06-09 18:00:56 [http-nio-8888-exec-2] INFO  o.s.web.servlet.DispatcherServlet - Initializing Servlet 'dispatcherServlet'
2023-06-09 18:00:56 [http-nio-8888-exec-2] INFO  o.s.web.servlet.DispatcherServlet - Completed initialization in 17 ms
2023-06-09 18:02:12 [http-nio-8888-exec-5] INFO  o.s.c.c.s.e.NativeEnvironmentRepository - Adding property source: Config resource 'file [/var/folders/g2/_8h7p7r523vcs3cp6c391b740000gn/T/config-repo-15658132419785189197/config-client-twitter_to_kafka.yml]' via location 'file:/var/folders/g2/_8h7p7r523vcs3cp6c391b740000gn/T/config-repo-15658132419785189197/'
2023-06-09 18:02:12 [http-nio-8888-exec-5] INFO  o.s.c.c.s.e.NativeEnvironmentRepository - Adding property source: Config resource 'file [/var/folders/g2/_8h7p7r523vcs3cp6c391b740000gn/T/config-repo-15658132419785189197/config-client.yml]' via location 'file:/var/folders/g2/_8h7p7r523vcs3cp6c391b740000gn/T/config-repo-15658132419785189197/'
2023-06-09 18:03:28 [http-nio-8888-exec-8] INFO  o.s.c.c.s.e.NativeEnvironmentRepository - Adding property source: Config resource 'file [/var/folders/g2/_8h7p7r523vcs3cp6c391b740000gn/T/config-repo-15658132419785189197/config-client-twitter_to_kafka.yml]' via location 'file:/var/folders/g2/_8h7p7r523vcs3cp6c391b740000gn/T/config-repo-15658132419785189197/'
2023-06-09 18:03:28 [http-nio-8888-exec-8] INFO  o.s.c.c.s.e.NativeEnvironmentRepository - Adding property source: Config resource 'file [/var/folders/g2/_8h7p7r523vcs3cp6c391b740000gn/T/config-repo-15658132419785189197/config-client.yml]' via location 'file:/var/folders/g2/_8h7p7r523vcs3cp6c391b740000gn/T/config-repo-15658132419785189197/'
