2023-06-12 15:11:50 [background-preinit] [,] INFO   o.h.validator.internal.util.Version - HV000001: Hibernate Validator 6.2.5.Final
2023-06-12 15:11:50 [main] [,] INFO   c.m.demo.config.server.ConfigServer - No active profile set, falling back to 1 default profile: "default"
2023-06-12 15:11:50 [main] [,] INFO   o.s.cloud.context.scope.GenericScope - BeanFactory id=50e580af-6b53-3b55-9c0f-8f8fdb1b3d39
2023-06-12 15:11:50 [main] [,] INFO   o.s.b.w.e.tomcat.TomcatWebServer - Tomcat initialized with port(s): 8888 (http)
2023-06-12 15:11:50 [main] [,] INFO   o.a.coyote.http11.Http11NioProtocol - Initializing ProtocolHandler ["http-nio-8888"]
2023-06-12 15:11:50 [main] [,] INFO   o.a.catalina.core.StandardService - Starting service [Tomcat]
2023-06-12 15:11:50 [main] [,] INFO   o.a.catalina.core.StandardEngine - Starting Servlet engine: [Apache Tomcat/9.0.68]
2023-06-12 15:11:51 [main] [,] INFO   o.a.c.c.C.[Tomcat].[localhost].[/] - Initializing Spring embedded WebApplicationContext
2023-06-12 15:11:51 [main] [,] INFO   o.s.b.w.s.c.ServletWebServerApplicationContext - Root WebApplicationContext: initialization completed in 548 ms
2023-06-12 15:11:51 [main] [,] WARN   o.s.s.c.a.web.builders.WebSecurity - You are asking Spring Security to ignore Ant [pattern='/actuator/**']. This is not recommended -- please use permitAll via HttpSecurity#authorizeHttpRequests instead.
2023-06-12 15:11:51 [main] [,] INFO   o.s.s.web.DefaultSecurityFilterChain - Will not secure Ant [pattern='/actuator/**']
2023-06-12 15:11:51 [main] [,] WARN   o.s.s.c.a.web.builders.WebSecurity - You are asking Spring Security to ignore Ant [pattern='/encrypt/**']. This is not recommended -- please use permitAll via HttpSecurity#authorizeHttpRequests instead.
2023-06-12 15:11:51 [main] [,] INFO   o.s.s.web.DefaultSecurityFilterChain - Will not secure Ant [pattern='/encrypt/**']
2023-06-12 15:11:51 [main] [,] WARN   o.s.s.c.a.web.builders.WebSecurity - You are asking Spring Security to ignore Ant [pattern='/decrypt/**']. This is not recommended -- please use permitAll via HttpSecurity#authorizeHttpRequests instead.
2023-06-12 15:11:51 [main] [,] INFO   o.s.s.web.DefaultSecurityFilterChain - Will not secure Ant [pattern='/decrypt/**']
2023-06-12 15:11:51 [main] [,] INFO   o.s.s.web.DefaultSecurityFilterChain - Will secure any request with [org.springframework.security.web.session.DisableEncodeUrlFilter@3e53c4ad, org.springframework.security.web.context.request.async.WebAsyncManagerIntegrationFilter@33eb0d4, org.springframework.security.web.context.SecurityContextPersistenceFilter@3a0b6a, org.springframework.security.web.header.HeaderWriterFilter@52f8a6f4, org.springframework.security.web.csrf.CsrfFilter@93bf0e0, org.springframework.security.web.authentication.logout.LogoutFilter@2c06b113, org.springframework.security.web.authentication.UsernamePasswordAuthenticationFilter@49232c6f, org.springframework.security.web.authentication.ui.DefaultLoginPageGeneratingFilter@28ee882c, org.springframework.security.web.authentication.ui.DefaultLogoutPageGeneratingFilter@224d86d2, org.springframework.security.web.authentication.www.BasicAuthenticationFilter@33324c05, org.springframework.security.web.savedrequest.RequestCacheAwareFilter@6f1fa1d0, org.springframework.security.web.servletapi.SecurityContextHolderAwareRequestFilter@2997ddfc, org.springframework.security.web.authentication.AnonymousAuthenticationFilter@a3cba3a, org.springframework.security.web.session.SessionManagementFilter@6486fe7b, org.springframework.security.web.access.ExceptionTranslationFilter@52ecc989, org.springframework.security.web.access.intercept.FilterSecurityInterceptor@13278a41]
2023-06-12 15:11:53 [main] [,] INFO   o.a.coyote.http11.Http11NioProtocol - Starting ProtocolHandler ["http-nio-8888"]
2023-06-12 15:11:53 [main] [,] INFO   o.s.b.w.e.tomcat.TomcatWebServer - Tomcat started on port(s): 8888 (http) with context path ''
2023-06-12 15:11:53 [main] [,] INFO   c.m.demo.config.server.ConfigServer - Started ConfigServer in 4.241 seconds (JVM running for 4.763)
2023-06-12 15:12:02 [http-nio-8888-exec-1] [,] INFO   o.a.c.c.C.[Tomcat].[localhost].[/] - Initializing Spring DispatcherServlet 'dispatcherServlet'
2023-06-12 15:12:02 [http-nio-8888-exec-1] [,] INFO   o.s.web.servlet.DispatcherServlet - Initializing Servlet 'dispatcherServlet'
2023-06-12 15:12:02 [http-nio-8888-exec-1] [,] INFO   o.s.web.servlet.DispatcherServlet - Completed initialization in 1 ms
2023-06-12 15:12:05 [http-nio-8888-exec-6] [,] INFO   o.s.c.c.s.e.NativeEnvironmentRepository - Adding property source: Config resource 'file [/var/folders/g2/_8h7p7r523vcs3cp6c391b740000gn/T/config-repo-14399906101636796843/config-client-twitter_to_kafka.yml]' via location 'file:/var/folders/g2/_8h7p7r523vcs3cp6c391b740000gn/T/config-repo-14399906101636796843/'
2023-06-12 15:12:05 [http-nio-8888-exec-6] [,] INFO   o.s.c.c.s.e.NativeEnvironmentRepository - Adding property source: Config resource 'file [/var/folders/g2/_8h7p7r523vcs3cp6c391b740000gn/T/config-repo-14399906101636796843/config-client.yml]' via location 'file:/var/folders/g2/_8h7p7r523vcs3cp6c391b740000gn/T/config-repo-14399906101636796843/'
2023-06-12 15:38:00 [background-preinit] [,] INFO   o.h.validator.internal.util.Version - HV000001: Hibernate Validator 6.2.5.Final
2023-06-12 15:38:00 [main] [,] INFO   c.m.demo.config.server.ConfigServer - No active profile set, falling back to 1 default profile: "default"
2023-06-12 15:38:01 [main] [,] INFO   o.s.cloud.context.scope.GenericScope - BeanFactory id=50e580af-6b53-3b55-9c0f-8f8fdb1b3d39
2023-06-12 15:38:01 [main] [,] INFO   o.s.b.w.e.tomcat.TomcatWebServer - Tomcat initialized with port(s): 8888 (http)
2023-06-12 15:38:01 [main] [,] INFO   o.a.coyote.http11.Http11NioProtocol - Initializing ProtocolHandler ["http-nio-8888"]
2023-06-12 15:38:01 [main] [,] INFO   o.a.catalina.core.StandardService - Starting service [Tomcat]
2023-06-12 15:38:01 [main] [,] INFO   o.a.catalina.core.StandardEngine - Starting Servlet engine: [Apache Tomcat/9.0.68]
2023-06-12 15:38:01 [main] [,] INFO   o.a.c.c.C.[Tomcat].[localhost].[/] - Initializing Spring embedded WebApplicationContext
2023-06-12 15:38:01 [main] [,] INFO   o.s.b.w.s.c.ServletWebServerApplicationContext - Root WebApplicationContext: initialization completed in 1174 ms
2023-06-12 15:38:02 [main] [,] WARN   o.s.s.c.a.web.builders.WebSecurity - You are asking Spring Security to ignore Ant [pattern='/actuator/**']. This is not recommended -- please use permitAll via HttpSecurity#authorizeHttpRequests instead.
2023-06-12 15:38:02 [main] [,] INFO   o.s.s.web.DefaultSecurityFilterChain - Will not secure Ant [pattern='/actuator/**']
2023-06-12 15:38:02 [main] [,] WARN   o.s.s.c.a.web.builders.WebSecurity - You are asking Spring Security to ignore Ant [pattern='/encrypt/**']. This is not recommended -- please use permitAll via HttpSecurity#authorizeHttpRequests instead.
2023-06-12 15:38:02 [main] [,] INFO   o.s.s.web.DefaultSecurityFilterChain - Will not secure Ant [pattern='/encrypt/**']
2023-06-12 15:38:02 [main] [,] WARN   o.s.s.c.a.web.builders.WebSecurity - You are asking Spring Security to ignore Ant [pattern='/decrypt/**']. This is not recommended -- please use permitAll via HttpSecurity#authorizeHttpRequests instead.
2023-06-12 15:38:02 [main] [,] INFO   o.s.s.web.DefaultSecurityFilterChain - Will not secure Ant [pattern='/decrypt/**']
2023-06-12 15:38:02 [main] [,] INFO   o.s.s.web.DefaultSecurityFilterChain - Will secure any request with [org.springframework.security.web.session.DisableEncodeUrlFilter@7781263c, org.springframework.security.web.context.request.async.WebAsyncManagerIntegrationFilter@5fdd97c1, org.springframework.security.web.context.SecurityContextPersistenceFilter@34a6d9db, org.springframework.security.web.header.HeaderWriterFilter@310d57b1, org.springframework.security.web.csrf.CsrfFilter@546ed2a0, org.springframework.security.web.authentication.logout.LogoutFilter@36478bce, org.springframework.security.web.authentication.UsernamePasswordAuthenticationFilter@75bd28d, org.springframework.security.web.authentication.ui.DefaultLoginPageGeneratingFilter@3a0b6a, org.springframework.security.web.authentication.ui.DefaultLogoutPageGeneratingFilter@3b5a19ed, org.springframework.security.web.authentication.www.BasicAuthenticationFilter@5396eeb1, org.springframework.security.web.savedrequest.RequestCacheAwareFilter@756808cc, org.springframework.security.web.servletapi.SecurityContextHolderAwareRequestFilter@4645679e, org.springframework.security.web.authentication.AnonymousAuthenticationFilter@15d236fd, org.springframework.security.web.session.SessionManagementFilter@18ffca6c, org.springframework.security.web.access.ExceptionTranslationFilter@2055833f, org.springframework.security.web.access.intercept.FilterSecurityInterceptor@2e952845]
2023-06-12 15:38:14 [main] [,] INFO   o.a.coyote.http11.Http11NioProtocol - Starting ProtocolHandler ["http-nio-8888"]
2023-06-12 15:38:14 [main] [,] INFO   o.s.b.w.e.tomcat.TomcatWebServer - Tomcat started on port(s): 8888 (http) with context path ''
2023-06-12 15:38:14 [main] [,] INFO   c.m.demo.config.server.ConfigServer - Started ConfigServer in 14.711 seconds (JVM running for 15.905)
2023-06-12 15:38:21 [http-nio-8888-exec-1] [,] INFO   o.a.c.c.C.[Tomcat].[localhost].[/] - Initializing Spring DispatcherServlet 'dispatcherServlet'
2023-06-12 15:38:21 [http-nio-8888-exec-1] [,] INFO   o.s.web.servlet.DispatcherServlet - Initializing Servlet 'dispatcherServlet'
2023-06-12 15:38:21 [http-nio-8888-exec-1] [,] INFO   o.s.web.servlet.DispatcherServlet - Completed initialization in 1 ms
2023-06-12 15:38:25 [http-nio-8888-exec-4] [,] INFO   o.s.c.c.s.e.NativeEnvironmentRepository - Adding property source: Config resource 'file [/var/folders/g2/_8h7p7r523vcs3cp6c391b740000gn/T/config-repo-15484109140922367285/config-client-twitter_to_kafka.yml]' via location 'file:/var/folders/g2/_8h7p7r523vcs3cp6c391b740000gn/T/config-repo-15484109140922367285/'
2023-06-12 15:38:25 [http-nio-8888-exec-4] [,] INFO   o.s.c.c.s.e.NativeEnvironmentRepository - Adding property source: Config resource 'file [/var/folders/g2/_8h7p7r523vcs3cp6c391b740000gn/T/config-repo-15484109140922367285/config-client.yml]' via location 'file:/var/folders/g2/_8h7p7r523vcs3cp6c391b740000gn/T/config-repo-15484109140922367285/'
2023-06-12 15:38:55 [http-nio-8888-exec-10] [,] INFO   o.s.c.c.s.e.NativeEnvironmentRepository - Adding property source: Config resource 'file [/var/folders/g2/_8h7p7r523vcs3cp6c391b740000gn/T/config-repo-15484109140922367285/config-client-twitter_to_kafka.yml]' via location 'file:/var/folders/g2/_8h7p7r523vcs3cp6c391b740000gn/T/config-repo-15484109140922367285/'
2023-06-12 15:38:55 [http-nio-8888-exec-10] [,] INFO   o.s.c.c.s.e.NativeEnvironmentRepository - Adding property source: Config resource 'file [/var/folders/g2/_8h7p7r523vcs3cp6c391b740000gn/T/config-repo-15484109140922367285/config-client.yml]' via location 'file:/var/folders/g2/_8h7p7r523vcs3cp6c391b740000gn/T/config-repo-15484109140922367285/'
