2023-06-10 11:04:06 [background-preinit] INFO  o.h.validator.internal.util.Version - HV000001: Hibernate Validator 6.2.5.Final
2023-06-10 11:04:06 [main] INFO  c.m.demo.config.server.ConfigServer - No active profile set, falling back to 1 default profile: "default"
2023-06-10 11:04:07 [main] INFO  o.s.cloud.context.scope.GenericScope - BeanFactory id=2ae49588-dd57-3755-afff-2b134c49a861
2023-06-10 11:04:07 [main] INFO  o.s.b.w.e.tomcat.TomcatWebServer - Tomcat initialized with port(s): 8888 (http)
2023-06-10 11:04:07 [main] INFO  o.a.coyote.http11.Http11NioProtocol - Initializing ProtocolHandler ["http-nio-8888"]
2023-06-10 11:04:07 [main] INFO  o.a.catalina.core.StandardService - Starting service [Tomcat]
2023-06-10 11:04:07 [main] INFO  o.a.catalina.core.StandardEngine - Starting Servlet engine: [Apache Tomcat/9.0.68]
2023-06-10 11:04:07 [main] INFO  o.a.c.c.C.[Tomcat].[localhost].[/] - Initializing Spring embedded WebApplicationContext
2023-06-10 11:04:07 [main] INFO  o.s.b.w.s.c.ServletWebServerApplicationContext - Root WebApplicationContext: initialization completed in 626 ms
2023-06-10 11:04:07 [main] INFO  o.s.s.web.DefaultSecurityFilterChain - Will secure any request with [org.springframework.security.web.session.DisableEncodeUrlFilter@29c53c4f, org.springframework.security.web.context.request.async.WebAsyncManagerIntegrationFilter@3009eed7, org.springframework.security.web.context.SecurityContextPersistenceFilter@5b8853, org.springframework.security.web.header.HeaderWriterFilter@76563ae7, org.springframework.security.web.csrf.CsrfFilter@6750e381, org.springframework.security.web.authentication.logout.LogoutFilter@21e5f0b6, org.springframework.security.web.authentication.UsernamePasswordAuthenticationFilter@3cb6e0ee, org.springframework.security.web.authentication.ui.DefaultLoginPageGeneratingFilter@d87d449, org.springframework.security.web.authentication.ui.DefaultLogoutPageGeneratingFilter@2ee4706d, org.springframework.security.web.authentication.www.BasicAuthenticationFilter@194012a2, org.springframework.security.web.savedrequest.RequestCacheAwareFilter@5d1bdd4a, org.springframework.security.web.servletapi.SecurityContextHolderAwareRequestFilter@6812c8cc, org.springframework.security.web.authentication.AnonymousAuthenticationFilter@6650a6c, org.springframework.security.web.session.SessionManagementFilter@4fea840f, org.springframework.security.web.access.ExceptionTranslationFilter@46a8c2b4, org.springframework.security.web.access.intercept.FilterSecurityInterceptor@1373e3ee]
2023-06-10 11:04:11 [main] WARN  o.s.c.c.s.e.MultipleJGitEnvironmentRepository - Error occured cloning to base directory.
org.eclipse.jgit.api.errors.TransportException: https://github.com/puhung/spring-cloud-config-server-repository: not authorized
	at org.eclipse.jgit.api.FetchCommand.call(FetchCommand.java:224)
	at org.eclipse.jgit.api.CloneCommand.fetch(CloneCommand.java:311)
	at org.eclipse.jgit.api.CloneCommand.call(CloneCommand.java:182)
	at org.springframework.cloud.config.server.environment.JGitEnvironmentRepository.cloneToBasedir(JGitEnvironmentRepository.java:651)
	at org.springframework.cloud.config.server.environment.JGitEnvironmentRepository.initClonedRepository(JGitEnvironmentRepository.java:356)
	at org.springframework.cloud.config.server.environment.JGitEnvironmentRepository.afterPropertiesSet(JGitEnvironmentRepository.java:277)
	at org.springframework.cloud.config.server.environment.MultipleJGitEnvironmentRepository.afterPropertiesSet(MultipleJGitEnvironmentRepository.java:66)
	at org.springframework.beans.factory.support.AbstractAutowireCapableBeanFactory.invokeInitMethods(AbstractAutowireCapableBeanFactory.java:1863)
	at org.springframework.beans.factory.support.AbstractAutowireCapableBeanFactory.initializeBean(AbstractAutowireCapableBeanFactory.java:1800)
	at org.springframework.beans.factory.support.AbstractAutowireCapableBeanFactory.doCreateBean(AbstractAutowireCapableBeanFactory.java:620)
	at org.springframework.beans.factory.support.AbstractAutowireCapableBeanFactory.createBean(AbstractAutowireCapableBeanFactory.java:542)
	at org.springframework.beans.factory.support.AbstractBeanFactory.lambda$doGetBean$0(AbstractBeanFactory.java:335)
	at org.springframework.beans.factory.support.DefaultSingletonBeanRegistry.getSingleton(DefaultSingletonBeanRegistry.java:234)
	at org.springframework.beans.factory.support.AbstractBeanFactory.doGetBean(AbstractBeanFactory.java:333)
	at org.springframework.beans.factory.support.AbstractBeanFactory.getBean(AbstractBeanFactory.java:208)
	at org.springframework.beans.factory.support.DefaultListableBeanFactory.preInstantiateSingletons(DefaultListableBeanFactory.java:955)
	at org.springframework.context.support.AbstractApplicationContext.finishBeanFactoryInitialization(AbstractApplicationContext.java:918)
	at org.springframework.context.support.AbstractApplicationContext.refresh(AbstractApplicationContext.java:583)
	at org.springframework.boot.web.servlet.context.ServletWebServerApplicationContext.refresh(ServletWebServerApplicationContext.java:147)
	at org.springframework.boot.SpringApplication.refresh(SpringApplication.java:734)
	at org.springframework.boot.SpringApplication.refreshContext(SpringApplication.java:408)
	at org.springframework.boot.SpringApplication.run(SpringApplication.java:308)
	at org.springframework.boot.SpringApplication.run(SpringApplication.java:1306)
	at org.springframework.boot.SpringApplication.run(SpringApplication.java:1295)
	at com.microservices.demo.config.server.ConfigServer.main(ConfigServer.java:11)
Caused by: org.eclipse.jgit.errors.TransportException: https://github.com/puhung/spring-cloud-config-server-repository: not authorized
	at org.eclipse.jgit.transport.TransportHttp.connect(TransportHttp.java:685)
	at org.eclipse.jgit.transport.TransportHttp.openFetch(TransportHttp.java:465)
	at org.eclipse.jgit.transport.FetchProcess.executeImp(FetchProcess.java:142)
	at org.eclipse.jgit.transport.FetchProcess.execute(FetchProcess.java:94)
	at org.eclipse.jgit.transport.Transport.fetch(Transport.java:1309)
	at org.eclipse.jgit.api.FetchCommand.call(FetchCommand.java:213)
	... 24 common frames omitted
2023-06-10 11:04:11 [main] WARN  o.s.b.w.s.c.AnnotationConfigServletWebServerApplicationContext - Exception encountered during context initialization - cancelling refresh attempt: org.springframework.beans.factory.BeanCreationException: Error creating bean with name 'defaultEnvironmentRepository' defined in class path resource [org/springframework/cloud/config/server/config/DefaultRepositoryConfiguration.class]: Invocation of init method failed; nested exception is org.eclipse.jgit.api.errors.TransportException: https://github.com/puhung/spring-cloud-config-server-repository: not authorized
2023-06-10 11:04:11 [main] INFO  o.a.catalina.core.StandardService - Stopping service [Tomcat]
2023-06-10 11:04:11 [main] INFO  o.s.b.a.l.ConditionEvaluationReportLoggingListener - 

Error starting ApplicationContext. To display the conditions report re-run your application with 'debug' enabled.
2023-06-10 11:04:11 [main] ERROR o.s.boot.SpringApplication - Application run failed
org.springframework.beans.factory.BeanCreationException: Error creating bean with name 'defaultEnvironmentRepository' defined in class path resource [org/springframework/cloud/config/server/config/DefaultRepositoryConfiguration.class]: Invocation of init method failed; nested exception is org.eclipse.jgit.api.errors.TransportException: https://github.com/puhung/spring-cloud-config-server-repository: not authorized
	at org.springframework.beans.factory.support.AbstractAutowireCapableBeanFactory.initializeBean(AbstractAutowireCapableBeanFactory.java:1804)
	at org.springframework.beans.factory.support.AbstractAutowireCapableBeanFactory.doCreateBean(AbstractAutowireCapableBeanFactory.java:620)
	at org.springframework.beans.factory.support.AbstractAutowireCapableBeanFactory.createBean(AbstractAutowireCapableBeanFactory.java:542)
	at org.springframework.beans.factory.support.AbstractBeanFactory.lambda$doGetBean$0(AbstractBeanFactory.java:335)
	at org.springframework.beans.factory.support.DefaultSingletonBeanRegistry.getSingleton(DefaultSingletonBeanRegistry.java:234)
	at org.springframework.beans.factory.support.AbstractBeanFactory.doGetBean(AbstractBeanFactory.java:333)
	at org.springframework.beans.factory.support.AbstractBeanFactory.getBean(AbstractBeanFactory.java:208)
	at org.springframework.beans.factory.support.DefaultListableBeanFactory.preInstantiateSingletons(DefaultListableBeanFactory.java:955)
	at org.springframework.context.support.AbstractApplicationContext.finishBeanFactoryInitialization(AbstractApplicationContext.java:918)
	at org.springframework.context.support.AbstractApplicationContext.refresh(AbstractApplicationContext.java:583)
	at org.springframework.boot.web.servlet.context.ServletWebServerApplicationContext.refresh(ServletWebServerApplicationContext.java:147)
	at org.springframework.boot.SpringApplication.refresh(SpringApplication.java:734)
	at org.springframework.boot.SpringApplication.refreshContext(SpringApplication.java:408)
	at org.springframework.boot.SpringApplication.run(SpringApplication.java:308)
	at org.springframework.boot.SpringApplication.run(SpringApplication.java:1306)
	at org.springframework.boot.SpringApplication.run(SpringApplication.java:1295)
	at com.microservices.demo.config.server.ConfigServer.main(ConfigServer.java:11)
Caused by: org.eclipse.jgit.api.errors.TransportException: https://github.com/puhung/spring-cloud-config-server-repository: not authorized
	at org.eclipse.jgit.api.FetchCommand.call(FetchCommand.java:224)
	at org.eclipse.jgit.api.CloneCommand.fetch(CloneCommand.java:311)
	at org.eclipse.jgit.api.CloneCommand.call(CloneCommand.java:182)
	at org.springframework.cloud.config.server.environment.JGitEnvironmentRepository.cloneToBasedir(JGitEnvironmentRepository.java:651)
	at org.springframework.cloud.config.server.environment.JGitEnvironmentRepository.initClonedRepository(JGitEnvironmentRepository.java:356)
	at org.springframework.cloud.config.server.environment.JGitEnvironmentRepository.afterPropertiesSet(JGitEnvironmentRepository.java:277)
	at org.springframework.cloud.config.server.environment.MultipleJGitEnvironmentRepository.afterPropertiesSet(MultipleJGitEnvironmentRepository.java:66)
	at org.springframework.beans.factory.support.AbstractAutowireCapableBeanFactory.invokeInitMethods(AbstractAutowireCapableBeanFactory.java:1863)
	at org.springframework.beans.factory.support.AbstractAutowireCapableBeanFactory.initializeBean(AbstractAutowireCapableBeanFactory.java:1800)
	... 16 common frames omitted
Caused by: org.eclipse.jgit.errors.TransportException: https://github.com/puhung/spring-cloud-config-server-repository: not authorized
	at org.eclipse.jgit.transport.TransportHttp.connect(TransportHttp.java:685)
	at org.eclipse.jgit.transport.TransportHttp.openFetch(TransportHttp.java:465)
	at org.eclipse.jgit.transport.FetchProcess.executeImp(FetchProcess.java:142)
	at org.eclipse.jgit.transport.FetchProcess.execute(FetchProcess.java:94)
	at org.eclipse.jgit.transport.Transport.fetch(Transport.java:1309)
	at org.eclipse.jgit.api.FetchCommand.call(FetchCommand.java:213)
	... 24 common frames omitted
2023-06-10 11:08:03 [background-preinit] INFO  o.h.validator.internal.util.Version - HV000001: Hibernate Validator 6.2.5.Final
2023-06-10 11:08:04 [main] INFO  c.m.demo.config.server.ConfigServer - No active profile set, falling back to 1 default profile: "default"
2023-06-10 11:08:04 [main] INFO  o.s.cloud.context.scope.GenericScope - BeanFactory id=2ae49588-dd57-3755-afff-2b134c49a861
2023-06-10 11:08:04 [main] INFO  o.s.b.w.e.tomcat.TomcatWebServer - Tomcat initialized with port(s): 8888 (http)
2023-06-10 11:08:04 [main] INFO  o.a.coyote.http11.Http11NioProtocol - Initializing ProtocolHandler ["http-nio-8888"]
2023-06-10 11:08:04 [main] INFO  o.a.catalina.core.StandardService - Starting service [Tomcat]
2023-06-10 11:08:04 [main] INFO  o.a.catalina.core.StandardEngine - Starting Servlet engine: [Apache Tomcat/9.0.68]
2023-06-10 11:08:04 [main] INFO  o.a.c.c.C.[Tomcat].[localhost].[/] - Initializing Spring embedded WebApplicationContext
2023-06-10 11:08:04 [main] INFO  o.s.b.w.s.c.ServletWebServerApplicationContext - Root WebApplicationContext: initialization completed in 648 ms
2023-06-10 11:08:05 [main] INFO  o.s.s.web.DefaultSecurityFilterChain - Will secure any request with [org.springframework.security.web.session.DisableEncodeUrlFilter@497ed877, org.springframework.security.web.context.request.async.WebAsyncManagerIntegrationFilter@3cb6e0ee, org.springframework.security.web.context.SecurityContextPersistenceFilter@3a3f96ab, org.springframework.security.web.header.HeaderWriterFilter@2b999ee8, org.springframework.security.web.csrf.CsrfFilter@5ec9eefa, org.springframework.security.web.authentication.logout.LogoutFilter@5bb8e6fc, org.springframework.security.web.authentication.UsernamePasswordAuthenticationFilter@68e2d03e, org.springframework.security.web.authentication.ui.DefaultLoginPageGeneratingFilter@4f664bee, org.springframework.security.web.authentication.ui.DefaultLogoutPageGeneratingFilter@7b6141f0, org.springframework.security.web.authentication.www.BasicAuthenticationFilter@175c5c3a, org.springframework.security.web.savedrequest.RequestCacheAwareFilter@43c7fe8a, org.springframework.security.web.servletapi.SecurityContextHolderAwareRequestFilter@67f946c3, org.springframework.security.web.authentication.AnonymousAuthenticationFilter@4fb64a52, org.springframework.security.web.session.SessionManagementFilter@29bbc391, org.springframework.security.web.access.ExceptionTranslationFilter@3e14d390, org.springframework.security.web.access.intercept.FilterSecurityInterceptor@234cd86c]
2023-06-10 11:08:08 [main] INFO  o.a.coyote.http11.Http11NioProtocol - Starting ProtocolHandler ["http-nio-8888"]
2023-06-10 11:08:08 [main] INFO  o.s.b.w.e.tomcat.TomcatWebServer - Tomcat started on port(s): 8888 (http) with context path ''
2023-06-10 11:08:08 [main] INFO  c.m.demo.config.server.ConfigServer - Started ConfigServer in 5.225 seconds (JVM running for 5.76)
2023-06-10 11:08:13 [http-nio-8888-exec-2] INFO  o.a.c.c.C.[Tomcat].[localhost].[/] - Initializing Spring DispatcherServlet 'dispatcherServlet'
2023-06-10 11:08:13 [http-nio-8888-exec-2] INFO  o.s.web.servlet.DispatcherServlet - Initializing Servlet 'dispatcherServlet'
2023-06-10 11:08:13 [http-nio-8888-exec-2] INFO  o.s.web.servlet.DispatcherServlet - Completed initialization in 1 ms
2023-06-10 11:09:02 [http-nio-8888-exec-6] INFO  o.s.c.c.s.e.NativeEnvironmentRepository - Adding property source: Config resource 'file [/var/folders/g2/_8h7p7r523vcs3cp6c391b740000gn/T/config-repo-4569822600644281135/config-client-twitter_to_kafka.yml]' via location 'file:/var/folders/g2/_8h7p7r523vcs3cp6c391b740000gn/T/config-repo-4569822600644281135/'
2023-06-10 11:09:02 [http-nio-8888-exec-6] INFO  o.s.c.c.s.e.NativeEnvironmentRepository - Adding property source: Config resource 'file [/var/folders/g2/_8h7p7r523vcs3cp6c391b740000gn/T/config-repo-4569822600644281135/config-client.yml]' via location 'file:/var/folders/g2/_8h7p7r523vcs3cp6c391b740000gn/T/config-repo-4569822600644281135/'
2023-06-10 11:09:17 [http-nio-8888-exec-8] INFO  o.s.c.c.s.e.NativeEnvironmentRepository - Adding property source: Config resource 'file [/var/folders/g2/_8h7p7r523vcs3cp6c391b740000gn/T/config-repo-4569822600644281135/config-client-twitter_to_kafka.yml]' via location 'file:/var/folders/g2/_8h7p7r523vcs3cp6c391b740000gn/T/config-repo-4569822600644281135/'
2023-06-10 11:09:17 [http-nio-8888-exec-8] INFO  o.s.c.c.s.e.NativeEnvironmentRepository - Adding property source: Config resource 'file [/var/folders/g2/_8h7p7r523vcs3cp6c391b740000gn/T/config-repo-4569822600644281135/config-client.yml]' via location 'file:/var/folders/g2/_8h7p7r523vcs3cp6c391b740000gn/T/config-repo-4569822600644281135/'
2023-06-10 11:14:22 [background-preinit] INFO  o.h.validator.internal.util.Version - HV000001: Hibernate Validator 6.2.5.Final
2023-06-10 11:14:22 [main] INFO  c.m.demo.config.server.ConfigServer - No active profile set, falling back to 1 default profile: "default"
2023-06-10 11:14:23 [main] INFO  o.s.cloud.context.scope.GenericScope - BeanFactory id=2ae49588-dd57-3755-afff-2b134c49a861
2023-06-10 11:14:23 [main] INFO  o.s.b.w.e.tomcat.TomcatWebServer - Tomcat initialized with port(s): 8888 (http)
2023-06-10 11:14:23 [main] INFO  o.a.coyote.http11.Http11NioProtocol - Initializing ProtocolHandler ["http-nio-8888"]
2023-06-10 11:14:23 [main] INFO  o.a.catalina.core.StandardService - Starting service [Tomcat]
2023-06-10 11:14:23 [main] INFO  o.a.catalina.core.StandardEngine - Starting Servlet engine: [Apache Tomcat/9.0.68]
2023-06-10 11:14:23 [main] INFO  o.a.c.c.C.[Tomcat].[localhost].[/] - Initializing Spring embedded WebApplicationContext
2023-06-10 11:14:23 [main] INFO  o.s.b.w.s.c.ServletWebServerApplicationContext - Root WebApplicationContext: initialization completed in 778 ms
2023-06-10 11:14:24 [main] INFO  o.s.s.web.DefaultSecurityFilterChain - Will secure any request with [org.springframework.security.web.session.DisableEncodeUrlFilter@2d130ac4, org.springframework.security.web.context.request.async.WebAsyncManagerIntegrationFilter@2f0ccb34, org.springframework.security.web.context.SecurityContextPersistenceFilter@76563ae7, org.springframework.security.web.header.HeaderWriterFilter@21b51e59, org.springframework.security.web.csrf.CsrfFilter@5a7b309b, org.springframework.security.web.authentication.logout.LogoutFilter@27ec8754, org.springframework.security.web.authentication.UsernamePasswordAuthenticationFilter@1373e3ee, org.springframework.security.web.authentication.ui.DefaultLoginPageGeneratingFilter@6812c8cc, org.springframework.security.web.authentication.ui.DefaultLogoutPageGeneratingFilter@194012a2, org.springframework.security.web.authentication.www.BasicAuthenticationFilter@a91119b, org.springframework.security.web.savedrequest.RequestCacheAwareFilter@4fea840f, org.springframework.security.web.servletapi.SecurityContextHolderAwareRequestFilter@32ae8f27, org.springframework.security.web.authentication.AnonymousAuthenticationFilter@55296b50, org.springframework.security.web.session.SessionManagementFilter@6b4a4e40, org.springframework.security.web.access.ExceptionTranslationFilter@43c7fe8a, org.springframework.security.web.access.intercept.FilterSecurityInterceptor@78b03788]
2023-06-10 11:14:26 [main] INFO  o.a.coyote.http11.Http11NioProtocol - Starting ProtocolHandler ["http-nio-8888"]
2023-06-10 11:14:26 [main] INFO  o.s.b.w.e.tomcat.TomcatWebServer - Tomcat started on port(s): 8888 (http) with context path ''
2023-06-10 11:14:26 [main] INFO  c.m.demo.config.server.ConfigServer - Started ConfigServer in 5.124 seconds (JVM running for 5.72)
2023-06-10 11:22:32 [background-preinit] INFO  o.h.validator.internal.util.Version - HV000001: Hibernate Validator 6.2.5.Final
2023-06-10 11:22:33 [main] INFO  c.m.demo.config.server.ConfigServer - No active profile set, falling back to 1 default profile: "default"
2023-06-10 11:22:33 [main] INFO  o.s.cloud.context.scope.GenericScope - BeanFactory id=50e580af-6b53-3b55-9c0f-8f8fdb1b3d39
2023-06-10 11:22:33 [main] INFO  o.s.b.w.e.tomcat.TomcatWebServer - Tomcat initialized with port(s): 8888 (http)
2023-06-10 11:22:33 [main] INFO  o.a.coyote.http11.Http11NioProtocol - Initializing ProtocolHandler ["http-nio-8888"]
2023-06-10 11:22:33 [main] INFO  o.a.catalina.core.StandardService - Starting service [Tomcat]
2023-06-10 11:22:33 [main] INFO  o.a.catalina.core.StandardEngine - Starting Servlet engine: [Apache Tomcat/9.0.68]
2023-06-10 11:22:33 [main] INFO  o.a.c.c.C.[Tomcat].[localhost].[/] - Initializing Spring embedded WebApplicationContext
2023-06-10 11:22:33 [main] INFO  o.s.b.w.s.c.ServletWebServerApplicationContext - Root WebApplicationContext: initialization completed in 696 ms
2023-06-10 11:22:34 [main] WARN  o.s.s.c.a.web.builders.WebSecurity - You are asking Spring Security to ignore Ant [pattern='/actuator/**']. This is not recommended -- please use permitAll via HttpSecurity#authorizeHttpRequests instead.
2023-06-10 11:22:34 [main] INFO  o.s.s.web.DefaultSecurityFilterChain - Will not secure Ant [pattern='/actuator/**']
2023-06-10 11:22:34 [main] WARN  o.s.s.c.a.web.builders.WebSecurity - You are asking Spring Security to ignore Ant [pattern='/encrypt/**']. This is not recommended -- please use permitAll via HttpSecurity#authorizeHttpRequests instead.
2023-06-10 11:22:34 [main] INFO  o.s.s.web.DefaultSecurityFilterChain - Will not secure Ant [pattern='/encrypt/**']
2023-06-10 11:22:34 [main] WARN  o.s.s.c.a.web.builders.WebSecurity - You are asking Spring Security to ignore Ant [pattern='/decrypt/**']. This is not recommended -- please use permitAll via HttpSecurity#authorizeHttpRequests instead.
2023-06-10 11:22:34 [main] INFO  o.s.s.web.DefaultSecurityFilterChain - Will not secure Ant [pattern='/decrypt/**']
2023-06-10 11:22:34 [main] INFO  o.s.s.web.DefaultSecurityFilterChain - Will secure any request with [org.springframework.security.web.session.DisableEncodeUrlFilter@5ca4dce5, org.springframework.security.web.context.request.async.WebAsyncManagerIntegrationFilter@1291aab5, org.springframework.security.web.context.SecurityContextPersistenceFilter@63d677f5, org.springframework.security.web.header.HeaderWriterFilter@3a0b6a, org.springframework.security.web.csrf.CsrfFilter@7a606260, org.springframework.security.web.authentication.logout.LogoutFilter@29bbc63c, org.springframework.security.web.authentication.UsernamePasswordAuthenticationFilter@5fdd97c1, org.springframework.security.web.authentication.ui.DefaultLoginPageGeneratingFilter@29d070c7, org.springframework.security.web.authentication.ui.DefaultLogoutPageGeneratingFilter@7d133fb7, org.springframework.security.web.authentication.www.BasicAuthenticationFilter@a3cba3a, org.springframework.security.web.savedrequest.RequestCacheAwareFilter@2997ddfc, org.springframework.security.web.servletapi.SecurityContextHolderAwareRequestFilter@681e913c, org.springframework.security.web.authentication.AnonymousAuthenticationFilter@40bd0f8, org.springframework.security.web.session.SessionManagementFilter@6f1fa1d0, org.springframework.security.web.access.ExceptionTranslationFilter@511da44f, org.springframework.security.web.access.intercept.FilterSecurityInterceptor@49232c6f]
2023-06-10 11:22:36 [main] INFO  o.a.coyote.http11.Http11NioProtocol - Starting ProtocolHandler ["http-nio-8888"]
2023-06-10 11:22:36 [main] INFO  o.s.b.w.e.tomcat.TomcatWebServer - Tomcat started on port(s): 8888 (http) with context path ''
2023-06-10 11:22:36 [main] INFO  c.m.demo.config.server.ConfigServer - Started ConfigServer in 5.067 seconds (JVM running for 5.581)
2023-06-10 11:25:39 [http-nio-8888-exec-1] INFO  o.a.c.c.C.[Tomcat].[localhost].[/] - Initializing Spring DispatcherServlet 'dispatcherServlet'
2023-06-10 11:25:39 [http-nio-8888-exec-1] INFO  o.s.web.servlet.DispatcherServlet - Initializing Servlet 'dispatcherServlet'
2023-06-10 11:25:39 [http-nio-8888-exec-1] INFO  o.s.web.servlet.DispatcherServlet - Completed initialization in 25 ms
2023-06-10 11:25:39 [http-nio-8888-exec-1] INFO  o.s.c.c.s.e.EncryptionController - Encrypted data
2023-06-10 11:25:54 [http-nio-8888-exec-2] INFO  o.s.c.c.s.e.EncryptionController - Encrypted data
2023-06-10 11:26:28 [http-nio-8888-exec-4] INFO  o.s.c.c.s.e.EncryptionController - Decrypted cipher data
2023-06-10 11:26:58 [http-nio-8888-exec-5] WARN  o.s.w.s.m.s.DefaultHandlerExceptionResolver - Resolved [org.springframework.web.HttpRequestMethodNotSupportedException: Request method 'GET' not supported]
2023-06-10 11:28:15 [http-nio-8888-exec-10] INFO  o.s.c.c.s.e.NativeEnvironmentRepository - Adding property source: Config resource 'file [/var/folders/g2/_8h7p7r523vcs3cp6c391b740000gn/T/config-repo-16718809493277985172/config-client-twitter_to_kafka.yml]' via location 'file:/var/folders/g2/_8h7p7r523vcs3cp6c391b740000gn/T/config-repo-16718809493277985172/'
2023-06-10 11:28:15 [http-nio-8888-exec-10] INFO  o.s.c.c.s.e.NativeEnvironmentRepository - Adding property source: Config resource 'file [/var/folders/g2/_8h7p7r523vcs3cp6c391b740000gn/T/config-repo-16718809493277985172/config-client.yml]' via location 'file:/var/folders/g2/_8h7p7r523vcs3cp6c391b740000gn/T/config-repo-16718809493277985172/'
2023-06-10 11:28:46 [http-nio-8888-exec-2] INFO  o.s.c.c.s.e.NativeEnvironmentRepository - Adding property source: Config resource 'file [/var/folders/g2/_8h7p7r523vcs3cp6c391b740000gn/T/config-repo-16718809493277985172/config-client-twitter_to_kafka.yml]' via location 'file:/var/folders/g2/_8h7p7r523vcs3cp6c391b740000gn/T/config-repo-16718809493277985172/'
2023-06-10 11:28:46 [http-nio-8888-exec-2] INFO  o.s.c.c.s.e.NativeEnvironmentRepository - Adding property source: Config resource 'file [/var/folders/g2/_8h7p7r523vcs3cp6c391b740000gn/T/config-repo-16718809493277985172/config-client.yml]' via location 'file:/var/folders/g2/_8h7p7r523vcs3cp6c391b740000gn/T/config-repo-16718809493277985172/'
