2023-06-11 17:06:45 [background-preinit] INFO  o.h.validator.internal.util.Version - HV000001: Hibernate Validator 6.2.5.Final
2023-06-11 17:07:13 [main] INFO  c.m.demo.config.server.ConfigServer - No active profile set, falling back to 1 default profile: "default"
2023-06-11 17:07:44 [main] INFO  o.s.cloud.context.scope.GenericScope - BeanFactory id=50e580af-6b53-3b55-9c0f-8f8fdb1b3d39
2023-06-11 17:07:57 [main] INFO  o.s.b.w.e.tomcat.TomcatWebServer - Tomcat initialized with port(s): 8888 (http)
2023-06-11 17:07:57 [main] INFO  o.a.coyote.http11.Http11NioProtocol - Initializing ProtocolHandler ["http-nio-8888"]
2023-06-11 17:07:57 [main] INFO  o.a.catalina.core.StandardService - Starting service [Tomcat]
2023-06-11 17:07:57 [main] INFO  o.a.catalina.core.StandardEngine - Starting Servlet engine: [Apache Tomcat/9.0.68]
2023-06-11 17:07:59 [main] INFO  o.a.c.c.C.[Tomcat].[localhost].[/] - Initializing Spring embedded WebApplicationContext
2023-06-11 17:07:59 [main] INFO  o.s.b.w.s.c.ServletWebServerApplicationContext - Root WebApplicationContext: initialization completed in 45598 ms
2023-06-11 17:08:14 [main] WARN  o.s.s.c.a.web.builders.WebSecurity - You are asking Spring Security to ignore Ant [pattern='/actuator/**']. This is not recommended -- please use permitAll via HttpSecurity#authorizeHttpRequests instead.
2023-06-11 17:08:14 [main] INFO  o.s.s.web.DefaultSecurityFilterChain - Will not secure Ant [pattern='/actuator/**']
2023-06-11 17:08:14 [main] WARN  o.s.s.c.a.web.builders.WebSecurity - You are asking Spring Security to ignore Ant [pattern='/encrypt/**']. This is not recommended -- please use permitAll via HttpSecurity#authorizeHttpRequests instead.
2023-06-11 17:08:14 [main] INFO  o.s.s.web.DefaultSecurityFilterChain - Will not secure Ant [pattern='/encrypt/**']
2023-06-11 17:08:14 [main] WARN  o.s.s.c.a.web.builders.WebSecurity - You are asking Spring Security to ignore Ant [pattern='/decrypt/**']. This is not recommended -- please use permitAll via HttpSecurity#authorizeHttpRequests instead.
2023-06-11 17:08:14 [main] INFO  o.s.s.web.DefaultSecurityFilterChain - Will not secure Ant [pattern='/decrypt/**']
2023-06-11 17:08:15 [main] INFO  o.s.s.web.DefaultSecurityFilterChain - Will secure any request with [org.springframework.security.web.session.DisableEncodeUrlFilter@629075f4, org.springframework.security.web.context.request.async.WebAsyncManagerIntegrationFilter@48499739, org.springframework.security.web.context.SecurityContextPersistenceFilter@3cb6e0ee, org.springframework.security.web.header.HeaderWriterFilter@1373e3ee, org.springframework.security.web.csrf.CsrfFilter@272778ae, org.springframework.security.web.authentication.logout.LogoutFilter@5333f08f, org.springframework.security.web.authentication.UsernamePasswordAuthenticationFilter@377dfb8d, org.springframework.security.web.authentication.ui.DefaultLoginPageGeneratingFilter@2d130ac4, org.springframework.security.web.authentication.ui.DefaultLogoutPageGeneratingFilter@723742b2, org.springframework.security.web.authentication.www.BasicAuthenticationFilter@1c84d80a, org.springframework.security.web.savedrequest.RequestCacheAwareFilter@4fb64a52, org.springframework.security.web.servletapi.SecurityContextHolderAwareRequestFilter@231df705, org.springframework.security.web.authentication.AnonymousAuthenticationFilter@559991f5, org.springframework.security.web.session.SessionManagementFilter@69a5c6be, org.springframework.security.web.access.ExceptionTranslationFilter@3a788fe0, org.springframework.security.web.access.intercept.FilterSecurityInterceptor@6aea99e7]
2023-06-11 17:08:46 [main] INFO  o.a.coyote.http11.Http11NioProtocol - Starting ProtocolHandler ["http-nio-8888"]
2023-06-11 17:08:47 [main] INFO  o.s.b.w.e.tomcat.TomcatWebServer - Tomcat started on port(s): 8888 (http) with context path ''
2023-06-11 17:08:47 [main] INFO  c.m.demo.config.server.ConfigServer - Started ConfigServer in 138.981 seconds (JVM running for 166.91)
2023-06-11 17:08:48 [http-nio-8888-exec-1] INFO  o.a.c.c.C.[Tomcat].[localhost].[/] - Initializing Spring DispatcherServlet 'dispatcherServlet'
2023-06-11 17:08:49 [http-nio-8888-exec-1] INFO  o.s.web.servlet.DispatcherServlet - Initializing Servlet 'dispatcherServlet'
2023-06-11 17:08:49 [http-nio-8888-exec-1] INFO  o.s.web.servlet.DispatcherServlet - Completed initialization in 142 ms
2023-06-11 17:13:13 [background-preinit] INFO  o.h.validator.internal.util.Version - HV000001: Hibernate Validator 6.2.5.Final
2023-06-11 17:13:30 [main] INFO  c.m.demo.config.server.ConfigServer - No active profile set, falling back to 1 default profile: "default"
2023-06-11 17:13:52 [main] INFO  o.s.cloud.context.scope.GenericScope - BeanFactory id=50e580af-6b53-3b55-9c0f-8f8fdb1b3d39
2023-06-11 17:14:01 [main] INFO  o.s.b.w.e.tomcat.TomcatWebServer - Tomcat initialized with port(s): 8888 (http)
2023-06-11 17:14:02 [main] INFO  o.a.coyote.http11.Http11NioProtocol - Initializing ProtocolHandler ["http-nio-8888"]
2023-06-11 17:14:02 [main] INFO  o.a.catalina.core.StandardService - Starting service [Tomcat]
2023-06-11 17:14:02 [main] INFO  o.a.catalina.core.StandardEngine - Starting Servlet engine: [Apache Tomcat/9.0.68]
2023-06-11 17:14:04 [main] INFO  o.a.c.c.C.[Tomcat].[localhost].[/] - Initializing Spring embedded WebApplicationContext
2023-06-11 17:14:04 [main] INFO  o.s.b.w.s.c.ServletWebServerApplicationContext - Root WebApplicationContext: initialization completed in 33020 ms
2023-06-11 17:14:19 [main] WARN  o.s.s.c.a.web.builders.WebSecurity - You are asking Spring Security to ignore Ant [pattern='/actuator/**']. This is not recommended -- please use permitAll via HttpSecurity#authorizeHttpRequests instead.
2023-06-11 17:14:19 [main] INFO  o.s.s.web.DefaultSecurityFilterChain - Will not secure Ant [pattern='/actuator/**']
2023-06-11 17:14:19 [main] WARN  o.s.s.c.a.web.builders.WebSecurity - You are asking Spring Security to ignore Ant [pattern='/encrypt/**']. This is not recommended -- please use permitAll via HttpSecurity#authorizeHttpRequests instead.
2023-06-11 17:14:19 [main] INFO  o.s.s.web.DefaultSecurityFilterChain - Will not secure Ant [pattern='/encrypt/**']
2023-06-11 17:14:19 [main] WARN  o.s.s.c.a.web.builders.WebSecurity - You are asking Spring Security to ignore Ant [pattern='/decrypt/**']. This is not recommended -- please use permitAll via HttpSecurity#authorizeHttpRequests instead.
2023-06-11 17:14:19 [main] INFO  o.s.s.web.DefaultSecurityFilterChain - Will not secure Ant [pattern='/decrypt/**']
2023-06-11 17:14:20 [main] INFO  o.s.s.web.DefaultSecurityFilterChain - Will secure any request with [org.springframework.security.web.session.DisableEncodeUrlFilter@377dfb8d, org.springframework.security.web.context.request.async.WebAsyncManagerIntegrationFilter@42a0786f, org.springframework.security.web.context.SecurityContextPersistenceFilter@32ab408e, org.springframework.security.web.header.HeaderWriterFilter@39c87b42, org.springframework.security.web.csrf.CsrfFilter@75793f17, org.springframework.security.web.authentication.logout.LogoutFilter@3009eed7, org.springframework.security.web.authentication.UsernamePasswordAuthenticationFilter@37e7c4cc, org.springframework.security.web.authentication.ui.DefaultLoginPageGeneratingFilter@175c5c3a, org.springframework.security.web.authentication.ui.DefaultLogoutPageGeneratingFilter@477523ba, org.springframework.security.web.authentication.www.BasicAuthenticationFilter@45c80312, org.springframework.security.web.savedrequest.RequestCacheAwareFilter@78b03788, org.springframework.security.web.servletapi.SecurityContextHolderAwareRequestFilter@1373e3ee, org.springframework.security.web.authentication.AnonymousAuthenticationFilter@203e705e, org.springframework.security.web.session.SessionManagementFilter@236c098, org.springframework.security.web.access.ExceptionTranslationFilter@234cd86c, org.springframework.security.web.access.intercept.FilterSecurityInterceptor@16681017]
2023-06-11 17:14:41 [main] INFO  o.a.coyote.http11.Http11NioProtocol - Starting ProtocolHandler ["http-nio-8888"]
2023-06-11 17:14:41 [main] INFO  o.s.b.w.e.tomcat.TomcatWebServer - Tomcat started on port(s): 8888 (http) with context path ''
2023-06-11 17:14:41 [main] INFO  c.m.demo.config.server.ConfigServer - Started ConfigServer in 108.421 seconds (JVM running for 129.408)
2023-06-11 17:14:43 [http-nio-8888-exec-2] INFO  o.a.c.c.C.[Tomcat].[localhost].[/] - Initializing Spring DispatcherServlet 'dispatcherServlet'
2023-06-11 17:14:43 [http-nio-8888-exec-2] INFO  o.s.web.servlet.DispatcherServlet - Initializing Servlet 'dispatcherServlet'
2023-06-11 17:14:43 [http-nio-8888-exec-2] INFO  o.s.web.servlet.DispatcherServlet - Completed initialization in 5 ms
2023-06-11 17:19:06 [background-preinit] INFO  o.h.validator.internal.util.Version - HV000001: Hibernate Validator 6.2.5.Final
2023-06-11 17:19:20 [main] INFO  c.m.demo.config.server.ConfigServer - No active profile set, falling back to 1 default profile: "default"
2023-06-11 17:19:35 [main] INFO  o.s.cloud.context.scope.GenericScope - BeanFactory id=50e580af-6b53-3b55-9c0f-8f8fdb1b3d39
2023-06-11 17:19:47 [main] INFO  o.s.b.w.e.tomcat.TomcatWebServer - Tomcat initialized with port(s): 8888 (http)
2023-06-11 17:19:48 [main] INFO  o.a.coyote.http11.Http11NioProtocol - Initializing ProtocolHandler ["http-nio-8888"]
2023-06-11 17:19:48 [main] INFO  o.a.catalina.core.StandardService - Starting service [Tomcat]
2023-06-11 17:19:48 [main] INFO  o.a.catalina.core.StandardEngine - Starting Servlet engine: [Apache Tomcat/9.0.68]
2023-06-11 17:19:50 [main] INFO  o.a.c.c.C.[Tomcat].[localhost].[/] - Initializing Spring embedded WebApplicationContext
2023-06-11 17:19:50 [main] INFO  o.s.b.w.s.c.ServletWebServerApplicationContext - Root WebApplicationContext: initialization completed in 30161 ms
2023-06-11 17:20:05 [main] WARN  o.s.s.c.a.web.builders.WebSecurity - You are asking Spring Security to ignore Ant [pattern='/actuator/**']. This is not recommended -- please use permitAll via HttpSecurity#authorizeHttpRequests instead.
2023-06-11 17:20:05 [main] INFO  o.s.s.web.DefaultSecurityFilterChain - Will not secure Ant [pattern='/actuator/**']
2023-06-11 17:20:05 [main] WARN  o.s.s.c.a.web.builders.WebSecurity - You are asking Spring Security to ignore Ant [pattern='/encrypt/**']. This is not recommended -- please use permitAll via HttpSecurity#authorizeHttpRequests instead.
2023-06-11 17:20:05 [main] INFO  o.s.s.web.DefaultSecurityFilterChain - Will not secure Ant [pattern='/encrypt/**']
2023-06-11 17:20:05 [main] WARN  o.s.s.c.a.web.builders.WebSecurity - You are asking Spring Security to ignore Ant [pattern='/decrypt/**']. This is not recommended -- please use permitAll via HttpSecurity#authorizeHttpRequests instead.
2023-06-11 17:20:05 [main] INFO  o.s.s.web.DefaultSecurityFilterChain - Will not secure Ant [pattern='/decrypt/**']
2023-06-11 17:20:06 [main] INFO  o.s.s.web.DefaultSecurityFilterChain - Will secure any request with [org.springframework.security.web.session.DisableEncodeUrlFilter@1c6a0103, org.springframework.security.web.context.request.async.WebAsyncManagerIntegrationFilter@7841bd30, org.springframework.security.web.context.SecurityContextPersistenceFilter@47fcefb3, org.springframework.security.web.header.HeaderWriterFilter@743c3520, org.springframework.security.web.csrf.CsrfFilter@58d4238e, org.springframework.security.web.authentication.logout.LogoutFilter@194012a2, org.springframework.security.web.authentication.UsernamePasswordAuthenticationFilter@6aae0e6f, org.springframework.security.web.authentication.ui.DefaultLoginPageGeneratingFilter@571a663c, org.springframework.security.web.authentication.ui.DefaultLogoutPageGeneratingFilter@45c80312, org.springframework.security.web.authentication.www.BasicAuthenticationFilter@565d7d2f, org.springframework.security.web.savedrequest.RequestCacheAwareFilter@68e2d03e, org.springframework.security.web.servletapi.SecurityContextHolderAwareRequestFilter@3f5dfe69, org.springframework.security.web.authentication.AnonymousAuthenticationFilter@7bd38fed, org.springframework.security.web.session.SessionManagementFilter@234cd86c, org.springframework.security.web.access.ExceptionTranslationFilter@2cccf134, org.springframework.security.web.access.intercept.FilterSecurityInterceptor@10817f46]
2023-06-11 17:20:25 [main] INFO  o.a.coyote.http11.Http11NioProtocol - Starting ProtocolHandler ["http-nio-8888"]
2023-06-11 17:20:25 [main] INFO  o.s.b.w.e.tomcat.TomcatWebServer - Tomcat started on port(s): 8888 (http) with context path ''
2023-06-11 17:20:26 [main] INFO  c.m.demo.config.server.ConfigServer - Started ConfigServer in 97.281 seconds (JVM running for 114.497)
2023-06-11 17:20:27 [http-nio-8888-exec-1] INFO  o.a.c.c.C.[Tomcat].[localhost].[/] - Initializing Spring DispatcherServlet 'dispatcherServlet'
2023-06-11 17:20:27 [http-nio-8888-exec-1] INFO  o.s.web.servlet.DispatcherServlet - Initializing Servlet 'dispatcherServlet'
2023-06-11 17:20:27 [http-nio-8888-exec-1] INFO  o.s.web.servlet.DispatcherServlet - Completed initialization in 4 ms
2023-06-11 17:26:15 [background-preinit] INFO  o.h.validator.internal.util.Version - HV000001: Hibernate Validator 6.2.5.Final
2023-06-11 17:26:29 [main] INFO  c.m.demo.config.server.ConfigServer - No active profile set, falling back to 1 default profile: "default"
2023-06-11 17:26:45 [main] INFO  o.s.cloud.context.scope.GenericScope - BeanFactory id=50e580af-6b53-3b55-9c0f-8f8fdb1b3d39
2023-06-11 17:26:52 [main] INFO  o.s.b.w.e.tomcat.TomcatWebServer - Tomcat initialized with port(s): 8888 (http)
2023-06-11 17:26:52 [main] INFO  o.a.coyote.http11.Http11NioProtocol - Initializing ProtocolHandler ["http-nio-8888"]
2023-06-11 17:26:53 [main] INFO  o.a.catalina.core.StandardService - Starting service [Tomcat]
2023-06-11 17:26:53 [main] INFO  o.a.catalina.core.StandardEngine - Starting Servlet engine: [Apache Tomcat/9.0.68]
2023-06-11 17:26:55 [main] INFO  o.a.c.c.C.[Tomcat].[localhost].[/] - Initializing Spring embedded WebApplicationContext
2023-06-11 17:26:55 [main] INFO  o.s.b.w.s.c.ServletWebServerApplicationContext - Root WebApplicationContext: initialization completed in 25613 ms
2023-06-11 17:27:10 [main] WARN  o.s.s.c.a.web.builders.WebSecurity - You are asking Spring Security to ignore Ant [pattern='/actuator/**']. This is not recommended -- please use permitAll via HttpSecurity#authorizeHttpRequests instead.
2023-06-11 17:27:10 [main] INFO  o.s.s.web.DefaultSecurityFilterChain - Will not secure Ant [pattern='/actuator/**']
2023-06-11 17:27:10 [main] WARN  o.s.s.c.a.web.builders.WebSecurity - You are asking Spring Security to ignore Ant [pattern='/encrypt/**']. This is not recommended -- please use permitAll via HttpSecurity#authorizeHttpRequests instead.
2023-06-11 17:27:10 [main] INFO  o.s.s.web.DefaultSecurityFilterChain - Will not secure Ant [pattern='/encrypt/**']
2023-06-11 17:27:10 [main] WARN  o.s.s.c.a.web.builders.WebSecurity - You are asking Spring Security to ignore Ant [pattern='/decrypt/**']. This is not recommended -- please use permitAll via HttpSecurity#authorizeHttpRequests instead.
2023-06-11 17:27:10 [main] INFO  o.s.s.web.DefaultSecurityFilterChain - Will not secure Ant [pattern='/decrypt/**']
2023-06-11 17:27:11 [main] INFO  o.s.s.web.DefaultSecurityFilterChain - Will secure any request with [org.springframework.security.web.session.DisableEncodeUrlFilter@629075f4, org.springframework.security.web.context.request.async.WebAsyncManagerIntegrationFilter@48499739, org.springframework.security.web.context.SecurityContextPersistenceFilter@3cb6e0ee, org.springframework.security.web.header.HeaderWriterFilter@1373e3ee, org.springframework.security.web.csrf.CsrfFilter@272778ae, org.springframework.security.web.authentication.logout.LogoutFilter@5333f08f, org.springframework.security.web.authentication.UsernamePasswordAuthenticationFilter@377dfb8d, org.springframework.security.web.authentication.ui.DefaultLoginPageGeneratingFilter@2d130ac4, org.springframework.security.web.authentication.ui.DefaultLogoutPageGeneratingFilter@723742b2, org.springframework.security.web.authentication.www.BasicAuthenticationFilter@1c84d80a, org.springframework.security.web.savedrequest.RequestCacheAwareFilter@4fb64a52, org.springframework.security.web.servletapi.SecurityContextHolderAwareRequestFilter@231df705, org.springframework.security.web.authentication.AnonymousAuthenticationFilter@559991f5, org.springframework.security.web.session.SessionManagementFilter@69a5c6be, org.springframework.security.web.access.ExceptionTranslationFilter@3a788fe0, org.springframework.security.web.access.intercept.FilterSecurityInterceptor@6aea99e7]
2023-06-11 17:27:32 [main] INFO  o.a.coyote.http11.Http11NioProtocol - Starting ProtocolHandler ["http-nio-8888"]
2023-06-11 17:27:32 [main] INFO  o.s.b.w.e.tomcat.TomcatWebServer - Tomcat started on port(s): 8888 (http) with context path ''
2023-06-11 17:27:32 [main] INFO  c.m.demo.config.server.ConfigServer - Started ConfigServer in 92.234 seconds (JVM running for 109.503)
2023-06-11 17:27:33 [http-nio-8888-exec-1] INFO  o.a.c.c.C.[Tomcat].[localhost].[/] - Initializing Spring DispatcherServlet 'dispatcherServlet'
2023-06-11 17:27:33 [http-nio-8888-exec-1] INFO  o.s.web.servlet.DispatcherServlet - Initializing Servlet 'dispatcherServlet'
2023-06-11 17:27:33 [http-nio-8888-exec-1] INFO  o.s.web.servlet.DispatcherServlet - Completed initialization in 9 ms
2023-06-11 17:29:18 [background-preinit] INFO  o.h.validator.internal.util.Version - HV000001: Hibernate Validator 6.2.5.Final
2023-06-11 17:29:34 [main] INFO  c.m.demo.config.server.ConfigServer - No active profile set, falling back to 1 default profile: "default"
2023-06-11 17:29:50 [main] INFO  o.s.cloud.context.scope.GenericScope - BeanFactory id=50e580af-6b53-3b55-9c0f-8f8fdb1b3d39
2023-06-11 17:29:59 [main] INFO  o.s.b.w.e.tomcat.TomcatWebServer - Tomcat initialized with port(s): 8888 (http)
2023-06-11 17:29:59 [main] INFO  o.a.coyote.http11.Http11NioProtocol - Initializing ProtocolHandler ["http-nio-8888"]
2023-06-11 17:29:59 [main] INFO  o.a.catalina.core.StandardService - Starting service [Tomcat]
2023-06-11 17:29:59 [main] INFO  o.a.catalina.core.StandardEngine - Starting Servlet engine: [Apache Tomcat/9.0.68]
2023-06-11 17:30:01 [main] INFO  o.a.c.c.C.[Tomcat].[localhost].[/] - Initializing Spring embedded WebApplicationContext
2023-06-11 17:30:01 [main] INFO  o.s.b.w.s.c.ServletWebServerApplicationContext - Root WebApplicationContext: initialization completed in 26840 ms
2023-06-11 17:30:16 [main] WARN  o.s.s.c.a.web.builders.WebSecurity - You are asking Spring Security to ignore Ant [pattern='/actuator/**']. This is not recommended -- please use permitAll via HttpSecurity#authorizeHttpRequests instead.
2023-06-11 17:30:16 [main] INFO  o.s.s.web.DefaultSecurityFilterChain - Will not secure Ant [pattern='/actuator/**']
2023-06-11 17:30:16 [main] WARN  o.s.s.c.a.web.builders.WebSecurity - You are asking Spring Security to ignore Ant [pattern='/encrypt/**']. This is not recommended -- please use permitAll via HttpSecurity#authorizeHttpRequests instead.
2023-06-11 17:30:16 [main] INFO  o.s.s.web.DefaultSecurityFilterChain - Will not secure Ant [pattern='/encrypt/**']
2023-06-11 17:30:16 [main] WARN  o.s.s.c.a.web.builders.WebSecurity - You are asking Spring Security to ignore Ant [pattern='/decrypt/**']. This is not recommended -- please use permitAll via HttpSecurity#authorizeHttpRequests instead.
2023-06-11 17:30:16 [main] INFO  o.s.s.web.DefaultSecurityFilterChain - Will not secure Ant [pattern='/decrypt/**']
2023-06-11 17:30:17 [main] INFO  o.s.s.web.DefaultSecurityFilterChain - Will secure any request with [org.springframework.security.web.session.DisableEncodeUrlFilter@42a0786f, org.springframework.security.web.context.request.async.WebAsyncManagerIntegrationFilter@477523ba, org.springframework.security.web.context.SecurityContextPersistenceFilter@6ad6443, org.springframework.security.web.header.HeaderWriterFilter@47fcefb3, org.springframework.security.web.csrf.CsrfFilter@4652c74d, org.springframework.security.web.authentication.logout.LogoutFilter@2ee4706d, org.springframework.security.web.authentication.UsernamePasswordAuthenticationFilter@3a40bb52, org.springframework.security.web.authentication.ui.DefaultLoginPageGeneratingFilter@69a5c6be, org.springframework.security.web.authentication.ui.DefaultLogoutPageGeneratingFilter@203e705e, org.springframework.security.web.authentication.www.BasicAuthenticationFilter@7bd38fed, org.springframework.security.web.savedrequest.RequestCacheAwareFilter@3f5dfe69, org.springframework.security.web.servletapi.SecurityContextHolderAwareRequestFilter@175c5c3a, org.springframework.security.web.authentication.AnonymousAuthenticationFilter@78c74647, org.springframework.security.web.session.SessionManagementFilter@68e2d03e, org.springframework.security.web.access.ExceptionTranslationFilter@2c48cede, org.springframework.security.web.access.intercept.FilterSecurityInterceptor@6aae0e6f]
2023-06-11 17:30:38 [main] INFO  o.a.coyote.http11.Http11NioProtocol - Starting ProtocolHandler ["http-nio-8888"]
2023-06-11 17:30:38 [main] INFO  o.s.b.w.e.tomcat.TomcatWebServer - Tomcat started on port(s): 8888 (http) with context path ''
2023-06-11 17:30:38 [main] INFO  c.m.demo.config.server.ConfigServer - Started ConfigServer in 96.37 seconds (JVM running for 113.44)
2023-06-11 17:30:40 [http-nio-8888-exec-2] INFO  o.a.c.c.C.[Tomcat].[localhost].[/] - Initializing Spring DispatcherServlet 'dispatcherServlet'
2023-06-11 17:30:40 [http-nio-8888-exec-2] INFO  o.s.web.servlet.DispatcherServlet - Initializing Servlet 'dispatcherServlet'
2023-06-11 17:30:40 [http-nio-8888-exec-2] INFO  o.s.web.servlet.DispatcherServlet - Completed initialization in 6 ms
2023-06-11 17:36:58 [background-preinit] INFO  o.h.validator.internal.util.Version - HV000001: Hibernate Validator 6.2.5.Final
2023-06-11 17:37:11 [main] INFO  c.m.demo.config.server.ConfigServer - No active profile set, falling back to 1 default profile: "default"
2023-06-11 17:37:25 [main] INFO  o.s.cloud.context.scope.GenericScope - BeanFactory id=50e580af-6b53-3b55-9c0f-8f8fdb1b3d39
2023-06-11 17:37:32 [main] INFO  o.s.b.w.e.tomcat.TomcatWebServer - Tomcat initialized with port(s): 8888 (http)
2023-06-11 17:37:32 [main] INFO  o.a.coyote.http11.Http11NioProtocol - Initializing ProtocolHandler ["http-nio-8888"]
2023-06-11 17:37:32 [main] INFO  o.a.catalina.core.StandardService - Starting service [Tomcat]
2023-06-11 17:37:32 [main] INFO  o.a.catalina.core.StandardEngine - Starting Servlet engine: [Apache Tomcat/9.0.68]
2023-06-11 17:37:34 [main] INFO  o.a.c.c.C.[Tomcat].[localhost].[/] - Initializing Spring embedded WebApplicationContext
2023-06-11 17:37:34 [main] INFO  o.s.b.w.s.c.ServletWebServerApplicationContext - Root WebApplicationContext: initialization completed in 23499 ms
2023-06-11 17:37:44 [main] WARN  o.s.s.c.a.web.builders.WebSecurity - You are asking Spring Security to ignore Ant [pattern='/actuator/**']. This is not recommended -- please use permitAll via HttpSecurity#authorizeHttpRequests instead.
2023-06-11 17:37:44 [main] INFO  o.s.s.web.DefaultSecurityFilterChain - Will not secure Ant [pattern='/actuator/**']
2023-06-11 17:37:44 [main] WARN  o.s.s.c.a.web.builders.WebSecurity - You are asking Spring Security to ignore Ant [pattern='/encrypt/**']. This is not recommended -- please use permitAll via HttpSecurity#authorizeHttpRequests instead.
2023-06-11 17:37:44 [main] INFO  o.s.s.web.DefaultSecurityFilterChain - Will not secure Ant [pattern='/encrypt/**']
2023-06-11 17:37:44 [main] WARN  o.s.s.c.a.web.builders.WebSecurity - You are asking Spring Security to ignore Ant [pattern='/decrypt/**']. This is not recommended -- please use permitAll via HttpSecurity#authorizeHttpRequests instead.
2023-06-11 17:37:44 [main] INFO  o.s.s.web.DefaultSecurityFilterChain - Will not secure Ant [pattern='/decrypt/**']
2023-06-11 17:37:44 [main] INFO  o.s.s.web.DefaultSecurityFilterChain - Will secure any request with [org.springframework.security.web.session.DisableEncodeUrlFilter@7ceb6c45, org.springframework.security.web.context.request.async.WebAsyncManagerIntegrationFilter@629075f4, org.springframework.security.web.context.SecurityContextPersistenceFilter@497ed877, org.springframework.security.web.header.HeaderWriterFilter@430df350, org.springframework.security.web.csrf.CsrfFilter@29bbc63c, org.springframework.security.web.authentication.logout.LogoutFilter@51e8d066, org.springframework.security.web.authentication.UsernamePasswordAuthenticationFilter@7bd38fed, org.springframework.security.web.authentication.ui.DefaultLoginPageGeneratingFilter@231df705, org.springframework.security.web.authentication.ui.DefaultLogoutPageGeneratingFilter@48499739, org.springframework.security.web.authentication.www.BasicAuthenticationFilter@561f9d92, org.springframework.security.web.savedrequest.RequestCacheAwareFilter@7b6141f0, org.springframework.security.web.servletapi.SecurityContextHolderAwareRequestFilter@77083e41, org.springframework.security.web.authentication.AnonymousAuthenticationFilter@723742b2, org.springframework.security.web.session.SessionManagementFilter@175c5c3a, org.springframework.security.web.access.ExceptionTranslationFilter@571a663c, org.springframework.security.web.access.intercept.FilterSecurityInterceptor@565d7d2f]
2023-06-11 17:37:58 [main] INFO  o.a.coyote.http11.Http11NioProtocol - Starting ProtocolHandler ["http-nio-8888"]
2023-06-11 17:37:58 [main] INFO  o.s.b.w.e.tomcat.TomcatWebServer - Tomcat started on port(s): 8888 (http) with context path ''
2023-06-11 17:37:59 [main] INFO  c.m.demo.config.server.ConfigServer - Started ConfigServer in 78.551 seconds (JVM running for 95.437)
2023-06-11 17:37:59 [http-nio-8888-exec-1] INFO  o.a.c.c.C.[Tomcat].[localhost].[/] - Initializing Spring DispatcherServlet 'dispatcherServlet'
2023-06-11 17:37:59 [http-nio-8888-exec-1] INFO  o.s.web.servlet.DispatcherServlet - Initializing Servlet 'dispatcherServlet'
2023-06-11 17:37:59 [http-nio-8888-exec-1] INFO  o.s.web.servlet.DispatcherServlet - Completed initialization in 24 ms
2023-06-11 17:55:18 [background-preinit] INFO  o.h.validator.internal.util.Version - HV000001: Hibernate Validator 6.2.5.Final
2023-06-11 17:55:40 [main] INFO  c.m.demo.config.server.ConfigServer - No active profile set, falling back to 1 default profile: "default"
2023-06-11 17:56:02 [main] INFO  o.s.cloud.context.scope.GenericScope - BeanFactory id=50e580af-6b53-3b55-9c0f-8f8fdb1b3d39
2023-06-11 17:56:11 [main] INFO  o.s.b.w.e.tomcat.TomcatWebServer - Tomcat initialized with port(s): 8888 (http)
2023-06-11 17:56:12 [main] INFO  o.a.coyote.http11.Http11NioProtocol - Initializing ProtocolHandler ["http-nio-8888"]
2023-06-11 17:56:12 [main] INFO  o.a.catalina.core.StandardService - Starting service [Tomcat]
2023-06-11 17:56:12 [main] INFO  o.a.catalina.core.StandardEngine - Starting Servlet engine: [Apache Tomcat/9.0.68]
2023-06-11 17:56:13 [main] INFO  o.a.c.c.C.[Tomcat].[localhost].[/] - Initializing Spring embedded WebApplicationContext
2023-06-11 17:56:13 [main] INFO  o.s.b.w.s.c.ServletWebServerApplicationContext - Root WebApplicationContext: initialization completed in 32665 ms
2023-06-11 17:56:30 [main] WARN  o.s.s.c.a.web.builders.WebSecurity - You are asking Spring Security to ignore Ant [pattern='/actuator/**']. This is not recommended -- please use permitAll via HttpSecurity#authorizeHttpRequests instead.
2023-06-11 17:56:30 [main] INFO  o.s.s.web.DefaultSecurityFilterChain - Will not secure Ant [pattern='/actuator/**']
2023-06-11 17:56:30 [main] WARN  o.s.s.c.a.web.builders.WebSecurity - You are asking Spring Security to ignore Ant [pattern='/encrypt/**']. This is not recommended -- please use permitAll via HttpSecurity#authorizeHttpRequests instead.
2023-06-11 17:56:30 [main] INFO  o.s.s.web.DefaultSecurityFilterChain - Will not secure Ant [pattern='/encrypt/**']
2023-06-11 17:56:30 [main] WARN  o.s.s.c.a.web.builders.WebSecurity - You are asking Spring Security to ignore Ant [pattern='/decrypt/**']. This is not recommended -- please use permitAll via HttpSecurity#authorizeHttpRequests instead.
2023-06-11 17:56:30 [main] INFO  o.s.s.web.DefaultSecurityFilterChain - Will not secure Ant [pattern='/decrypt/**']
2023-06-11 17:56:31 [main] INFO  o.s.s.web.DefaultSecurityFilterChain - Will secure any request with [org.springframework.security.web.session.DisableEncodeUrlFilter@723742b2, org.springframework.security.web.context.request.async.WebAsyncManagerIntegrationFilter@559991f5, org.springframework.security.web.context.SecurityContextPersistenceFilter@4fb64a52, org.springframework.security.web.header.HeaderWriterFilter@69a5c6be, org.springframework.security.web.csrf.CsrfFilter@3c18942, org.springframework.security.web.authentication.logout.LogoutFilter@4f5f474c, org.springframework.security.web.authentication.UsernamePasswordAuthenticationFilter@477523ba, org.springframework.security.web.authentication.ui.DefaultLoginPageGeneratingFilter@194012a2, org.springframework.security.web.authentication.ui.DefaultLogoutPageGeneratingFilter@34c76167, org.springframework.security.web.authentication.www.BasicAuthenticationFilter@629075f4, org.springframework.security.web.savedrequest.RequestCacheAwareFilter@7b8ea1db, org.springframework.security.web.servletapi.SecurityContextHolderAwareRequestFilter@2f0ccb34, org.springframework.security.web.authentication.AnonymousAuthenticationFilter@30b3d899, org.springframework.security.web.session.SessionManagementFilter@497ed877, org.springframework.security.web.access.ExceptionTranslationFilter@1373e3ee, org.springframework.security.web.access.intercept.FilterSecurityInterceptor@7841bd30]
2023-06-11 17:56:46 [main] INFO  o.a.coyote.http11.Http11NioProtocol - Starting ProtocolHandler ["http-nio-8888"]
2023-06-11 17:56:46 [main] INFO  o.s.b.w.e.tomcat.TomcatWebServer - Tomcat started on port(s): 8888 (http) with context path ''
2023-06-11 17:56:46 [main] INFO  c.m.demo.config.server.ConfigServer - Started ConfigServer in 109.342 seconds (JVM running for 124.919)
2023-06-11 17:56:47 [http-nio-8888-exec-1] INFO  o.a.c.c.C.[Tomcat].[localhost].[/] - Initializing Spring DispatcherServlet 'dispatcherServlet'
2023-06-11 17:56:47 [http-nio-8888-exec-1] INFO  o.s.web.servlet.DispatcherServlet - Initializing Servlet 'dispatcherServlet'
2023-06-11 17:56:47 [http-nio-8888-exec-1] INFO  o.s.web.servlet.DispatcherServlet - Completed initialization in 6 ms
