2023-06-15 00:21:39 [main] [,] INFO   c.m.d.t.t.k.s.TwitterToKafkaServiceApplication - Starting TwitterToKafkaServiceApplication v0.0.1-SNAPSHOT using Java 11.0.19 on 5f97c69a8da0 with PID 641 (/workspace/BOOT-INF/classes started by root in /workspace)
2023-06-15 00:21:39 [main] [,] INFO   c.m.d.t.t.k.s.TwitterToKafkaServiceApplication - The following 1 profile is active: "twitter_to_kafka"
2023-06-15 00:21:40 [main] [,] INFO   o.s.c.c.c.ConfigServerConfigDataLoader - Fetching config from server at : http://config-server:8888
2023-06-15 00:21:40 [main] [,] INFO   o.s.c.c.c.ConfigServerConfigDataLoader - Located environment: name=twitter-to-kafka-service,config-client, profiles=[twitter_to_kafka], label=null, version=671cc6e94eaaff7a5d2994dc785499edf68ec4cf, state=null
2023-06-15 00:21:59 [main] [,] INFO   o.s.cloud.context.scope.GenericScope - BeanFactory id=64a985f8-a3c7-379f-98fe-42a6c2b5d75d
2023-06-15 00:22:14 [main] [,] INFO   o.a.k.c.admin.AdminClientConfig - AdminClientConfig values: 
	bootstrap.servers = [kafka-broker-1:9092, kafka-broker-2:9092, kafka-broker-3:9092]
	client.dns.lookup = use_all_dns_ips
	client.id = 
	connections.max.idle.ms = 300000
	default.api.timeout.ms = 60000
	metadata.max.age.ms = 300000
	metric.reporters = []
	metrics.num.samples = 2
	metrics.recording.level = INFO
	metrics.sample.window.ms = 30000
	receive.buffer.bytes = 65536
	reconnect.backoff.max.ms = 1000
	reconnect.backoff.ms = 50
	request.timeout.ms = 30000
	retries = 2147483647
	retry.backoff.ms = 100
	sasl.client.callback.handler.class = null
	sasl.jaas.config = null
	sasl.kerberos.kinit.cmd = /usr/bin/kinit
	sasl.kerberos.min.time.before.relogin = 60000
	sasl.kerberos.service.name = null
	sasl.kerberos.ticket.renew.jitter = 0.05
	sasl.kerberos.ticket.renew.window.factor = 0.8
	sasl.login.callback.handler.class = null
	sasl.login.class = null
	sasl.login.connect.timeout.ms = null
	sasl.login.read.timeout.ms = null
	sasl.login.refresh.buffer.seconds = 300
	sasl.login.refresh.min.period.seconds = 60
	sasl.login.refresh.window.factor = 0.8
	sasl.login.refresh.window.jitter = 0.05
	sasl.login.retry.backoff.max.ms = 10000
	sasl.login.retry.backoff.ms = 100
	sasl.mechanism = GSSAPI
	sasl.oauthbearer.clock.skew.seconds = 30
	sasl.oauthbearer.expected.audience = null
	sasl.oauthbearer.expected.issuer = null
	sasl.oauthbearer.jwks.endpoint.refresh.ms = 3600000
	sasl.oauthbearer.jwks.endpoint.retry.backoff.max.ms = 10000
	sasl.oauthbearer.jwks.endpoint.retry.backoff.ms = 100
	sasl.oauthbearer.jwks.endpoint.url = null
	sasl.oauthbearer.scope.claim.name = scope
	sasl.oauthbearer.sub.claim.name = sub
	sasl.oauthbearer.token.endpoint.url = null
	security.protocol = PLAINTEXT
	security.providers = null
	send.buffer.bytes = 131072
	socket.connection.setup.timeout.max.ms = 30000
	socket.connection.setup.timeout.ms = 10000
	ssl.cipher.suites = null
	ssl.enabled.protocols = [TLSv1.2, TLSv1.3]
	ssl.endpoint.identification.algorithm = https
	ssl.engine.factory.class = null
	ssl.key.password = null
	ssl.keymanager.algorithm = SunX509
	ssl.keystore.certificate.chain = null
	ssl.keystore.key = null
	ssl.keystore.location = null
	ssl.keystore.password = null
	ssl.keystore.type = JKS
	ssl.protocol = TLSv1.3
	ssl.provider = null
	ssl.secure.random.implementation = null
	ssl.trustmanager.algorithm = PKIX
	ssl.truststore.certificates = null
	ssl.truststore.location = null
	ssl.truststore.password = null
	ssl.truststore.type = JKS

2023-06-15 00:22:21 [main] [,] INFO   o.a.kafka.common.utils.AppInfoParser - Kafka version: 3.1.2
2023-06-15 00:22:21 [main] [,] INFO   o.a.kafka.common.utils.AppInfoParser - Kafka commitId: f8c67dc3ae0a3265
2023-06-15 00:22:21 [main] [,] INFO   o.a.kafka.common.utils.AppInfoParser - Kafka startTimeMs: 1686788541492
2023-06-15 00:22:39 [main] [,] INFO   o.s.b.a.s.r.ReactiveUserDetailsServiceAutoConfiguration - 

Using generated security password: 80c1f08f-1b54-4b7b-afde-a9e96345bbb2

2023-06-15 00:22:53 [main] [,] INFO   o.s.b.w.e.netty.NettyWebServer - Netty started on port 8181
2023-06-15 00:22:53 [main] [,] INFO   c.m.d.t.t.k.s.TwitterToKafkaServiceApplication - Started TwitterToKafkaServiceApplication in 92.922 seconds (JVM running for 105.255)
2023-06-15 00:22:53 [main] [,] INFO   c.m.d.t.t.k.s.TwitterToKafkaServiceApplication - Application start!
2023-06-15 00:22:53 [main] [,] INFO   c.m.d.k.a.client.KafkaAdminClient - Creating 1 topics(s), attempt 0
2023-06-15 00:22:53 [main] [,] INFO   c.m.d.k.a.client.KafkaAdminClient - Create topic result [KafkaFuture{value=null,exception=null,done=false}]
2023-06-15 00:22:53 [main] [,] INFO   c.m.d.k.a.client.KafkaAdminClient - Reading kafka topic [twitter-topic], attempt 0
2023-06-15 00:23:02 [main] [,] INFO   c.m.d.t.t.k.s.i.i.KafkaStreamInitializer - Topics with name twitter-topic is ready for operations!
2023-06-15 00:23:02 [main] [,] INFO   c.m.d.t.t.k.s.r.i.MockKafkaStreamRunner - Starting mock filtering twitter streams for keywords [Java, Microservices, Kafka, Elasticsearch]
2023-06-15 00:23:07 [pool-4-thread-1] [,] INFO   c.m.d.t.t.k.s.l.TwitterKafkaStatusListener - Received status text massa malesuada purus lectus massa Microservices malesuada amet purus massa sending to kafka topic twitter-topic
2023-06-15 00:23:09 [pool-4-thread-1] [,] INFO   c.m.d.k.p.c.s.i.TwitterKafkaProducer - Sending message='{"userId": 8988026253881340198, "id": 2942847464659309720, "text": "massa malesuada purus lectus massa Microservices malesuada amet purus massa", "createdAt": 1686788582000}' to topic='twitter-topic'
2023-06-15 00:23:10 [pool-4-thread-1] [,] INFO   o.a.k.c.producer.ProducerConfig - ProducerConfig values: 
	acks = -1
	batch.size = 1638400
	bootstrap.servers = [kafka-broker-1:9092, kafka-broker-2:9092, kafka-broker-3:9092]
	buffer.memory = 33554432
	client.dns.lookup = use_all_dns_ips
	client.id = producer-1
	compression.type = snappy
	connections.max.idle.ms = 540000
	delivery.timeout.ms = 120000
	enable.idempotence = true
	interceptor.classes = []
	key.serializer = class org.apache.kafka.common.serialization.LongSerializer
	linger.ms = 5
	max.block.ms = 60000
	max.in.flight.requests.per.connection = 5
	max.request.size = 1048576
	metadata.max.age.ms = 300000
	metadata.max.idle.ms = 300000
	metric.reporters = []
	metrics.num.samples = 2
	metrics.recording.level = INFO
	metrics.sample.window.ms = 30000
	partitioner.class = class org.apache.kafka.clients.producer.internals.DefaultPartitioner
	receive.buffer.bytes = 32768
	reconnect.backoff.max.ms = 1000
	reconnect.backoff.ms = 50
	request.timeout.ms = 60000
	retries = 5
	retry.backoff.ms = 100
	sasl.client.callback.handler.class = null
	sasl.jaas.config = null
	sasl.kerberos.kinit.cmd = /usr/bin/kinit
	sasl.kerberos.min.time.before.relogin = 60000
	sasl.kerberos.service.name = null
	sasl.kerberos.ticket.renew.jitter = 0.05
	sasl.kerberos.ticket.renew.window.factor = 0.8
	sasl.login.callback.handler.class = null
	sasl.login.class = null
	sasl.login.connect.timeout.ms = null
	sasl.login.read.timeout.ms = null
	sasl.login.refresh.buffer.seconds = 300
	sasl.login.refresh.min.period.seconds = 60
	sasl.login.refresh.window.factor = 0.8
	sasl.login.refresh.window.jitter = 0.05
	sasl.login.retry.backoff.max.ms = 10000
	sasl.login.retry.backoff.ms = 100
	sasl.mechanism = GSSAPI
	sasl.oauthbearer.clock.skew.seconds = 30
	sasl.oauthbearer.expected.audience = null
	sasl.oauthbearer.expected.issuer = null
	sasl.oauthbearer.jwks.endpoint.refresh.ms = 3600000
	sasl.oauthbearer.jwks.endpoint.retry.backoff.max.ms = 10000
	sasl.oauthbearer.jwks.endpoint.retry.backoff.ms = 100
	sasl.oauthbearer.jwks.endpoint.url = null
	sasl.oauthbearer.scope.claim.name = scope
	sasl.oauthbearer.sub.claim.name = sub
	sasl.oauthbearer.token.endpoint.url = null
	security.protocol = PLAINTEXT
	security.providers = null
	send.buffer.bytes = 131072
	socket.connection.setup.timeout.max.ms = 30000
	socket.connection.setup.timeout.ms = 10000
	ssl.cipher.suites = null
	ssl.enabled.protocols = [TLSv1.2, TLSv1.3]
	ssl.endpoint.identification.algorithm = https
	ssl.engine.factory.class = null
	ssl.key.password = null
	ssl.keymanager.algorithm = SunX509
	ssl.keystore.certificate.chain = null
	ssl.keystore.key = null
	ssl.keystore.location = null
	ssl.keystore.password = null
	ssl.keystore.type = JKS
	ssl.protocol = TLSv1.3
	ssl.provider = null
	ssl.secure.random.implementation = null
	ssl.trustmanager.algorithm = PKIX
	ssl.truststore.certificates = null
	ssl.truststore.location = null
	ssl.truststore.password = null
	ssl.truststore.type = JKS
	transaction.timeout.ms = 60000
	transactional.id = null
	value.serializer = class io.confluent.kafka.serializers.KafkaAvroSerializer

2023-06-15 00:23:15 [pool-4-thread-1] [,] INFO   i.c.k.s.KafkaAvroSerializerConfig - KafkaAvroSerializerConfig values: 
	auto.register.schemas = true
	avro.reflection.allow.null = false
	avro.remove.java.properties = false
	avro.use.logical.type.converters = false
	basic.auth.credentials.source = URL
	basic.auth.user.info = [hidden]
	bearer.auth.credentials.source = STATIC_TOKEN
	bearer.auth.token = [hidden]
	context.name.strategy = class io.confluent.kafka.serializers.context.NullContextNameStrategy
	id.compatibility.strict = true
	key.subject.name.strategy = class io.confluent.kafka.serializers.subject.TopicNameStrategy
	latest.compatibility.strict = true
	max.schemas.per.subject = 1000
	normalize.schemas = false
	proxy.host = 
	proxy.port = -1
	schema.format = null
	schema.reflection = false
	schema.registry.basic.auth.user.info = [hidden]
	schema.registry.ssl.cipher.suites = null
	schema.registry.ssl.enabled.protocols = [TLSv1.2, TLSv1.3]
	schema.registry.ssl.endpoint.identification.algorithm = https
	schema.registry.ssl.engine.factory.class = null
	schema.registry.ssl.key.password = null
	schema.registry.ssl.keymanager.algorithm = SunX509
	schema.registry.ssl.keystore.certificate.chain = null
	schema.registry.ssl.keystore.key = null
	schema.registry.ssl.keystore.location = null
	schema.registry.ssl.keystore.password = null
	schema.registry.ssl.keystore.type = JKS
	schema.registry.ssl.protocol = TLSv1.3
	schema.registry.ssl.provider = null
	schema.registry.ssl.secure.random.implementation = null
	schema.registry.ssl.trustmanager.algorithm = PKIX
	schema.registry.ssl.truststore.certificates = null
	schema.registry.ssl.truststore.location = null
	schema.registry.ssl.truststore.password = null
	schema.registry.ssl.truststore.type = JKS
	schema.registry.url = [http://schema-registry:8081]
	use.latest.version = false
	use.schema.id = -1
	value.subject.name.strategy = class io.confluent.kafka.serializers.subject.TopicNameStrategy

2023-06-15 00:23:31 [pool-4-thread-1] [,] INFO   o.a.k.clients.producer.KafkaProducer - [Producer clientId=producer-1] Instantiated an idempotent producer.
2023-06-15 00:23:32 [pool-4-thread-1] [,] INFO   o.a.kafka.common.utils.AppInfoParser - Kafka version: 3.1.2
2023-06-15 00:23:32 [pool-4-thread-1] [,] INFO   o.a.kafka.common.utils.AppInfoParser - Kafka commitId: f8c67dc3ae0a3265
2023-06-15 00:23:32 [pool-4-thread-1] [,] INFO   o.a.kafka.common.utils.AppInfoParser - Kafka startTimeMs: 1686788612050
2023-06-15 00:23:32 [kafka-producer-network-thread | producer-1] [,] INFO   org.apache.kafka.clients.Metadata - [Producer clientId=producer-1] Resetting the last seen epoch of partition twitter-topic-0 to 19 since the associated topicId changed from null to 6PmvexUEQ0GHO35XkqiVLQ
2023-06-15 00:23:32 [kafka-producer-network-thread | producer-1] [,] INFO   org.apache.kafka.clients.Metadata - [Producer clientId=producer-1] Resetting the last seen epoch of partition twitter-topic-2 to 19 since the associated topicId changed from null to 6PmvexUEQ0GHO35XkqiVLQ
2023-06-15 00:23:32 [kafka-producer-network-thread | producer-1] [,] INFO   org.apache.kafka.clients.Metadata - [Producer clientId=producer-1] Resetting the last seen epoch of partition twitter-topic-1 to 19 since the associated topicId changed from null to 6PmvexUEQ0GHO35XkqiVLQ
2023-06-15 00:23:32 [kafka-producer-network-thread | producer-1] [,] INFO   org.apache.kafka.clients.Metadata - [Producer clientId=producer-1] Cluster ID: YELFncT_T7mympOqg2e2Uw
2023-06-15 00:23:33 [kafka-producer-network-thread | producer-1] [,] INFO   o.a.k.c.p.i.TransactionManager - [Producer clientId=producer-1] ProducerId set to 2000 with epoch 0
2023-06-15 00:23:45 [pool-4-thread-1] [,] INFO   c.m.d.t.t.k.s.l.TwitterKafkaStatusListener - Received status text libero posuere pulvinar sit sed porttitor Kafka adipiscing Maecenas posuere malesuada purus sending to kafka topic twitter-topic
2023-06-15 00:23:45 [pool-4-thread-1] [,] INFO   c.m.d.k.p.c.s.i.TwitterKafkaProducer - Sending message='{"userId": 6207750126721492517, "id": 5258261146432182601, "text": "libero posuere pulvinar sit sed porttitor Kafka adipiscing Maecenas posuere malesuada purus", "createdAt": 1686788625000}' to topic='twitter-topic'
2023-06-15 00:23:56 [pool-4-thread-1] [,] INFO   c.m.d.t.t.k.s.l.TwitterKafkaStatusListener - Received status text amet pulvinar purus magna sit libero lectus posuere Microservices purus amet amet magna posuere libero lectus sending to kafka topic twitter-topic
2023-06-15 00:23:57 [pool-4-thread-1] [,] INFO   c.m.d.k.p.c.s.i.TwitterKafkaProducer - Sending message='{"userId": 4199012172105859616, "id": 4963645840572220209, "text": "amet pulvinar purus magna sit libero lectus posuere Microservices purus amet amet magna posuere libero lectus", "createdAt": 1686788635000}' to topic='twitter-topic'
2023-06-15 00:24:07 [pool-4-thread-1] [,] INFO   c.m.d.t.t.k.s.l.TwitterKafkaStatusListener - Received status text Maecenas Lorem dolor sed Microservices amet Fusce sending to kafka topic twitter-topic
2023-06-15 00:24:07 [pool-4-thread-1] [,] INFO   c.m.d.k.p.c.s.i.TwitterKafkaProducer - Sending message='{"userId": 6541491774042103900, "id": 6949228171331535031, "text": "Maecenas Lorem dolor sed Microservices amet Fusce", "createdAt": 1686788647000}' to topic='twitter-topic'
2023-06-15 00:24:20 [pool-4-thread-1] [,] INFO   c.m.d.t.t.k.s.l.TwitterKafkaStatusListener - Received status text dolor Lorem Fusce adipiscing purus Lorem congue massa Java massa pulvinar sit ipsum massa sed elit sending to kafka topic twitter-topic
2023-06-15 00:24:21 [pool-4-thread-1] [,] INFO   c.m.d.k.p.c.s.i.TwitterKafkaProducer - Sending message='{"userId": 6966841374839593570, "id": 8474998486327903377, "text": "dolor Lorem Fusce adipiscing purus Lorem congue massa Java massa pulvinar sit ipsum massa sed elit", "createdAt": 1686788658000}' to topic='twitter-topic'
2023-06-15 00:24:31 [pool-4-thread-1] [,] INFO   c.m.d.t.t.k.s.l.TwitterKafkaStatusListener - Received status text lectus adipiscing posuere Fusce elit malesuada malesuada Elasticsearch lectus ultricies ipsum Fusce porttitor sending to kafka topic twitter-topic
2023-06-15 00:24:31 [pool-4-thread-1] [,] INFO   c.m.d.k.p.c.s.i.TwitterKafkaProducer - Sending message='{"userId": 7395204210035096530, "id": 2996528387871199436, "text": "lectus adipiscing posuere Fusce elit malesuada malesuada Elasticsearch lectus ultricies ipsum Fusce porttitor", "createdAt": 1686788671000}' to topic='twitter-topic'
2023-06-15 00:24:41 [pool-4-thread-1] [,] INFO   c.m.d.t.t.k.s.l.TwitterKafkaStatusListener - Received status text lectus Maecenas consectetuer dolor sed consectetuer Lorem Microservices porttitor magna libero Fusce posuere congue sending to kafka topic twitter-topic
2023-06-15 00:24:41 [pool-4-thread-1] [,] INFO   c.m.d.k.p.c.s.i.TwitterKafkaProducer - Sending message='{"userId": 5905746213022973758, "id": 2618528379240759672, "text": "lectus Maecenas consectetuer dolor sed consectetuer Lorem Microservices porttitor magna libero Fusce posuere congue", "createdAt": 1686788681000}' to topic='twitter-topic'
2023-06-15 00:24:51 [pool-4-thread-1] [,] INFO   c.m.d.t.t.k.s.l.TwitterKafkaStatusListener - Received status text porttitor massa porttitor posuere consectetuer libero Microservices porttitor purus consectetuer pulvinar ultricies sending to kafka topic twitter-topic
2023-06-15 00:24:51 [pool-4-thread-1] [,] INFO   c.m.d.k.p.c.s.i.TwitterKafkaProducer - Sending message='{"userId": 3534847541996915532, "id": 913024417787698080, "text": "porttitor massa porttitor posuere consectetuer libero Microservices porttitor purus consectetuer pulvinar ultricies", "createdAt": 1686788691000}' to topic='twitter-topic'
2023-06-15 00:25:01 [pool-4-thread-1] [,] INFO   c.m.d.t.t.k.s.l.TwitterKafkaStatusListener - Received status text consectetuer malesuada sed consectetuer Fusce congue porttitor Java consectetuer libero sed dolor congue congue sending to kafka topic twitter-topic
2023-06-15 00:25:01 [pool-4-thread-1] [,] INFO   c.m.d.k.p.c.s.i.TwitterKafkaProducer - Sending message='{"userId": 1723387133035298870, "id": 730446597046126497, "text": "consectetuer malesuada sed consectetuer Fusce congue porttitor Java consectetuer libero sed dolor congue congue", "createdAt": 1686788701000}' to topic='twitter-topic'
2023-06-15 00:25:13 [pool-4-thread-1] [,] INFO   c.m.d.t.t.k.s.l.TwitterKafkaStatusListener - Received status text malesuada congue Fusce magna dolor dolor sed purus Elasticsearch magna lectus posuere ultricies Maecenas pulvinar ipsum sending to kafka topic twitter-topic
2023-06-15 00:25:13 [pool-4-thread-1] [,] INFO   c.m.d.k.p.c.s.i.TwitterKafkaProducer - Sending message='{"userId": 3815493277967185852, "id": 6954853937209715604, "text": "malesuada congue Fusce magna dolor dolor sed purus Elasticsearch magna lectus posuere ultricies Maecenas pulvinar ipsum", "createdAt": 1686788712000}' to topic='twitter-topic'
2023-06-15 00:25:24 [pool-4-thread-1] [,] INFO   c.m.d.t.t.k.s.l.TwitterKafkaStatusListener - Received status text dolor Maecenas pulvinar pulvinar Lorem Elasticsearch sit malesuada dolor sending to kafka topic twitter-topic
2023-06-15 00:25:24 [pool-4-thread-1] [,] INFO   c.m.d.k.p.c.s.i.TwitterKafkaProducer - Sending message='{"userId": 4073113479266508455, "id": 257201983404887015, "text": "dolor Maecenas pulvinar pulvinar Lorem Elasticsearch sit malesuada dolor", "createdAt": 1686788724000}' to topic='twitter-topic'
2023-06-15 00:25:34 [pool-4-thread-1] [,] INFO   c.m.d.t.t.k.s.l.TwitterKafkaStatusListener - Received status text adipiscing sed Maecenas posuere Lorem Elasticsearch dolor sed libero sed sending to kafka topic twitter-topic
2023-06-15 00:25:34 [pool-4-thread-1] [,] INFO   c.m.d.k.p.c.s.i.TwitterKafkaProducer - Sending message='{"userId": 2988935961273340790, "id": 7306096652345450517, "text": "adipiscing sed Maecenas posuere Lorem Elasticsearch dolor sed libero sed", "createdAt": 1686788734000}' to topic='twitter-topic'
2023-06-15 00:25:45 [pool-4-thread-1] [,] INFO   c.m.d.t.t.k.s.l.TwitterKafkaStatusListener - Received status text purus consectetuer dolor ultricies Lorem purus Kafka ultricies adipiscing posuere ultricies sending to kafka topic twitter-topic
2023-06-15 00:25:45 [pool-4-thread-1] [,] INFO   c.m.d.k.p.c.s.i.TwitterKafkaProducer - Sending message='{"userId": 4679102407696219699, "id": 1167865017361193084, "text": "purus consectetuer dolor ultricies Lorem purus Kafka ultricies adipiscing posuere ultricies", "createdAt": 1686788744000}' to topic='twitter-topic'
2023-06-15 00:25:55 [pool-4-thread-1] [,] INFO   c.m.d.t.t.k.s.l.TwitterKafkaStatusListener - Received status text elit massa sed lectus malesuada ipsum pulvinar Java massa libero sit amet ultricies sending to kafka topic twitter-topic
2023-06-15 00:25:55 [pool-4-thread-1] [,] INFO   c.m.d.k.p.c.s.i.TwitterKafkaProducer - Sending message='{"userId": 630610409727702933, "id": 5204494086781690834, "text": "elit massa sed lectus malesuada ipsum pulvinar Java massa libero sit amet ultricies", "createdAt": 1686788755000}' to topic='twitter-topic'
2023-06-15 00:26:05 [pool-4-thread-1] [,] INFO   c.m.d.t.t.k.s.l.TwitterKafkaStatusListener - Received status text sed amet massa Java ultricies consectetuer sending to kafka topic twitter-topic
2023-06-15 00:26:05 [pool-4-thread-1] [,] INFO   c.m.d.k.p.c.s.i.TwitterKafkaProducer - Sending message='{"userId": 2154130540605371577, "id": 4772041788062488131, "text": "sed amet massa Java ultricies consectetuer", "createdAt": 1686788765000}' to topic='twitter-topic'
2023-06-15 00:26:15 [pool-4-thread-1] [,] INFO   c.m.d.t.t.k.s.l.TwitterKafkaStatusListener - Received status text Fusce amet lectus amet lectus sit malesuada Kafka porttitor posuere purus Fusce sed sending to kafka topic twitter-topic
2023-06-15 00:26:15 [pool-4-thread-1] [,] INFO   c.m.d.k.p.c.s.i.TwitterKafkaProducer - Sending message='{"userId": 4017794064284546248, "id": 5073208520214926824, "text": "Fusce amet lectus amet lectus sit malesuada Kafka porttitor posuere purus Fusce sed", "createdAt": 1686788775000}' to topic='twitter-topic'
2023-06-15 00:26:25 [pool-4-thread-1] [,] INFO   c.m.d.t.t.k.s.l.TwitterKafkaStatusListener - Received status text Maecenas dolor porttitor congue Kafka Fusce elit sending to kafka topic twitter-topic
2023-06-15 00:26:25 [pool-4-thread-1] [,] INFO   c.m.d.k.p.c.s.i.TwitterKafkaProducer - Sending message='{"userId": 2205306104143664599, "id": 2995507650233757067, "text": "Maecenas dolor porttitor congue Kafka Fusce elit", "createdAt": 1686788785000}' to topic='twitter-topic'
2023-06-15 00:26:36 [pool-4-thread-1] [,] INFO   c.m.d.t.t.k.s.l.TwitterKafkaStatusListener - Received status text Fusce Lorem sed porttitor Fusce Lorem pulvinar Kafka malesuada pulvinar posuere purus purus sed sending to kafka topic twitter-topic
2023-06-15 00:26:36 [pool-4-thread-1] [,] INFO   c.m.d.k.p.c.s.i.TwitterKafkaProducer - Sending message='{"userId": 3174853231929076730, "id": 4381513262908634614, "text": "Fusce Lorem sed porttitor Fusce Lorem pulvinar Kafka malesuada pulvinar posuere purus purus sed", "createdAt": 1686788796000}' to topic='twitter-topic'
2023-06-15 00:26:46 [pool-4-thread-1] [,] INFO   c.m.d.t.t.k.s.l.TwitterKafkaStatusListener - Received status text libero amet Maecenas consectetuer lectus dolor Kafka malesuada Lorem lectus Lorem pulvinar sending to kafka topic twitter-topic
2023-06-15 00:26:46 [pool-4-thread-1] [,] INFO   c.m.d.k.p.c.s.i.TwitterKafkaProducer - Sending message='{"userId": 3115868936959561244, "id": 5029323514598428044, "text": "libero amet Maecenas consectetuer lectus dolor Kafka malesuada Lorem lectus Lorem pulvinar", "createdAt": 1686788806000}' to topic='twitter-topic'
2023-06-15 00:26:57 [pool-4-thread-1] [,] INFO   c.m.d.t.t.k.s.l.TwitterKafkaStatusListener - Received status text massa sed consectetuer Fusce Java malesuada magna porttitor sending to kafka topic twitter-topic
2023-06-15 00:26:57 [pool-4-thread-1] [,] INFO   c.m.d.k.p.c.s.i.TwitterKafkaProducer - Sending message='{"userId": 2211517869792877523, "id": 3435385952695594167, "text": "massa sed consectetuer Fusce Java malesuada magna porttitor", "createdAt": 1686788817000}' to topic='twitter-topic'
2023-06-15 00:27:07 [pool-4-thread-1] [,] INFO   c.m.d.t.t.k.s.l.TwitterKafkaStatusListener - Received status text adipiscing congue lectus Microservices porttitor elit sending to kafka topic twitter-topic
2023-06-15 00:27:07 [pool-4-thread-1] [,] INFO   c.m.d.k.p.c.s.i.TwitterKafkaProducer - Sending message='{"userId": 3027909954530173438, "id": 119646784280232217, "text": "adipiscing congue lectus Microservices porttitor elit", "createdAt": 1686788827000}' to topic='twitter-topic'
