2023-06-12 17:49:48 [background-preinit] INFO  o.h.validator.internal.util.Version - HV000001: Hibernate Validator 6.2.5.Final
2023-06-12 18:14:19 [background-preinit] INFO  o.h.validator.internal.util.Version - HV000001: Hibernate Validator 6.2.5.Final
2023-06-12 18:14:26 [main] INFO  c.m.demo.config.server.ConfigServer - No active profile set, falling back to 1 default profile: "default"
2023-06-12 18:14:37 [main] INFO  o.s.cloud.context.scope.GenericScope - BeanFactory id=50e580af-6b53-3b55-9c0f-8f8fdb1b3d39
2023-06-12 18:14:42 [main] INFO  o.s.b.w.e.tomcat.TomcatWebServer - Tomcat initialized with port(s): 8888 (http)
2023-06-12 18:14:43 [main] INFO  o.a.coyote.http11.Http11NioProtocol - Initializing ProtocolHandler ["http-nio-8888"]
2023-06-12 18:14:43 [main] INFO  o.a.catalina.core.StandardService - Starting service [Tomcat]
2023-06-12 18:14:43 [main] INFO  o.a.catalina.core.StandardEngine - Starting Servlet engine: [Apache Tomcat/9.0.68]
2023-06-12 18:14:43 [main] INFO  o.a.c.c.C.[Tomcat].[localhost].[/] - Initializing Spring embedded WebApplicationContext
2023-06-12 18:14:43 [main] INFO  o.s.b.w.s.c.ServletWebServerApplicationContext - Root WebApplicationContext: initialization completed in 16895 ms
2023-06-12 18:14:48 [main] WARN  o.s.s.c.a.web.builders.WebSecurity - You are asking Spring Security to ignore Ant [pattern='/actuator/**']. This is not recommended -- please use permitAll via HttpSecurity#authorizeHttpRequests instead.
2023-06-12 18:14:48 [main] INFO  o.s.s.web.DefaultSecurityFilterChain - Will not secure Ant [pattern='/actuator/**']
2023-06-12 18:14:48 [main] WARN  o.s.s.c.a.web.builders.WebSecurity - You are asking Spring Security to ignore Ant [pattern='/encrypt/**']. This is not recommended -- please use permitAll via HttpSecurity#authorizeHttpRequests instead.
2023-06-12 18:14:48 [main] INFO  o.s.s.web.DefaultSecurityFilterChain - Will not secure Ant [pattern='/encrypt/**']
2023-06-12 18:14:48 [main] WARN  o.s.s.c.a.web.builders.WebSecurity - You are asking Spring Security to ignore Ant [pattern='/decrypt/**']. This is not recommended -- please use permitAll via HttpSecurity#authorizeHttpRequests instead.
2023-06-12 18:14:48 [main] INFO  o.s.s.web.DefaultSecurityFilterChain - Will not secure Ant [pattern='/decrypt/**']
2023-06-12 18:14:48 [main] INFO  o.s.s.web.DefaultSecurityFilterChain - Will secure any request with [org.springframework.security.web.session.DisableEncodeUrlFilter@7bd38fed, org.springframework.security.web.context.request.async.WebAsyncManagerIntegrationFilter@377dfb8d, org.springframework.security.web.context.SecurityContextPersistenceFilter@120aa40b, org.springframework.security.web.header.HeaderWriterFilter@2c48cede, org.springframework.security.web.csrf.CsrfFilter@c48b543, org.springframework.security.web.authentication.logout.LogoutFilter@29c53c4f, org.springframework.security.web.authentication.UsernamePasswordAuthenticationFilter@2d206a71, org.springframework.security.web.authentication.ui.DefaultLoginPageGeneratingFilter@1373e3ee, org.springframework.security.web.authentication.ui.DefaultLogoutPageGeneratingFilter@42a0786f, org.springframework.security.web.authentication.www.BasicAuthenticationFilter@7841bd30, org.springframework.security.web.savedrequest.RequestCacheAwareFilter@6ad6443, org.springframework.security.web.servletapi.SecurityContextHolderAwareRequestFilter@430df350, org.springframework.security.web.authentication.AnonymousAuthenticationFilter@477523ba, org.springframework.security.web.session.SessionManagementFilter@47fcefb3, org.springframework.security.web.access.ExceptionTranslationFilter@6842c101, org.springframework.security.web.access.intercept.FilterSecurityInterceptor@d8835af]
2023-06-12 18:15:02 [main] INFO  o.a.coyote.http11.Http11NioProtocol - Starting ProtocolHandler ["http-nio-8888"]
2023-06-12 18:15:02 [main] INFO  o.s.b.w.e.tomcat.TomcatWebServer - Tomcat started on port(s): 8888 (http) with context path ''
2023-06-12 18:15:02 [main] INFO  c.m.demo.config.server.ConfigServer - Started ConfigServer in 53.077 seconds (JVM running for 71.712)
2023-06-12 18:15:03 [http-nio-8888-exec-1] INFO  o.a.c.c.C.[Tomcat].[localhost].[/] - Initializing Spring DispatcherServlet 'dispatcherServlet'
2023-06-12 18:15:03 [http-nio-8888-exec-1] INFO  o.s.web.servlet.DispatcherServlet - Initializing Servlet 'dispatcherServlet'
2023-06-12 18:15:03 [http-nio-8888-exec-1] INFO  o.s.web.servlet.DispatcherServlet - Completed initialization in 9 ms
2023-06-12 18:19:14 [background-preinit] INFO  o.h.validator.internal.util.Version - HV000001: Hibernate Validator 6.2.5.Final
2023-06-12 18:19:22 [main] INFO  c.m.demo.config.server.ConfigServer - No active profile set, falling back to 1 default profile: "default"
2023-06-12 18:19:27 [main] INFO  o.s.cloud.context.scope.GenericScope - BeanFactory id=50e580af-6b53-3b55-9c0f-8f8fdb1b3d39
2023-06-12 18:19:29 [main] INFO  o.s.b.w.e.tomcat.TomcatWebServer - Tomcat initialized with port(s): 8888 (http)
2023-06-12 18:19:29 [main] INFO  o.a.coyote.http11.Http11NioProtocol - Initializing ProtocolHandler ["http-nio-8888"]
2023-06-12 18:19:29 [main] INFO  o.a.catalina.core.StandardService - Starting service [Tomcat]
2023-06-12 18:19:29 [main] INFO  o.a.catalina.core.StandardEngine - Starting Servlet engine: [Apache Tomcat/9.0.68]
2023-06-12 18:19:29 [main] INFO  o.a.c.c.C.[Tomcat].[localhost].[/] - Initializing Spring embedded WebApplicationContext
2023-06-12 18:19:29 [main] INFO  o.s.b.w.s.c.ServletWebServerApplicationContext - Root WebApplicationContext: initialization completed in 7377 ms
2023-06-12 18:19:33 [main] WARN  o.s.s.c.a.web.builders.WebSecurity - You are asking Spring Security to ignore Ant [pattern='/actuator/**']. This is not recommended -- please use permitAll via HttpSecurity#authorizeHttpRequests instead.
2023-06-12 18:19:33 [main] INFO  o.s.s.web.DefaultSecurityFilterChain - Will not secure Ant [pattern='/actuator/**']
2023-06-12 18:19:33 [main] WARN  o.s.s.c.a.web.builders.WebSecurity - You are asking Spring Security to ignore Ant [pattern='/encrypt/**']. This is not recommended -- please use permitAll via HttpSecurity#authorizeHttpRequests instead.
2023-06-12 18:19:33 [main] INFO  o.s.s.web.DefaultSecurityFilterChain - Will not secure Ant [pattern='/encrypt/**']
2023-06-12 18:19:33 [main] WARN  o.s.s.c.a.web.builders.WebSecurity - You are asking Spring Security to ignore Ant [pattern='/decrypt/**']. This is not recommended -- please use permitAll via HttpSecurity#authorizeHttpRequests instead.
2023-06-12 18:19:33 [main] INFO  o.s.s.web.DefaultSecurityFilterChain - Will not secure Ant [pattern='/decrypt/**']
2023-06-12 18:19:34 [main] INFO  o.s.s.web.DefaultSecurityFilterChain - Will secure any request with [org.springframework.security.web.session.DisableEncodeUrlFilter@2d4a3e13, org.springframework.security.web.context.request.async.WebAsyncManagerIntegrationFilter@4a22e4d7, org.springframework.security.web.context.SecurityContextPersistenceFilter@39d77de9, org.springframework.security.web.header.HeaderWriterFilter@c48b543, org.springframework.security.web.csrf.CsrfFilter@3a0b6a, org.springframework.security.web.authentication.logout.LogoutFilter@430df350, org.springframework.security.web.authentication.UsernamePasswordAuthenticationFilter@5fb54740, org.springframework.security.web.authentication.ui.DefaultLoginPageGeneratingFilter@272778ae, org.springframework.security.web.authentication.ui.DefaultLogoutPageGeneratingFilter@d8835af, org.springframework.security.web.authentication.www.BasicAuthenticationFilter@6885ed19, org.springframework.security.web.savedrequest.RequestCacheAwareFilter@2c06b113, org.springframework.security.web.servletapi.SecurityContextHolderAwareRequestFilter@29bbc63c, org.springframework.security.web.authentication.AnonymousAuthenticationFilter@16681017, org.springframework.security.web.session.SessionManagementFilter@4652c74d, org.springframework.security.web.access.ExceptionTranslationFilter@72a8361b, org.springframework.security.web.access.intercept.FilterSecurityInterceptor@7d133fb7]
2023-06-12 18:19:46 [main] INFO  o.a.coyote.http11.Http11NioProtocol - Starting ProtocolHandler ["http-nio-8888"]
2023-06-12 18:19:46 [main] INFO  o.s.b.w.e.tomcat.TomcatWebServer - Tomcat started on port(s): 8888 (http) with context path ''
2023-06-12 18:19:46 [main] INFO  c.m.demo.config.server.ConfigServer - Started ConfigServer in 39.031 seconds (JVM running for 55.549)
2023-06-12 18:19:48 [http-nio-8888-exec-1] INFO  o.a.c.c.C.[Tomcat].[localhost].[/] - Initializing Spring DispatcherServlet 'dispatcherServlet'
2023-06-12 18:19:48 [http-nio-8888-exec-1] INFO  o.s.web.servlet.DispatcherServlet - Initializing Servlet 'dispatcherServlet'
2023-06-12 18:19:48 [http-nio-8888-exec-1] INFO  o.s.web.servlet.DispatcherServlet - Completed initialization in 5 ms
2023-06-12 18:20:06 [http-nio-8888-exec-3] INFO  o.s.c.c.s.e.NativeEnvironmentRepository - Adding property source: Config resource 'file [/tmp/config-repo-2862119081415660157/config-client-kafka_to_elastic.yml]' via location 'file:/tmp/config-repo-2862119081415660157/'
2023-06-12 18:20:06 [http-nio-8888-exec-3] INFO  o.s.c.c.s.e.NativeEnvironmentRepository - Adding property source: Config resource 'file [/tmp/config-repo-2862119081415660157/config-client.yml]' via location 'file:/tmp/config-repo-2862119081415660157/'
2023-06-12 18:24:31 [background-preinit] INFO  o.h.validator.internal.util.Version - HV000001: Hibernate Validator 6.2.5.Final
2023-06-12 18:24:39 [main] INFO  c.m.demo.config.server.ConfigServer - No active profile set, falling back to 1 default profile: "default"
2023-06-12 18:24:44 [main] INFO  o.s.cloud.context.scope.GenericScope - BeanFactory id=50e580af-6b53-3b55-9c0f-8f8fdb1b3d39
2023-06-12 18:24:46 [main] INFO  o.s.b.w.e.tomcat.TomcatWebServer - Tomcat initialized with port(s): 8888 (http)
2023-06-12 18:24:46 [main] INFO  o.a.coyote.http11.Http11NioProtocol - Initializing ProtocolHandler ["http-nio-8888"]
2023-06-12 18:24:46 [main] INFO  o.a.catalina.core.StandardService - Starting service [Tomcat]
2023-06-12 18:24:46 [main] INFO  o.a.catalina.core.StandardEngine - Starting Servlet engine: [Apache Tomcat/9.0.68]
2023-06-12 18:24:46 [main] INFO  o.a.c.c.C.[Tomcat].[localhost].[/] - Initializing Spring embedded WebApplicationContext
2023-06-12 18:24:46 [main] INFO  o.s.b.w.s.c.ServletWebServerApplicationContext - Root WebApplicationContext: initialization completed in 7417 ms
2023-06-12 18:24:50 [main] WARN  o.s.s.c.a.web.builders.WebSecurity - You are asking Spring Security to ignore Ant [pattern='/actuator/**']. This is not recommended -- please use permitAll via HttpSecurity#authorizeHttpRequests instead.
2023-06-12 18:24:50 [main] INFO  o.s.s.web.DefaultSecurityFilterChain - Will not secure Ant [pattern='/actuator/**']
2023-06-12 18:24:50 [main] WARN  o.s.s.c.a.web.builders.WebSecurity - You are asking Spring Security to ignore Ant [pattern='/encrypt/**']. This is not recommended -- please use permitAll via HttpSecurity#authorizeHttpRequests instead.
2023-06-12 18:24:50 [main] INFO  o.s.s.web.DefaultSecurityFilterChain - Will not secure Ant [pattern='/encrypt/**']
2023-06-12 18:24:50 [main] WARN  o.s.s.c.a.web.builders.WebSecurity - You are asking Spring Security to ignore Ant [pattern='/decrypt/**']. This is not recommended -- please use permitAll via HttpSecurity#authorizeHttpRequests instead.
2023-06-12 18:24:50 [main] INFO  o.s.s.web.DefaultSecurityFilterChain - Will not secure Ant [pattern='/decrypt/**']
2023-06-12 18:24:50 [main] INFO  o.s.s.web.DefaultSecurityFilterChain - Will secure any request with [org.springframework.security.web.session.DisableEncodeUrlFilter@124eb83d, org.springframework.security.web.context.request.async.WebAsyncManagerIntegrationFilter@6885ed19, org.springframework.security.web.context.SecurityContextPersistenceFilter@4652c74d, org.springframework.security.web.header.HeaderWriterFilter@58d4238e, org.springframework.security.web.csrf.CsrfFilter@6486fe7b, org.springframework.security.web.authentication.logout.LogoutFilter@3f5dfe69, org.springframework.security.web.authentication.UsernamePasswordAuthenticationFilter@7eb27768, org.springframework.security.web.authentication.ui.DefaultLoginPageGeneratingFilter@6c4ce583, org.springframework.security.web.authentication.ui.DefaultLogoutPageGeneratingFilter@10817f46, org.springframework.security.web.authentication.www.BasicAuthenticationFilter@50e5032c, org.springframework.security.web.savedrequest.RequestCacheAwareFilter@5ea7bc4, org.springframework.security.web.servletapi.SecurityContextHolderAwareRequestFilter@785ed99c, org.springframework.security.web.authentication.AnonymousAuthenticationFilter@2d4a3e13, org.springframework.security.web.session.SessionManagementFilter@36478bce, org.springframework.security.web.access.ExceptionTranslationFilter@1eeb5818, org.springframework.security.web.access.intercept.FilterSecurityInterceptor@2aea717c]
2023-06-12 18:25:00 [main] INFO  o.a.coyote.http11.Http11NioProtocol - Starting ProtocolHandler ["http-nio-8888"]
2023-06-12 18:25:00 [main] INFO  o.s.b.w.e.tomcat.TomcatWebServer - Tomcat started on port(s): 8888 (http) with context path ''
2023-06-12 18:25:00 [main] INFO  c.m.demo.config.server.ConfigServer - Started ConfigServer in 32.791 seconds (JVM running for 45.424)
2023-06-12 18:25:00 [http-nio-8888-exec-1] INFO  o.a.c.c.C.[Tomcat].[localhost].[/] - Initializing Spring DispatcherServlet 'dispatcherServlet'
2023-06-12 18:25:00 [http-nio-8888-exec-1] INFO  o.s.web.servlet.DispatcherServlet - Initializing Servlet 'dispatcherServlet'
2023-06-12 18:25:00 [http-nio-8888-exec-1] INFO  o.s.web.servlet.DispatcherServlet - Completed initialization in 7 ms
2023-06-12 18:25:18 [http-nio-8888-exec-3] WARN  o.a.c.util.SessionIdGeneratorBase - Creation of SecureRandom instance for session ID generation using [SHA1PRNG] took [125] milliseconds.
2023-06-12 18:25:20 [http-nio-8888-exec-3] INFO  o.s.c.c.s.e.NativeEnvironmentRepository - Adding property source: Config resource 'file [/tmp/config-repo-16659397193715850925/config-client-kafka_to_elastic.yml]' via location 'file:/tmp/config-repo-16659397193715850925/'
2023-06-12 18:25:20 [http-nio-8888-exec-3] INFO  o.s.c.c.s.e.NativeEnvironmentRepository - Adding property source: Config resource 'file [/tmp/config-repo-16659397193715850925/config-client.yml]' via location 'file:/tmp/config-repo-16659397193715850925/'
2023-06-12 18:30:13 [background-preinit] INFO  o.h.validator.internal.util.Version - HV000001: Hibernate Validator 6.2.5.Final
2023-06-12 18:30:22 [main] INFO  c.m.demo.config.server.ConfigServer - No active profile set, falling back to 1 default profile: "default"
2023-06-12 18:30:35 [main] INFO  o.s.cloud.context.scope.GenericScope - BeanFactory id=50e580af-6b53-3b55-9c0f-8f8fdb1b3d39
2023-06-12 18:30:49 [main] INFO  o.s.b.w.e.tomcat.TomcatWebServer - Tomcat initialized with port(s): 8888 (http)
2023-06-12 18:30:51 [main] INFO  o.a.coyote.http11.Http11NioProtocol - Initializing ProtocolHandler ["http-nio-8888"]
2023-06-12 18:30:51 [main] INFO  o.a.catalina.core.StandardService - Starting service [Tomcat]
2023-06-12 18:30:51 [main] INFO  o.a.catalina.core.StandardEngine - Starting Servlet engine: [Apache Tomcat/9.0.68]
2023-06-12 18:30:54 [main] INFO  o.a.c.c.C.[Tomcat].[localhost].[/] - Initializing Spring embedded WebApplicationContext
2023-06-12 18:30:54 [main] INFO  o.s.b.w.s.c.ServletWebServerApplicationContext - Root WebApplicationContext: initialization completed in 31528 ms
2023-06-12 18:31:44 [main] WARN  o.s.s.c.a.web.builders.WebSecurity - You are asking Spring Security to ignore Ant [pattern='/actuator/**']. This is not recommended -- please use permitAll via HttpSecurity#authorizeHttpRequests instead.
2023-06-12 18:31:45 [main] INFO  o.s.s.web.DefaultSecurityFilterChain - Will not secure Ant [pattern='/actuator/**']
2023-06-12 18:31:45 [main] WARN  o.s.s.c.a.web.builders.WebSecurity - You are asking Spring Security to ignore Ant [pattern='/encrypt/**']. This is not recommended -- please use permitAll via HttpSecurity#authorizeHttpRequests instead.
2023-06-12 18:31:45 [main] INFO  o.s.s.web.DefaultSecurityFilterChain - Will not secure Ant [pattern='/encrypt/**']
2023-06-12 18:31:45 [main] WARN  o.s.s.c.a.web.builders.WebSecurity - You are asking Spring Security to ignore Ant [pattern='/decrypt/**']. This is not recommended -- please use permitAll via HttpSecurity#authorizeHttpRequests instead.
2023-06-12 18:31:45 [main] INFO  o.s.s.web.DefaultSecurityFilterChain - Will not secure Ant [pattern='/decrypt/**']
2023-06-12 18:31:47 [main] INFO  o.s.s.web.DefaultSecurityFilterChain - Will secure any request with [org.springframework.security.web.session.DisableEncodeUrlFilter@7bd38fed, org.springframework.security.web.context.request.async.WebAsyncManagerIntegrationFilter@377dfb8d, org.springframework.security.web.context.SecurityContextPersistenceFilter@120aa40b, org.springframework.security.web.header.HeaderWriterFilter@2c48cede, org.springframework.security.web.csrf.CsrfFilter@c48b543, org.springframework.security.web.authentication.logout.LogoutFilter@29c53c4f, org.springframework.security.web.authentication.UsernamePasswordAuthenticationFilter@2d206a71, org.springframework.security.web.authentication.ui.DefaultLoginPageGeneratingFilter@1373e3ee, org.springframework.security.web.authentication.ui.DefaultLogoutPageGeneratingFilter@42a0786f, org.springframework.security.web.authentication.www.BasicAuthenticationFilter@7841bd30, org.springframework.security.web.savedrequest.RequestCacheAwareFilter@6ad6443, org.springframework.security.web.servletapi.SecurityContextHolderAwareRequestFilter@430df350, org.springframework.security.web.authentication.AnonymousAuthenticationFilter@477523ba, org.springframework.security.web.session.SessionManagementFilter@47fcefb3, org.springframework.security.web.access.ExceptionTranslationFilter@6842c101, org.springframework.security.web.access.intercept.FilterSecurityInterceptor@d8835af]
2023-06-12 18:33:03 [main] INFO  o.a.coyote.http11.Http11NioProtocol - Starting ProtocolHandler ["http-nio-8888"]
2023-06-12 18:33:04 [main] INFO  o.s.b.w.e.tomcat.TomcatWebServer - Tomcat started on port(s): 8888 (http) with context path ''
2023-06-12 18:33:04 [main] INFO  c.m.demo.config.server.ConfigServer - Started ConfigServer in 178.586 seconds (JVM running for 199.809)
2023-06-12 18:33:06 [http-nio-8888-exec-1] INFO  o.a.c.c.C.[Tomcat].[localhost].[/] - Initializing Spring DispatcherServlet 'dispatcherServlet'
2023-06-12 18:33:06 [http-nio-8888-exec-1] INFO  o.s.web.servlet.DispatcherServlet - Initializing Servlet 'dispatcherServlet'
2023-06-12 18:33:06 [http-nio-8888-exec-1] INFO  o.s.web.servlet.DispatcherServlet - Completed initialization in 113 ms
2023-06-12 18:35:50 [http-nio-8888-exec-3] WARN  o.a.c.util.SessionIdGeneratorBase - Creation of SecureRandom instance for session ID generation using [SHA1PRNG] took [373] milliseconds.
2023-06-12 18:36:13 [http-nio-8888-exec-3] INFO  o.s.c.c.s.e.NativeEnvironmentRepository - Adding property source: Config resource 'file [/tmp/config-repo-12672195481724987572/config-client-kafka_to_elastic.yml]' via location 'file:/tmp/config-repo-12672195481724987572/'
2023-06-12 18:36:15 [http-nio-8888-exec-3] INFO  o.s.c.c.s.e.NativeEnvironmentRepository - Adding property source: Config resource 'file [/tmp/config-repo-12672195481724987572/config-client.yml]' via location 'file:/tmp/config-repo-12672195481724987572/'
2023-06-12 19:15:40 [background-preinit] [,] INFO   o.h.validator.internal.util.Version - HV000001: Hibernate Validator 6.2.5.Final
2023-06-12 19:15:49 [main] [,] INFO   c.m.demo.config.server.ConfigServer - No active profile set, falling back to 1 default profile: "default"
2023-06-12 19:15:55 [main] [,] INFO   o.s.cloud.context.scope.GenericScope - BeanFactory id=50e580af-6b53-3b55-9c0f-8f8fdb1b3d39
2023-06-12 19:15:58 [main] [,] INFO   o.s.b.w.e.tomcat.TomcatWebServer - Tomcat initialized with port(s): 8888 (http)
2023-06-12 19:15:58 [main] [,] INFO   o.a.coyote.http11.Http11NioProtocol - Initializing ProtocolHandler ["http-nio-8888"]
2023-06-12 19:15:58 [main] [,] INFO   o.a.catalina.core.StandardService - Starting service [Tomcat]
2023-06-12 19:15:58 [main] [,] INFO   o.a.catalina.core.StandardEngine - Starting Servlet engine: [Apache Tomcat/9.0.68]
2023-06-12 19:15:59 [main] [,] INFO   o.a.c.c.C.[Tomcat].[localhost].[/] - Initializing Spring embedded WebApplicationContext
2023-06-12 19:15:59 [main] [,] INFO   o.s.b.w.s.c.ServletWebServerApplicationContext - Root WebApplicationContext: initialization completed in 9091 ms
2023-06-12 19:16:04 [main] [,] WARN   o.s.s.c.a.web.builders.WebSecurity - You are asking Spring Security to ignore Ant [pattern='/actuator/**']. This is not recommended -- please use permitAll via HttpSecurity#authorizeHttpRequests instead.
2023-06-12 19:16:04 [main] [,] INFO   o.s.s.web.DefaultSecurityFilterChain - Will not secure Ant [pattern='/actuator/**']
2023-06-12 19:16:04 [main] [,] WARN   o.s.s.c.a.web.builders.WebSecurity - You are asking Spring Security to ignore Ant [pattern='/encrypt/**']. This is not recommended -- please use permitAll via HttpSecurity#authorizeHttpRequests instead.
2023-06-12 19:16:04 [main] [,] INFO   o.s.s.web.DefaultSecurityFilterChain - Will not secure Ant [pattern='/encrypt/**']
2023-06-12 19:16:04 [main] [,] WARN   o.s.s.c.a.web.builders.WebSecurity - You are asking Spring Security to ignore Ant [pattern='/decrypt/**']. This is not recommended -- please use permitAll via HttpSecurity#authorizeHttpRequests instead.
2023-06-12 19:16:04 [main] [,] INFO   o.s.s.web.DefaultSecurityFilterChain - Will not secure Ant [pattern='/decrypt/**']
2023-06-12 19:16:04 [main] [,] INFO   o.s.s.web.DefaultSecurityFilterChain - Will secure any request with [org.springframework.security.web.session.DisableEncodeUrlFilter@7b9e25bd, org.springframework.security.web.context.request.async.WebAsyncManagerIntegrationFilter@2d206a71, org.springframework.security.web.context.SecurityContextPersistenceFilter@755b5f30, org.springframework.security.web.header.HeaderWriterFilter@696fad31, org.springframework.security.web.csrf.CsrfFilter@71d55b7e, org.springframework.security.web.authentication.logout.LogoutFilter@3cb6e0ee, org.springframework.security.web.authentication.UsernamePasswordAuthenticationFilter@7741ae1b, org.springframework.security.web.authentication.ui.DefaultLoginPageGeneratingFilter@2c48cede, org.springframework.security.web.authentication.ui.DefaultLogoutPageGeneratingFilter@37e7c4cc, org.springframework.security.web.authentication.www.BasicAuthenticationFilter@6aae0e6f, org.springframework.security.web.savedrequest.RequestCacheAwareFilter@272778ae, org.springframework.security.web.servletapi.SecurityContextHolderAwareRequestFilter@234cd86c, org.springframework.security.web.authentication.AnonymousAuthenticationFilter@3a40bb52, org.springframework.security.web.session.SessionManagementFilter@7a64cb0c, org.springframework.security.web.access.ExceptionTranslationFilter@5ea7bc4, org.springframework.security.web.access.intercept.FilterSecurityInterceptor@325162e9]
2023-06-12 19:16:17 [main] [,] INFO   o.a.coyote.http11.Http11NioProtocol - Starting ProtocolHandler ["http-nio-8888"]
2023-06-12 19:16:17 [main] [,] INFO   o.s.b.w.e.tomcat.TomcatWebServer - Tomcat started on port(s): 8888 (http) with context path ''
2023-06-12 19:16:17 [main] [,] INFO   c.m.demo.config.server.ConfigServer - Started ConfigServer in 44.617 seconds (JVM running for 60.451)
2023-06-12 19:16:18 [http-nio-8888-exec-1] [,] INFO   o.a.c.c.C.[Tomcat].[localhost].[/] - Initializing Spring DispatcherServlet 'dispatcherServlet'
2023-06-12 19:16:18 [http-nio-8888-exec-1] [,] INFO   o.s.web.servlet.DispatcherServlet - Initializing Servlet 'dispatcherServlet'
2023-06-12 19:16:18 [http-nio-8888-exec-1] [,] INFO   o.s.web.servlet.DispatcherServlet - Completed initialization in 9 ms
2023-06-12 19:16:36 [http-nio-8888-exec-3] [,] INFO   o.s.c.c.s.e.NativeEnvironmentRepository - Adding property source: Config resource 'file [/tmp/config-repo-1868986539297271323/config-client-kafka_to_elastic.yml]' via location 'file:/tmp/config-repo-1868986539297271323/'
2023-06-12 19:16:36 [http-nio-8888-exec-3] [,] INFO   o.s.c.c.s.e.NativeEnvironmentRepository - Adding property source: Config resource 'file [/tmp/config-repo-1868986539297271323/config-client.yml]' via location 'file:/tmp/config-repo-1868986539297271323/'
2023-06-12 19:40:55 [background-preinit] [,] INFO   o.h.validator.internal.util.Version - HV000001: Hibernate Validator 6.2.5.Final
2023-06-12 19:41:03 [main] [,] INFO   c.m.demo.config.server.ConfigServer - No active profile set, falling back to 1 default profile: "default"
2023-06-12 19:41:08 [main] [,] INFO   o.s.cloud.context.scope.GenericScope - BeanFactory id=50e580af-6b53-3b55-9c0f-8f8fdb1b3d39
2023-06-12 19:41:11 [main] [,] INFO   o.s.b.w.e.tomcat.TomcatWebServer - Tomcat initialized with port(s): 8888 (http)
2023-06-12 19:41:11 [main] [,] INFO   o.a.coyote.http11.Http11NioProtocol - Initializing ProtocolHandler ["http-nio-8888"]
2023-06-12 19:41:11 [main] [,] INFO   o.a.catalina.core.StandardService - Starting service [Tomcat]
2023-06-12 19:41:11 [main] [,] INFO   o.a.catalina.core.StandardEngine - Starting Servlet engine: [Apache Tomcat/9.0.68]
2023-06-12 19:41:12 [main] [,] INFO   o.a.c.c.C.[Tomcat].[localhost].[/] - Initializing Spring embedded WebApplicationContext
2023-06-12 19:41:12 [main] [,] INFO   o.s.b.w.s.c.ServletWebServerApplicationContext - Root WebApplicationContext: initialization completed in 8403 ms
2023-06-12 19:41:15 [main] [,] WARN   o.s.s.c.a.web.builders.WebSecurity - You are asking Spring Security to ignore Ant [pattern='/actuator/**']. This is not recommended -- please use permitAll via HttpSecurity#authorizeHttpRequests instead.
2023-06-12 19:41:15 [main] [,] INFO   o.s.s.web.DefaultSecurityFilterChain - Will not secure Ant [pattern='/actuator/**']
2023-06-12 19:41:15 [main] [,] WARN   o.s.s.c.a.web.builders.WebSecurity - You are asking Spring Security to ignore Ant [pattern='/encrypt/**']. This is not recommended -- please use permitAll via HttpSecurity#authorizeHttpRequests instead.
2023-06-12 19:41:15 [main] [,] INFO   o.s.s.web.DefaultSecurityFilterChain - Will not secure Ant [pattern='/encrypt/**']
2023-06-12 19:41:15 [main] [,] WARN   o.s.s.c.a.web.builders.WebSecurity - You are asking Spring Security to ignore Ant [pattern='/decrypt/**']. This is not recommended -- please use permitAll via HttpSecurity#authorizeHttpRequests instead.
2023-06-12 19:41:15 [main] [,] INFO   o.s.s.web.DefaultSecurityFilterChain - Will not secure Ant [pattern='/decrypt/**']
2023-06-12 19:41:15 [main] [,] INFO   o.s.s.web.DefaultSecurityFilterChain - Will secure any request with [org.springframework.security.web.session.DisableEncodeUrlFilter@39652a30, org.springframework.security.web.context.request.async.WebAsyncManagerIntegrationFilter@5763a655, org.springframework.security.web.context.SecurityContextPersistenceFilter@3a788fe0, org.springframework.security.web.header.HeaderWriterFilter@32ab408e, org.springframework.security.web.csrf.CsrfFilter@696fad31, org.springframework.security.web.authentication.logout.LogoutFilter@74a820bf, org.springframework.security.web.authentication.UsernamePasswordAuthenticationFilter@284990de, org.springframework.security.web.authentication.ui.DefaultLoginPageGeneratingFilter@7b6141f0, org.springframework.security.web.authentication.ui.DefaultLogoutPageGeneratingFilter@40c8067, org.springframework.security.web.authentication.www.BasicAuthenticationFilter@203e705e, org.springframework.security.web.savedrequest.RequestCacheAwareFilter@1373e3ee, org.springframework.security.web.servletapi.SecurityContextHolderAwareRequestFilter@3cb6e0ee, org.springframework.security.web.authentication.AnonymousAuthenticationFilter@46bb0bdf, org.springframework.security.web.session.SessionManagementFilter@78b03788, org.springframework.security.web.access.ExceptionTranslationFilter@68e2d03e, org.springframework.security.web.access.intercept.FilterSecurityInterceptor@37e7c4cc]
2023-06-12 19:41:25 [main] [,] INFO   o.a.coyote.http11.Http11NioProtocol - Starting ProtocolHandler ["http-nio-8888"]
2023-06-12 19:41:25 [main] [,] INFO   o.s.b.w.e.tomcat.TomcatWebServer - Tomcat started on port(s): 8888 (http) with context path ''
2023-06-12 19:41:25 [main] [,] INFO   c.m.demo.config.server.ConfigServer - Started ConfigServer in 38.326 seconds (JVM running for 53.766)
2023-06-12 19:41:27 [http-nio-8888-exec-1] [,] INFO   o.a.c.c.C.[Tomcat].[localhost].[/] - Initializing Spring DispatcherServlet 'dispatcherServlet'
2023-06-12 19:41:27 [http-nio-8888-exec-1] [,] INFO   o.s.web.servlet.DispatcherServlet - Initializing Servlet 'dispatcherServlet'
2023-06-12 19:41:27 [http-nio-8888-exec-1] [,] INFO   o.s.web.servlet.DispatcherServlet - Completed initialization in 8 ms
2023-06-12 19:41:46 [http-nio-8888-exec-3] [,] INFO   o.s.c.c.s.e.NativeEnvironmentRepository - Adding property source: Config resource 'file [/tmp/config-repo-13637324444857915015/config-client-kafka_to_elastic.yml]' via location 'file:/tmp/config-repo-13637324444857915015/'
2023-06-12 19:41:46 [http-nio-8888-exec-3] [,] INFO   o.s.c.c.s.e.NativeEnvironmentRepository - Adding property source: Config resource 'file [/tmp/config-repo-13637324444857915015/config-client.yml]' via location 'file:/tmp/config-repo-13637324444857915015/'
2023-06-12 22:24:07 [background-preinit] [,] INFO   o.h.validator.internal.util.Version - HV000001: Hibernate Validator 6.2.5.Final
2023-06-12 22:24:43 [main] [,] INFO   c.m.demo.config.server.ConfigServer - No active profile set, falling back to 1 default profile: "default"
2023-06-12 22:25:07 [main] [,] INFO   o.s.cloud.context.scope.GenericScope - BeanFactory id=50e580af-6b53-3b55-9c0f-8f8fdb1b3d39
2023-06-12 22:25:11 [main] [,] INFO   o.s.b.w.e.tomcat.TomcatWebServer - Tomcat initialized with port(s): 8888 (http)
2023-06-12 22:25:11 [main] [,] INFO   o.a.coyote.http11.Http11NioProtocol - Initializing ProtocolHandler ["http-nio-8888"]
2023-06-12 22:25:11 [main] [,] INFO   o.a.catalina.core.StandardService - Starting service [Tomcat]
2023-06-12 22:25:11 [main] [,] INFO   o.a.catalina.core.StandardEngine - Starting Servlet engine: [Apache Tomcat/9.0.68]
2023-06-12 22:25:12 [main] [,] INFO   o.a.c.c.C.[Tomcat].[localhost].[/] - Initializing Spring embedded WebApplicationContext
2023-06-12 22:25:12 [main] [,] INFO   o.s.b.w.s.c.ServletWebServerApplicationContext - Root WebApplicationContext: initialization completed in 28144 ms
2023-06-12 22:25:17 [main] [,] WARN   o.s.s.c.a.web.builders.WebSecurity - You are asking Spring Security to ignore Ant [pattern='/actuator/**']. This is not recommended -- please use permitAll via HttpSecurity#authorizeHttpRequests instead.
2023-06-12 22:25:17 [main] [,] INFO   o.s.s.web.DefaultSecurityFilterChain - Will not secure Ant [pattern='/actuator/**']
2023-06-12 22:25:17 [main] [,] WARN   o.s.s.c.a.web.builders.WebSecurity - You are asking Spring Security to ignore Ant [pattern='/encrypt/**']. This is not recommended -- please use permitAll via HttpSecurity#authorizeHttpRequests instead.
2023-06-12 22:25:17 [main] [,] INFO   o.s.s.web.DefaultSecurityFilterChain - Will not secure Ant [pattern='/encrypt/**']
2023-06-12 22:25:17 [main] [,] WARN   o.s.s.c.a.web.builders.WebSecurity - You are asking Spring Security to ignore Ant [pattern='/decrypt/**']. This is not recommended -- please use permitAll via HttpSecurity#authorizeHttpRequests instead.
2023-06-12 22:25:17 [main] [,] INFO   o.s.s.web.DefaultSecurityFilterChain - Will not secure Ant [pattern='/decrypt/**']
2023-06-12 22:25:18 [main] [,] INFO   o.s.s.web.DefaultSecurityFilterChain - Will secure any request with [org.springframework.security.web.session.DisableEncodeUrlFilter@1e2445f6, org.springframework.security.web.context.request.async.WebAsyncManagerIntegrationFilter@17ec335a, org.springframework.security.web.context.SecurityContextPersistenceFilter@743c3520, org.springframework.security.web.header.HeaderWriterFilter@755b5f30, org.springframework.security.web.csrf.CsrfFilter@34edd065, org.springframework.security.web.authentication.logout.LogoutFilter@a91119b, org.springframework.security.web.authentication.UsernamePasswordAuthenticationFilter@10817f46, org.springframework.security.web.authentication.ui.DefaultLoginPageGeneratingFilter@120aa40b, org.springframework.security.web.authentication.ui.DefaultLogoutPageGeneratingFilter@284990de, org.springframework.security.web.authentication.www.BasicAuthenticationFilter@3a40bb52, org.springframework.security.web.savedrequest.RequestCacheAwareFilter@234cd86c, org.springframework.security.web.servletapi.SecurityContextHolderAwareRequestFilter@68e2d03e, org.springframework.security.web.authentication.AnonymousAuthenticationFilter@565d7d2f, org.springframework.security.web.session.SessionManagementFilter@272778ae, org.springframework.security.web.access.ExceptionTranslationFilter@785ed99c, org.springframework.security.web.access.intercept.FilterSecurityInterceptor@7741ae1b]
2023-06-12 22:25:27 [main] [,] INFO   o.a.coyote.http11.Http11NioProtocol - Starting ProtocolHandler ["http-nio-8888"]
2023-06-12 22:25:27 [main] [,] INFO   o.s.b.w.e.tomcat.TomcatWebServer - Tomcat started on port(s): 8888 (http) with context path ''
2023-06-12 22:25:27 [main] [,] INFO   c.m.demo.config.server.ConfigServer - Started ConfigServer in 85.12 seconds (JVM running for 101.632)
2023-06-12 22:25:28 [http-nio-8888-exec-1] [,] INFO   o.a.c.c.C.[Tomcat].[localhost].[/] - Initializing Spring DispatcherServlet 'dispatcherServlet'
2023-06-12 22:25:28 [http-nio-8888-exec-1] [,] INFO   o.s.web.servlet.DispatcherServlet - Initializing Servlet 'dispatcherServlet'
2023-06-12 22:25:28 [http-nio-8888-exec-1] [,] INFO   o.s.web.servlet.DispatcherServlet - Completed initialization in 10 ms
2023-06-12 22:25:47 [http-nio-8888-exec-3] [,] INFO   o.s.c.c.s.e.NativeEnvironmentRepository - Adding property source: Config resource 'file [/tmp/config-repo-18369441514560612915/config-client-kafka_to_elastic.yml]' via location 'file:/tmp/config-repo-18369441514560612915/'
2023-06-12 22:25:47 [http-nio-8888-exec-3] [,] INFO   o.s.c.c.s.e.NativeEnvironmentRepository - Adding property source: Config resource 'file [/tmp/config-repo-18369441514560612915/config-client.yml]' via location 'file:/tmp/config-repo-18369441514560612915/'
2023-06-12 22:30:26 [background-preinit] [,] INFO   o.h.validator.internal.util.Version - HV000001: Hibernate Validator 6.2.5.Final
2023-06-12 22:30:34 [main] [,] INFO   c.m.demo.config.server.ConfigServer - No active profile set, falling back to 1 default profile: "default"
2023-06-12 22:30:39 [main] [,] INFO   o.s.cloud.context.scope.GenericScope - BeanFactory id=50e580af-6b53-3b55-9c0f-8f8fdb1b3d39
2023-06-12 22:30:40 [main] [,] INFO   o.s.b.w.e.tomcat.TomcatWebServer - Tomcat initialized with port(s): 8888 (http)
2023-06-12 22:30:40 [main] [,] INFO   o.a.coyote.http11.Http11NioProtocol - Initializing ProtocolHandler ["http-nio-8888"]
2023-06-12 22:30:40 [main] [,] INFO   o.a.catalina.core.StandardService - Starting service [Tomcat]
2023-06-12 22:30:40 [main] [,] INFO   o.a.catalina.core.StandardEngine - Starting Servlet engine: [Apache Tomcat/9.0.68]
2023-06-12 22:30:41 [main] [,] INFO   o.a.c.c.C.[Tomcat].[localhost].[/] - Initializing Spring embedded WebApplicationContext
2023-06-12 22:30:41 [main] [,] INFO   o.s.b.w.s.c.ServletWebServerApplicationContext - Root WebApplicationContext: initialization completed in 7737 ms
2023-06-12 22:30:45 [main] [,] WARN   o.s.s.c.a.web.builders.WebSecurity - You are asking Spring Security to ignore Ant [pattern='/actuator/**']. This is not recommended -- please use permitAll via HttpSecurity#authorizeHttpRequests instead.
2023-06-12 22:30:45 [main] [,] INFO   o.s.s.web.DefaultSecurityFilterChain - Will not secure Ant [pattern='/actuator/**']
2023-06-12 22:30:45 [main] [,] WARN   o.s.s.c.a.web.builders.WebSecurity - You are asking Spring Security to ignore Ant [pattern='/encrypt/**']. This is not recommended -- please use permitAll via HttpSecurity#authorizeHttpRequests instead.
2023-06-12 22:30:45 [main] [,] INFO   o.s.s.web.DefaultSecurityFilterChain - Will not secure Ant [pattern='/encrypt/**']
2023-06-12 22:30:45 [main] [,] WARN   o.s.s.c.a.web.builders.WebSecurity - You are asking Spring Security to ignore Ant [pattern='/decrypt/**']. This is not recommended -- please use permitAll via HttpSecurity#authorizeHttpRequests instead.
2023-06-12 22:30:45 [main] [,] INFO   o.s.s.web.DefaultSecurityFilterChain - Will not secure Ant [pattern='/decrypt/**']
2023-06-12 22:30:45 [main] [,] INFO   o.s.s.web.DefaultSecurityFilterChain - Will secure any request with [org.springframework.security.web.session.DisableEncodeUrlFilter@d8835af, org.springframework.security.web.context.request.async.WebAsyncManagerIntegrationFilter@16681017, org.springframework.security.web.context.SecurityContextPersistenceFilter@2c06b113, org.springframework.security.web.header.HeaderWriterFilter@4652c74d, org.springframework.security.web.csrf.CsrfFilter@6f1fa1d0, org.springframework.security.web.authentication.logout.LogoutFilter@175c5c3a, org.springframework.security.web.authentication.UsernamePasswordAuthenticationFilter@1ee40b5c, org.springframework.security.web.authentication.ui.DefaultLoginPageGeneratingFilter@3c18942, org.springframework.security.web.authentication.ui.DefaultLogoutPageGeneratingFilter@6aae0e6f, org.springframework.security.web.authentication.www.BasicAuthenticationFilter@2d4a3e13, org.springframework.security.web.savedrequest.RequestCacheAwareFilter@785ed99c, org.springframework.security.web.servletapi.SecurityContextHolderAwareRequestFilter@2cccf134, org.springframework.security.web.authentication.AnonymousAuthenticationFilter@37775bb1, org.springframework.security.web.session.SessionManagementFilter@5ea7bc4, org.springframework.security.web.access.ExceptionTranslationFilter@c48b543, org.springframework.security.web.access.intercept.FilterSecurityInterceptor@7eb27768]
2023-06-12 22:30:54 [main] [,] INFO   o.a.coyote.http11.Http11NioProtocol - Starting ProtocolHandler ["http-nio-8888"]
2023-06-12 22:30:54 [main] [,] INFO   o.s.b.w.e.tomcat.TomcatWebServer - Tomcat started on port(s): 8888 (http) with context path ''
2023-06-12 22:30:54 [main] [,] INFO   c.m.demo.config.server.ConfigServer - Started ConfigServer in 34.05 seconds (JVM running for 46.343)
2023-06-12 22:30:54 [http-nio-8888-exec-1] [,] INFO   o.a.c.c.C.[Tomcat].[localhost].[/] - Initializing Spring DispatcherServlet 'dispatcherServlet'
2023-06-12 22:30:54 [http-nio-8888-exec-1] [,] INFO   o.s.web.servlet.DispatcherServlet - Initializing Servlet 'dispatcherServlet'
2023-06-12 22:30:54 [http-nio-8888-exec-1] [,] INFO   o.s.web.servlet.DispatcherServlet - Completed initialization in 8 ms
2023-06-12 22:31:12 [http-nio-8888-exec-3] [,] INFO   o.s.c.c.s.e.NativeEnvironmentRepository - Adding property source: Config resource 'file [/tmp/config-repo-12861664860459070557/config-client-kafka_to_elastic.yml]' via location 'file:/tmp/config-repo-12861664860459070557/'
2023-06-12 22:31:12 [http-nio-8888-exec-3] [,] INFO   o.s.c.c.s.e.NativeEnvironmentRepository - Adding property source: Config resource 'file [/tmp/config-repo-12861664860459070557/config-client.yml]' via location 'file:/tmp/config-repo-12861664860459070557/'
2023-06-12 23:02:13 [background-preinit] [,] INFO   o.h.validator.internal.util.Version - HV000001: Hibernate Validator 6.2.5.Final
2023-06-12 23:02:22 [main] [,] INFO   c.m.demo.config.server.ConfigServer - No active profile set, falling back to 1 default profile: "default"
2023-06-12 23:02:28 [main] [,] INFO   o.s.cloud.context.scope.GenericScope - BeanFactory id=50e580af-6b53-3b55-9c0f-8f8fdb1b3d39
2023-06-12 23:02:30 [main] [,] INFO   o.s.b.w.e.tomcat.TomcatWebServer - Tomcat initialized with port(s): 8888 (http)
2023-06-12 23:02:30 [main] [,] INFO   o.a.coyote.http11.Http11NioProtocol - Initializing ProtocolHandler ["http-nio-8888"]
2023-06-12 23:02:30 [main] [,] INFO   o.a.catalina.core.StandardService - Starting service [Tomcat]
2023-06-12 23:02:30 [main] [,] INFO   o.a.catalina.core.StandardEngine - Starting Servlet engine: [Apache Tomcat/9.0.68]
2023-06-12 23:02:30 [main] [,] INFO   o.a.c.c.C.[Tomcat].[localhost].[/] - Initializing Spring embedded WebApplicationContext
2023-06-12 23:02:30 [main] [,] INFO   o.s.b.w.s.c.ServletWebServerApplicationContext - Root WebApplicationContext: initialization completed in 8257 ms
2023-06-12 23:02:34 [main] [,] WARN   o.s.s.c.a.web.builders.WebSecurity - You are asking Spring Security to ignore Ant [pattern='/actuator/**']. This is not recommended -- please use permitAll via HttpSecurity#authorizeHttpRequests instead.
2023-06-12 23:02:34 [main] [,] INFO   o.s.s.web.DefaultSecurityFilterChain - Will not secure Ant [pattern='/actuator/**']
2023-06-12 23:02:34 [main] [,] WARN   o.s.s.c.a.web.builders.WebSecurity - You are asking Spring Security to ignore Ant [pattern='/encrypt/**']. This is not recommended -- please use permitAll via HttpSecurity#authorizeHttpRequests instead.
2023-06-12 23:02:34 [main] [,] INFO   o.s.s.web.DefaultSecurityFilterChain - Will not secure Ant [pattern='/encrypt/**']
2023-06-12 23:02:34 [main] [,] WARN   o.s.s.c.a.web.builders.WebSecurity - You are asking Spring Security to ignore Ant [pattern='/decrypt/**']. This is not recommended -- please use permitAll via HttpSecurity#authorizeHttpRequests instead.
2023-06-12 23:02:34 [main] [,] INFO   o.s.s.web.DefaultSecurityFilterChain - Will not secure Ant [pattern='/decrypt/**']
2023-06-12 23:02:34 [main] [,] INFO   o.s.s.web.DefaultSecurityFilterChain - Will secure any request with [org.springframework.security.web.session.DisableEncodeUrlFilter@7b9e25bd, org.springframework.security.web.context.request.async.WebAsyncManagerIntegrationFilter@2d206a71, org.springframework.security.web.context.SecurityContextPersistenceFilter@755b5f30, org.springframework.security.web.header.HeaderWriterFilter@696fad31, org.springframework.security.web.csrf.CsrfFilter@71d55b7e, org.springframework.security.web.authentication.logout.LogoutFilter@3cb6e0ee, org.springframework.security.web.authentication.UsernamePasswordAuthenticationFilter@7741ae1b, org.springframework.security.web.authentication.ui.DefaultLoginPageGeneratingFilter@2c48cede, org.springframework.security.web.authentication.ui.DefaultLogoutPageGeneratingFilter@37e7c4cc, org.springframework.security.web.authentication.www.BasicAuthenticationFilter@6aae0e6f, org.springframework.security.web.savedrequest.RequestCacheAwareFilter@272778ae, org.springframework.security.web.servletapi.SecurityContextHolderAwareRequestFilter@234cd86c, org.springframework.security.web.authentication.AnonymousAuthenticationFilter@3a40bb52, org.springframework.security.web.session.SessionManagementFilter@7a64cb0c, org.springframework.security.web.access.ExceptionTranslationFilter@5ea7bc4, org.springframework.security.web.access.intercept.FilterSecurityInterceptor@325162e9]
2023-06-12 23:02:43 [main] [,] INFO   o.a.coyote.http11.Http11NioProtocol - Starting ProtocolHandler ["http-nio-8888"]
2023-06-12 23:02:44 [main] [,] INFO   o.s.b.w.e.tomcat.TomcatWebServer - Tomcat started on port(s): 8888 (http) with context path ''
2023-06-12 23:02:44 [main] [,] INFO   c.m.demo.config.server.ConfigServer - Started ConfigServer in 37.486 seconds (JVM running for 51.991)
2023-06-12 23:02:44 [http-nio-8888-exec-1] [,] INFO   o.a.c.c.C.[Tomcat].[localhost].[/] - Initializing Spring DispatcherServlet 'dispatcherServlet'
2023-06-12 23:02:44 [http-nio-8888-exec-1] [,] INFO   o.s.web.servlet.DispatcherServlet - Initializing Servlet 'dispatcherServlet'
2023-06-12 23:02:44 [http-nio-8888-exec-1] [,] INFO   o.s.web.servlet.DispatcherServlet - Completed initialization in 10 ms
2023-06-12 23:03:03 [http-nio-8888-exec-3] [,] INFO   o.s.c.c.s.e.NativeEnvironmentRepository - Adding property source: Config resource 'file [/tmp/config-repo-15517558049848940252/config-client-kafka_to_elastic.yml]' via location 'file:/tmp/config-repo-15517558049848940252/'
2023-06-12 23:03:03 [http-nio-8888-exec-3] [,] INFO   o.s.c.c.s.e.NativeEnvironmentRepository - Adding property source: Config resource 'file [/tmp/config-repo-15517558049848940252/config-client.yml]' via location 'file:/tmp/config-repo-15517558049848940252/'
2023-06-12 23:12:52 [background-preinit] [,] INFO   o.h.validator.internal.util.Version - HV000001: Hibernate Validator 6.2.5.Final
2023-06-12 23:13:02 [main] [,] INFO   c.m.demo.config.server.ConfigServer - No active profile set, falling back to 1 default profile: "default"
2023-06-12 23:13:08 [main] [,] INFO   o.s.cloud.context.scope.GenericScope - BeanFactory id=50e580af-6b53-3b55-9c0f-8f8fdb1b3d39
2023-06-12 23:13:10 [main] [,] INFO   o.s.b.w.e.tomcat.TomcatWebServer - Tomcat initialized with port(s): 8888 (http)
2023-06-12 23:13:10 [main] [,] INFO   o.a.coyote.http11.Http11NioProtocol - Initializing ProtocolHandler ["http-nio-8888"]
2023-06-12 23:13:10 [main] [,] INFO   o.a.catalina.core.StandardService - Starting service [Tomcat]
2023-06-12 23:13:10 [main] [,] INFO   o.a.catalina.core.StandardEngine - Starting Servlet engine: [Apache Tomcat/9.0.68]
2023-06-12 23:13:10 [main] [,] INFO   o.a.c.c.C.[Tomcat].[localhost].[/] - Initializing Spring embedded WebApplicationContext
2023-06-12 23:13:10 [main] [,] INFO   o.s.b.w.s.c.ServletWebServerApplicationContext - Root WebApplicationContext: initialization completed in 7718 ms
2023-06-12 23:13:14 [main] [,] WARN   o.s.s.c.a.web.builders.WebSecurity - You are asking Spring Security to ignore Ant [pattern='/actuator/**']. This is not recommended -- please use permitAll via HttpSecurity#authorizeHttpRequests instead.
2023-06-12 23:13:14 [main] [,] INFO   o.s.s.web.DefaultSecurityFilterChain - Will not secure Ant [pattern='/actuator/**']
2023-06-12 23:13:14 [main] [,] WARN   o.s.s.c.a.web.builders.WebSecurity - You are asking Spring Security to ignore Ant [pattern='/encrypt/**']. This is not recommended -- please use permitAll via HttpSecurity#authorizeHttpRequests instead.
2023-06-12 23:13:14 [main] [,] INFO   o.s.s.web.DefaultSecurityFilterChain - Will not secure Ant [pattern='/encrypt/**']
2023-06-12 23:13:14 [main] [,] WARN   o.s.s.c.a.web.builders.WebSecurity - You are asking Spring Security to ignore Ant [pattern='/decrypt/**']. This is not recommended -- please use permitAll via HttpSecurity#authorizeHttpRequests instead.
2023-06-12 23:13:14 [main] [,] INFO   o.s.s.web.DefaultSecurityFilterChain - Will not secure Ant [pattern='/decrypt/**']
2023-06-12 23:13:14 [main] [,] INFO   o.s.s.web.DefaultSecurityFilterChain - Will secure any request with [org.springframework.security.web.session.DisableEncodeUrlFilter@d8835af, org.springframework.security.web.context.request.async.WebAsyncManagerIntegrationFilter@16681017, org.springframework.security.web.context.SecurityContextPersistenceFilter@2c06b113, org.springframework.security.web.header.HeaderWriterFilter@4652c74d, org.springframework.security.web.csrf.CsrfFilter@6f1fa1d0, org.springframework.security.web.authentication.logout.LogoutFilter@175c5c3a, org.springframework.security.web.authentication.UsernamePasswordAuthenticationFilter@1ee40b5c, org.springframework.security.web.authentication.ui.DefaultLoginPageGeneratingFilter@3c18942, org.springframework.security.web.authentication.ui.DefaultLogoutPageGeneratingFilter@6aae0e6f, org.springframework.security.web.authentication.www.BasicAuthenticationFilter@2d4a3e13, org.springframework.security.web.savedrequest.RequestCacheAwareFilter@785ed99c, org.springframework.security.web.servletapi.SecurityContextHolderAwareRequestFilter@2cccf134, org.springframework.security.web.authentication.AnonymousAuthenticationFilter@37775bb1, org.springframework.security.web.session.SessionManagementFilter@5ea7bc4, org.springframework.security.web.access.ExceptionTranslationFilter@c48b543, org.springframework.security.web.access.intercept.FilterSecurityInterceptor@7eb27768]
2023-06-12 23:13:23 [main] [,] INFO   o.a.coyote.http11.Http11NioProtocol - Starting ProtocolHandler ["http-nio-8888"]
2023-06-12 23:13:23 [main] [,] INFO   o.s.b.w.e.tomcat.TomcatWebServer - Tomcat started on port(s): 8888 (http) with context path ''
2023-06-12 23:13:23 [main] [,] INFO   c.m.demo.config.server.ConfigServer - Started ConfigServer in 38.755 seconds (JVM running for 49.639)
2023-06-12 23:13:24 [http-nio-8888-exec-1] [,] INFO   o.a.c.c.C.[Tomcat].[localhost].[/] - Initializing Spring DispatcherServlet 'dispatcherServlet'
2023-06-12 23:13:24 [http-nio-8888-exec-1] [,] INFO   o.s.web.servlet.DispatcherServlet - Initializing Servlet 'dispatcherServlet'
2023-06-12 23:13:24 [http-nio-8888-exec-1] [,] INFO   o.s.web.servlet.DispatcherServlet - Completed initialization in 4 ms
2023-06-12 23:13:48 [http-nio-8888-exec-3] [,] INFO   o.s.c.c.s.e.NativeEnvironmentRepository - Adding property source: Config resource 'file [/tmp/config-repo-12661005439719445037/config-client-kafka_to_elastic.yml]' via location 'file:/tmp/config-repo-12661005439719445037/'
2023-06-12 23:13:48 [http-nio-8888-exec-3] [,] INFO   o.s.c.c.s.e.NativeEnvironmentRepository - Adding property source: Config resource 'file [/tmp/config-repo-12661005439719445037/config-client.yml]' via location 'file:/tmp/config-repo-12661005439719445037/'
